12.5504 	WARNING 	User requested fullscreen with size [1024  768], but screen is actually [1920, 1080]. Using actual size
13.2242 	EXP 	Created window1 = Window(allowGUI=True, allowStencil=True, autoLog=True, backendConf=UNKNOWN, backgroundFit=<method-wrapper '__getattribute__' of attributeSetter object at 0x0000022B416E4CD0>, backgroundImage=<method-wrapper '__getattribute__' of attributeSetter object at 0x0000022B416E4C70>, bitsMode=UNKNOWN, blendMode='avg', bpc=(8, 8, 8), color=array([0, 0, 0]), colorSpace='rgb', depthBits=8, fullscr=<method-wrapper '__getattribute__' of attributeSetter object at 0x0000022B416E4AF0>, gamma=None, gammaErrorPolicy='raise', lms=UNKNOWN, monitor=<psychopy.monitors.calibTools.Monitor object at 0x0000022B41A74490>, multiSample=False, name='window1', numSamples=2, pos=(0, 0), screen=0, size=array([1920, 1080]), stencilBits=8, stereo=False, title='PsychoPy', units='height', useFBO=True, useRetina=False, viewOri=0.0, viewPos=None, viewScale=None, waitBlanking=True, winType='pyglet')
13.2243 	EXP 	window1: mouseVisible = True
13.2243 	EXP 	window1: backgroundImage = ''
13.2243 	EXP 	window1: backgroundFit = 'none'
13.2258 	EXP 	window1: Attempting to measure frame rate of screen (0) ...
13.2258 	EXP 	window1: recordFrameIntervals = False
13.2928 	EXP 	window1: recordFrameIntervals = True
13.3709 	WARNING 	t of last frame was 8.35ms (=1/119)
13.3713 	EXP 	Screen (0) actual frame rate measured at 140.70Hz
13.3713 	EXP 	window1: recordFrameIntervals = False
13.3715 	EXP 	window1: mouseVisible = False
15.2652 	EXP 	clock: status = STARTED
15.2656 	EXP 	window1: mouseVisible = True
15.4052 	EXP 	Created instructions = TextStim(__class__=<class 'psychopy.visual.text.TextStim'>, alignHoriz=method-wrapper(...), alignText='center', alignVert=method-wrapper(...), anchorHoriz='center', anchorVert='center', antialias=True, autoDraw=False, autoLog=True, bold=False, color=array([1., 1., 1.]), colorSpace='rgb', contrast=1.0, depth=0.0, draggable=False, flipHoriz=False, flipVert=False, font='Arial', fontFiles=[], height=0.05, italic=False, languageStyle='LTR', name='instructions', opacity=1.0, ori=0, pos=array([0., 0.]), rgb=UNKNOWN, text=str(...), units='height', win=Window(...), wrapWidth=1)
15.4053 	EXP 	window1: mouseVisible = True
15.4167 	EXP 	Created clock = ImageStim(__class__=<class 'psychopy.visual.image.ImageStim'>, anchor=('center', 'center'), autoLog=True, color=array([1., 1., 1.]), colorSpace='rgb', contrast=1.0, depth=0.0, draggable=False, flipHoriz=False, flipVert=False, image='default.png', interpolate=True, mask=None, maskParams=None, name='clock', opacity=1.0, ori=0.0, pos=array([0., 0.]), size=array([0.9, 0.9]), texRes=128, units='height', win=Window(...))
15.4168 	EXP 	window1: mouseVisible = True
15.8103 	EXP 	Created fixation = ImageStim(__class__=<class 'psychopy.visual.image.ImageStim'>, anchor=('center', 'center'), autoLog=True, color=array([1., 1., 1.]), colorSpace='rgb', contrast=1.0, depth=-1.0, draggable=False, flipHoriz=False, flipVert=False, image='images/00.png', interpolate=True, mask=None, maskParams=None, name='fixation', opacity=1.0, ori=0.0, pos=array([0., 0.]), size=array([0.9, 0.9]), texRes=128, units='height', win=Window(...))
15.8105 	EXP 	window1: mouseVisible = True
15.8130 	EXP 	Created text = TextStim(__class__=<class 'psychopy.visual.text.TextStim'>, alignHoriz=method-wrapper(...), alignText='center', alignVert=method-wrapper(...), anchorHoriz='center', anchorVert='center', antialias=True, autoDraw=False, autoLog=True, bold=False, color=array([1., 1., 1.]), colorSpace='rgb', contrast=1.0, depth=-4.0, draggable=False, flipHoriz=False, flipVert=False, font='Open Sans', fontFiles=[], height=0.05, italic=False, languageStyle='LTR', name='text', opacity=1.0, ori=0.0, pos=array([0., 0.]), rgb=UNKNOWN, text='', units='height', win=Window(...), wrapWidth=1)
16.0577 	EXP 	window1: mouseVisible = True
16.0579 	EXP 	window1: mouseVisible = True
16.0584 	EXP 	window1: mouseVisible = True
16.0589 	EXP 	window1: mouseVisible = True
16.0656 	EXP 	window1: mouseVisible = True
16.0657 	EXP 	window1: mouseVisible = True
16.0663 	EXP 	window1: mouseVisible = True
16.0668 	EXP 	window1: mouseVisible = True
16.0894 	EXP 	window1: mouseVisible = True
16.1019 	EXP 	Created text_4 = TextStim(__class__=<class 'psychopy.visual.text.TextStim'>, alignHoriz=method-wrapper(...), alignText='center', alignVert=method-wrapper(...), anchorHoriz='center', anchorVert='center', antialias=True, autoDraw=False, autoLog=True, bold=False, color=array([1., 1., 1.]), colorSpace='rgb', contrast=1.0, depth=-2.0, draggable=False, flipHoriz=False, flipVert=False, font='Open Sans', fontFiles=[], height=0.05, italic=False, languageStyle='LTR', name='text_4', opacity=1.0, ori=0.0, pos=array([0. , 0.3]), rgb=UNKNOWN, text=str(...), units='height', win=Window(...), wrapWidth=1)
16.1021 	EXP 	window1: mouseVisible = True
16.1023 	EXP 	window1: mouseVisible = True
16.1029 	EXP 	window1: mouseVisible = True
16.1034 	EXP 	window1: mouseVisible = True
16.1067 	EXP 	window1: mouseVisible = True
16.1069 	EXP 	window1: mouseVisible = True
16.1073 	EXP 	window1: mouseVisible = True
16.1078 	EXP 	window1: mouseVisible = True
16.1316 	EXP 	window1: mouseVisible = True
16.1369 	EXP 	Created text_5 = TextStim(__class__=<class 'psychopy.visual.text.TextStim'>, alignHoriz=method-wrapper(...), alignText='center', alignVert=method-wrapper(...), anchorHoriz='center', anchorVert='center', antialias=True, autoDraw=False, autoLog=True, bold=False, color=array([1., 1., 1.]), colorSpace='rgb', contrast=1.0, depth=-2.0, draggable=False, flipHoriz=False, flipVert=False, font='Open Sans', fontFiles=[], height=0.05, italic=False, languageStyle='LTR', name='text_5', opacity=1.0, ori=0.0, pos=array([0. , 0.3]), rgb=UNKNOWN, text='How many skips were present in the task?', units='height', win=Window(...), wrapWidth=1)
16.1433 	EXP 	window1: mouseVisible = True
16.1436 	EXP 	window1: mouseVisible = True
16.1471 	EXP 	window1: mouseVisible = True
16.1488 	EXP 	window1: mouseVisible = True
16.1702 	EXP 	Created slider = Slider(__class__=<class 'psychopy.visual.slider.Slider'>, autoDraw=False, autoLog=True, borderColor=None, color=None, colorSpace='rgb', depth=-1, fillColor=None, flip=False, font='Open Sans', granularity=0.0, labelColor=None, labelHeight=0.05, labelWrapWidth=None, labels=None, lineColor=None, markerColor=None, name='slider', opacity=None, ori=0.0, pos=array([ 0. , -0.3]), readOnly=False, self=UNKNOWN, size=array([1. , 0.1]), startValue=None, style='rating', styleTweaks=[], ticks=array([ 1,  2,  3,  4,  5,  6,  7,  8,  9, 10]), units='height', win=Window(...))
16.1702 	EXP 	window1: mouseVisible = True
16.1735 	EXP 	Created text_3 = TextStim(__class__=<class 'psychopy.visual.text.TextStim'>, alignHoriz=method-wrapper(...), alignText='center', alignVert=method-wrapper(...), anchorHoriz='center', anchorVert='center', antialias=True, autoDraw=False, autoLog=True, bold=False, color=array([1., 1., 1.]), colorSpace='rgb', contrast=1.0, depth=-2.0, draggable=False, flipHoriz=False, flipVert=False, font='Open Sans', fontFiles=[], height=0.05, italic=False, languageStyle='LTR', name='text_3', opacity=1.0, ori=0.0, pos=array([0.  , 0.25]), rgb=UNKNOWN, text='How well do you think you did?', units='height', win=Window(...), wrapWidth=1)
16.1737 	EXP 	window1: mouseVisible = True
16.1739 	EXP 	window1: mouseVisible = True
16.1746 	EXP 	window1: mouseVisible = True
16.1750 	EXP 	window1: mouseVisible = True
16.1784 	EXP 	window1: mouseVisible = True
16.1785 	EXP 	window1: mouseVisible = True
16.1790 	EXP 	window1: mouseVisible = True
16.1794 	EXP 	window1: mouseVisible = True
16.1880 	EXP 	window1: mouseVisible = True
16.1957 	EXP 	Created text_6 = TextStim(__class__=<class 'psychopy.visual.text.TextStim'>, alignHoriz=method-wrapper(...), alignText='center', alignVert=method-wrapper(...), anchorHoriz='center', anchorVert='center', antialias=True, autoDraw=False, autoLog=True, bold=False, color=array([1., 1., 1.]), colorSpace='rgb', contrast=1.0, depth=-2.0, draggable=False, flipHoriz=False, flipVert=False, font='Open Sans', fontFiles=[], height=0.05, italic=False, languageStyle='LTR', name='text_6', opacity=1.0, ori=0.0, pos=array([0. , 0.3]), rgb=UNKNOWN, text='Did you like the experiment? Any suggestions?', units='height', win=Window(...), wrapWidth=1)
16.1958 	EXP 	window1: mouseVisible = True
16.2039 	EXP 	Created instructions_2 = TextStim(__class__=<class 'psychopy.visual.text.TextStim'>, alignHoriz=method-wrapper(...), alignText='center', alignVert=method-wrapper(...), anchorHoriz='center', anchorVert='center', antialias=True, autoDraw=False, autoLog=True, bold=False, color=array([1., 1., 1.]), colorSpace='rgb', contrast=1.0, depth=0.0, draggable=False, flipHoriz=False, flipVert=False, font='Arial', fontFiles=[], height=0.05, italic=False, languageStyle='LTR', name='instructions_2', opacity=1.0, ori=0, pos=array([0., 0.]), rgb=UNKNOWN, text=str(...), units='height', win=Window(...), wrapWidth=1)
16.2040 	EXP 	window1: mouseVisible = True
16.2152 	EXP 	Created clock_2 = ImageStim(__class__=<class 'psychopy.visual.image.ImageStim'>, anchor=('center', 'center'), autoLog=True, color=array([1., 1., 1.]), colorSpace='rgb', contrast=1.0, depth=0.0, draggable=False, flipHoriz=False, flipVert=False, image='default.png', interpolate=True, mask=None, maskParams=None, name='clock_2', opacity=1.0, ori=0.0, pos=array([0., 0.]), size=array([0.9, 0.9]), texRes=128, units='height', win=Window(...))
16.2153 	EXP 	window1: mouseVisible = True
16.6436 	EXP 	Created fixation_2 = ImageStim(__class__=<class 'psychopy.visual.image.ImageStim'>, anchor=('center', 'center'), autoLog=True, color=array([1., 1., 1.]), colorSpace='rgb', contrast=1.0, depth=-1.0, draggable=False, flipHoriz=False, flipVert=False, image='images/00.png', interpolate=True, mask=None, maskParams=None, name='fixation_2', opacity=1.0, ori=0.0, pos=array([0., 0.]), size=array([0.9, 0.9]), texRes=128, units='height', win=Window(...))
16.6437 	EXP 	window1: mouseVisible = True
16.6449 	EXP 	Created text_2 = TextStim(__class__=<class 'psychopy.visual.text.TextStim'>, alignHoriz=method-wrapper(...), alignText='center', alignVert=method-wrapper(...), anchorHoriz='center', anchorVert='center', antialias=True, autoDraw=False, autoLog=True, bold=False, color=array([1., 1., 1.]), colorSpace='rgb', contrast=1.0, depth=-4.0, draggable=False, flipHoriz=False, flipVert=False, font='Open Sans', fontFiles=[], height=0.05, italic=False, languageStyle='LTR', name='text_2', opacity=1.0, ori=0.0, pos=array([0., 0.]), rgb=UNKNOWN, text='', units='height', win=Window(...), wrapWidth=1)
16.7223 	EXP 	window1: mouseVisible = True
16.7225 	EXP 	window1: mouseVisible = True
16.7230 	EXP 	window1: mouseVisible = True
16.7235 	EXP 	window1: mouseVisible = True
16.7270 	EXP 	window1: mouseVisible = True
16.7272 	EXP 	window1: mouseVisible = True
16.7276 	EXP 	window1: mouseVisible = True
16.7282 	EXP 	window1: mouseVisible = True
16.7313 	EXP 	window1: mouseVisible = True
16.7349 	EXP 	Created text_4 = TextStim(__class__=<class 'psychopy.visual.text.TextStim'>, alignHoriz=method-wrapper(...), alignText='center', alignVert=method-wrapper(...), anchorHoriz='center', anchorVert='center', antialias=True, autoDraw=False, autoLog=True, bold=False, color=array([1., 1., 1.]), colorSpace='rgb', contrast=1.0, depth=-2.0, draggable=False, flipHoriz=False, flipVert=False, font='Open Sans', fontFiles=[], height=0.05, italic=False, languageStyle='LTR', name='text_4', opacity=1.0, ori=0.0, pos=array([0. , 0.3]), rgb=UNKNOWN, text=str(...), units='height', win=Window(...), wrapWidth=1)
16.7352 	EXP 	window1: mouseVisible = True
16.7353 	EXP 	window1: mouseVisible = True
16.7358 	EXP 	window1: mouseVisible = True
16.7362 	EXP 	window1: mouseVisible = True
16.7393 	EXP 	window1: mouseVisible = True
16.7394 	EXP 	window1: mouseVisible = True
16.7399 	EXP 	window1: mouseVisible = True
16.7404 	EXP 	window1: mouseVisible = True
16.7433 	EXP 	window1: mouseVisible = True
16.7465 	EXP 	Created text_5 = TextStim(__class__=<class 'psychopy.visual.text.TextStim'>, alignHoriz=method-wrapper(...), alignText='center', alignVert=method-wrapper(...), anchorHoriz='center', anchorVert='center', antialias=True, autoDraw=False, autoLog=True, bold=False, color=array([1., 1., 1.]), colorSpace='rgb', contrast=1.0, depth=-2.0, draggable=False, flipHoriz=False, flipVert=False, font='Open Sans', fontFiles=[], height=0.05, italic=False, languageStyle='LTR', name='text_5', opacity=1.0, ori=0.0, pos=array([0. , 0.3]), rgb=UNKNOWN, text='How many skips were present in the task?', units='height', win=Window(...), wrapWidth=1)
16.7497 	EXP 	window1: mouseVisible = True
16.7501 	EXP 	window1: mouseVisible = True
16.7551 	EXP 	window1: mouseVisible = True
16.7570 	EXP 	window1: mouseVisible = True
16.7791 	EXP 	Created slider = Slider(__class__=<class 'psychopy.visual.slider.Slider'>, autoDraw=False, autoLog=True, borderColor=None, color=None, colorSpace='rgb', depth=-1, fillColor=None, flip=False, font='Open Sans', granularity=0.0, labelColor=None, labelHeight=0.05, labelWrapWidth=None, labels=None, lineColor=None, markerColor=None, name='slider', opacity=None, ori=0.0, pos=array([ 0. , -0.3]), readOnly=False, self=UNKNOWN, size=array([1. , 0.1]), startValue=None, style='rating', styleTweaks=[], ticks=array([ 1,  2,  3,  4,  5,  6,  7,  8,  9, 10]), units='height', win=Window(...))
16.7793 	EXP 	window1: mouseVisible = True
16.7824 	EXP 	Created text_3 = TextStim(__class__=<class 'psychopy.visual.text.TextStim'>, alignHoriz=method-wrapper(...), alignText='center', alignVert=method-wrapper(...), anchorHoriz='center', anchorVert='center', antialias=True, autoDraw=False, autoLog=True, bold=False, color=array([1., 1., 1.]), colorSpace='rgb', contrast=1.0, depth=-2.0, draggable=False, flipHoriz=False, flipVert=False, font='Open Sans', fontFiles=[], height=0.05, italic=False, languageStyle='LTR', name='text_3', opacity=1.0, ori=0.0, pos=array([0.  , 0.25]), rgb=UNKNOWN, text='How well do you think you did?', units='height', win=Window(...), wrapWidth=1)
16.7826 	EXP 	window1: mouseVisible = True
16.7828 	EXP 	window1: mouseVisible = True
16.7833 	EXP 	window1: mouseVisible = True
16.7837 	EXP 	window1: mouseVisible = True
16.7870 	EXP 	window1: mouseVisible = True
16.7872 	EXP 	window1: mouseVisible = True
16.7876 	EXP 	window1: mouseVisible = True
16.7881 	EXP 	window1: mouseVisible = True
16.7911 	EXP 	window1: mouseVisible = True
16.7953 	EXP 	Created text_6 = TextStim(__class__=<class 'psychopy.visual.text.TextStim'>, alignHoriz=method-wrapper(...), alignText='center', alignVert=method-wrapper(...), anchorHoriz='center', anchorVert='center', antialias=True, autoDraw=False, autoLog=True, bold=False, color=array([1., 1., 1.]), colorSpace='rgb', contrast=1.0, depth=-2.0, draggable=False, flipHoriz=False, flipVert=False, font='Open Sans', fontFiles=[], height=0.05, italic=False, languageStyle='LTR', name='text_6', opacity=1.0, ori=0.0, pos=array([0. , 0.3]), rgb=UNKNOWN, text='Did you like the experiment? Any suggestions?', units='height', win=Window(...), wrapWidth=1)
16.7954 	EXP 	window1: mouseVisible = True
16.8002 	EXP 	Created thank_you = TextStim(__class__=<class 'psychopy.visual.text.TextStim'>, alignHoriz=method-wrapper(...), alignText='center', alignVert=method-wrapper(...), anchorHoriz='center', anchorVert='center', antialias=True, autoDraw=False, autoLog=True, bold=False, color=array([1., 1., 1.]), colorSpace='rgb', contrast=1.0, depth=0.0, draggable=False, flipHoriz=False, flipVert=False, font='Arial', fontFiles=[], height=0.05, italic=False, languageStyle='LTR', name='thank_you', opacity=1.0, ori=0, pos=array([0., 0.]), rgb=UNKNOWN, text=str(...), units='height', win=Window(...), wrapWidth=1)
0.0858 	EXP 	duration: autoLog = True
0.0858 	EXP 	skips: autoLog = True
0.0858 	EXP 	slider: autoLog = True
0.0858 	EXP 	slider: styleTweaks = []
0.0858 	EXP 	slider: styleTweaks = []
0.0858 	EXP 	slider: styleTweaks = []
0.0858 	EXP 	slider: styleTweaks = []
0.0858 	EXP 	slider: contrast = 1.0
0.0858 	EXP 	slider: markerPos = None
0.0858 	EXP 	slider: autoLog = True
0.0858 	EXP 	suggestions: autoLog = True
0.0858 	EXP 	duration: autoLog = True
0.0858 	EXP 	skips: autoLog = True
0.0858 	EXP 	slider: autoLog = True
0.0858 	EXP 	slider: styleTweaks = []
0.0858 	EXP 	slider: styleTweaks = []
0.0858 	EXP 	slider: styleTweaks = []
0.0858 	EXP 	slider: styleTweaks = []
0.0858 	EXP 	slider: contrast = 1.0
0.0858 	EXP 	slider: markerPos = None
0.0858 	EXP 	slider: autoLog = True
0.0858 	EXP 	suggestions: autoLog = True
0.0952 	EXP 	instructions: autoDraw = True
4.2582 	EXP 	Imported conditions.xlsx as conditions, 45 conditions, 2 params
4.2589 	EXP 	Created sequence: sequential, trialTypes=45, nReps=1, seed=None
4.2590 	EXP 	New trial (rep=0, index=0): {'picture': 'images/01.png', 'corrAns': None}
4.4321 	EXP 	Sound  started
4.4344 	DATA 	Keypress: space
4.4368 	EXP 	instructions: autoDraw = False
4.4368 	EXP 	clock: image = 'images/01.png'
4.4368 	EXP 	clock: autoDraw = True
4.4368 	EXP 	fixation: autoDraw = True
4.4368 	EXP 	text: autoDraw = True
4.4368 	EXP 	text: height = 0.05
4.4368 	EXP 	text: height = 0.05
4.4368 	EXP 	text: height = 0.05
4.4368 	EXP 	text: text = ''
5.4371 	EXP 	clock: autoDraw = False
6.2245 	DATA 	Keypress: lwindows
6.2577 	EXP 	New trial (rep=0, index=1): {'picture': 'images/02.png', 'corrAns': None}
6.3136 	EXP 	clock: autoDraw = False
6.3136 	EXP 	fixation: autoDraw = False
6.3136 	EXP 	text: autoDraw = False
6.3136 	EXP 	clock: image = 'images/02.png'
6.3136 	EXP 	clock: autoDraw = True
6.3136 	EXP 	fixation: autoDraw = True
6.3136 	EXP 	text: autoDraw = True
7.3241 	EXP 	clock: autoDraw = False
8.2683 	EXP 	New trial (rep=0, index=2): {'picture': 'images/03.png', 'corrAns': None}
8.3690 	EXP 	clock: autoDraw = False
8.3690 	EXP 	fixation: autoDraw = False
8.3690 	EXP 	text: autoDraw = False
8.3690 	EXP 	clock: image = 'images/03.png'
8.3690 	EXP 	clock: autoDraw = True
8.3690 	EXP 	fixation: autoDraw = True
8.3690 	EXP 	text: autoDraw = True
9.3740 	EXP 	clock: autoDraw = False
10.2536 	EXP 	New trial (rep=0, index=3): {'picture': 'images/05.png', 'corrAns': 'space'}
10.3190 	EXP 	clock: autoDraw = False
10.3190 	EXP 	fixation: autoDraw = False
10.3190 	EXP 	text: autoDraw = False
10.3190 	EXP 	clock: image = 'images/05.png'
10.3190 	EXP 	clock: autoDraw = True
10.3190 	EXP 	fixation: autoDraw = True
10.3190 	EXP 	text: autoDraw = True
11.3246 	EXP 	clock: autoDraw = False
12.2556 	EXP 	New trial (rep=0, index=4): {'picture': 'images/06.png', 'corrAns': None}
12.3097 	EXP 	clock: autoDraw = False
12.3097 	EXP 	fixation: autoDraw = False
12.3097 	EXP 	text: autoDraw = False
12.3097 	EXP 	clock: image = 'images/06.png'
12.3097 	EXP 	clock: autoDraw = True
12.3097 	EXP 	fixation: autoDraw = True
12.3097 	EXP 	text: autoDraw = True
13.3109 	EXP 	clock: autoDraw = False
14.2554 	EXP 	New trial (rep=0, index=5): {'picture': 'images/08.png', 'corrAns': 'space'}
14.3102 	EXP 	clock: autoDraw = False
14.3102 	EXP 	fixation: autoDraw = False
14.3102 	EXP 	text: autoDraw = False
14.3102 	EXP 	clock: image = 'images/08.png'
14.3102 	EXP 	clock: autoDraw = True
14.3102 	EXP 	fixation: autoDraw = True
14.3102 	EXP 	text: autoDraw = True
15.3107 	EXP 	clock: autoDraw = False
16.2559 	EXP 	New trial (rep=0, index=6): {'picture': 'images/10.png', 'corrAns': 'space'}
16.3159 	EXP 	clock: autoDraw = False
16.3159 	EXP 	fixation: autoDraw = False
16.3159 	EXP 	text: autoDraw = False
16.3159 	EXP 	clock: image = 'images/10.png'
16.3159 	EXP 	clock: autoDraw = True
16.3159 	EXP 	fixation: autoDraw = True
16.3159 	EXP 	text: autoDraw = True
17.3190 	EXP 	clock: autoDraw = False
18.2555 	EXP 	New trial (rep=0, index=7): {'picture': 'images/11.png', 'corrAns': None}
18.3099 	EXP 	clock: autoDraw = False
18.3099 	EXP 	fixation: autoDraw = False
18.3099 	EXP 	text: autoDraw = False
18.3099 	EXP 	clock: image = 'images/11.png'
18.3099 	EXP 	clock: autoDraw = True
18.3099 	EXP 	fixation: autoDraw = True
18.3099 	EXP 	text: autoDraw = True
19.3107 	EXP 	clock: autoDraw = False
20.2519 	EXP 	New trial (rep=0, index=8): {'picture': 'images/13.png', 'corrAns': 'space'}
20.3308 	EXP 	clock: autoDraw = False
20.3308 	EXP 	fixation: autoDraw = False
20.3308 	EXP 	text: autoDraw = False
20.3308 	EXP 	clock: image = 'images/13.png'
20.3308 	EXP 	clock: autoDraw = True
20.3308 	EXP 	fixation: autoDraw = True
20.3308 	EXP 	text: autoDraw = True
21.3317 	EXP 	clock: autoDraw = False
22.2562 	EXP 	New trial (rep=0, index=9): {'picture': 'images/14.png', 'corrAns': None}
22.3111 	EXP 	clock: autoDraw = False
22.3111 	EXP 	fixation: autoDraw = False
22.3111 	EXP 	text: autoDraw = False
22.3111 	EXP 	clock: image = 'images/14.png'
22.3111 	EXP 	clock: autoDraw = True
22.3111 	EXP 	fixation: autoDraw = True
22.3111 	EXP 	text: autoDraw = True
23.3108 	EXP 	clock: autoDraw = False
24.2555 	EXP 	New trial (rep=0, index=10): {'picture': 'images/15.png', 'corrAns': None}
24.3105 	EXP 	clock: autoDraw = False
24.3105 	EXP 	fixation: autoDraw = False
24.3105 	EXP 	text: autoDraw = False
24.3105 	EXP 	clock: image = 'images/15.png'
24.3105 	EXP 	clock: autoDraw = True
24.3105 	EXP 	fixation: autoDraw = True
24.3105 	EXP 	text: autoDraw = True
25.3107 	EXP 	clock: autoDraw = False
26.2559 	EXP 	New trial (rep=0, index=11): {'picture': 'images/16.png', 'corrAns': None}
26.3116 	EXP 	clock: autoDraw = False
26.3116 	EXP 	fixation: autoDraw = False
26.3116 	EXP 	text: autoDraw = False
26.3116 	EXP 	clock: image = 'images/16.png'
26.3116 	EXP 	clock: autoDraw = True
26.3116 	EXP 	fixation: autoDraw = True
26.3116 	EXP 	text: autoDraw = True
27.3106 	EXP 	clock: autoDraw = False
28.2553 	EXP 	New trial (rep=0, index=12): {'picture': 'images/18.png', 'corrAns': 'space'}
28.3106 	EXP 	clock: autoDraw = False
28.3106 	EXP 	fixation: autoDraw = False
28.3106 	EXP 	text: autoDraw = False
28.3106 	EXP 	clock: image = 'images/18.png'
28.3106 	EXP 	clock: autoDraw = True
28.3106 	EXP 	fixation: autoDraw = True
28.3106 	EXP 	text: autoDraw = True
29.3110 	EXP 	clock: autoDraw = False
30.2567 	EXP 	New trial (rep=0, index=13): {'picture': 'images/20.png', 'corrAns': 'space'}
30.3125 	EXP 	clock: autoDraw = False
30.3125 	EXP 	fixation: autoDraw = False
30.3125 	EXP 	text: autoDraw = False
30.3125 	EXP 	clock: image = 'images/20.png'
30.3125 	EXP 	clock: autoDraw = True
30.3125 	EXP 	fixation: autoDraw = True
30.3125 	EXP 	text: autoDraw = True
31.3172 	EXP 	clock: autoDraw = False
32.2551 	EXP 	New trial (rep=0, index=14): {'picture': 'images/21.png', 'corrAns': None}
32.3366 	EXP 	clock: autoDraw = False
32.3366 	EXP 	fixation: autoDraw = False
32.3366 	EXP 	text: autoDraw = False
32.3366 	EXP 	clock: image = 'images/21.png'
32.3366 	EXP 	clock: autoDraw = True
32.3366 	EXP 	fixation: autoDraw = True
32.3366 	EXP 	text: autoDraw = True
33.3380 	EXP 	clock: autoDraw = False
34.2578 	EXP 	New trial (rep=0, index=15): {'picture': 'images/22.png', 'corrAns': None}
34.3146 	EXP 	clock: autoDraw = False
34.3146 	EXP 	fixation: autoDraw = False
34.3146 	EXP 	text: autoDraw = False
34.3146 	EXP 	clock: image = 'images/22.png'
34.3146 	EXP 	clock: autoDraw = True
34.3146 	EXP 	fixation: autoDraw = True
34.3146 	EXP 	text: autoDraw = True
35.3172 	EXP 	clock: autoDraw = False
36.2551 	EXP 	New trial (rep=0, index=16): {'picture': 'images/23.png', 'corrAns': None}
36.3086 	EXP 	clock: autoDraw = False
36.3086 	EXP 	fixation: autoDraw = False
36.3086 	EXP 	text: autoDraw = False
36.3086 	EXP 	clock: image = 'images/23.png'
36.3086 	EXP 	clock: autoDraw = True
36.3086 	EXP 	fixation: autoDraw = True
36.3086 	EXP 	text: autoDraw = True
37.3103 	EXP 	clock: autoDraw = False
38.2549 	EXP 	New trial (rep=0, index=17): {'picture': 'images/24.png', 'corrAns': None}
38.3089 	EXP 	clock: autoDraw = False
38.3089 	EXP 	fixation: autoDraw = False
38.3089 	EXP 	text: autoDraw = False
38.3089 	EXP 	clock: image = 'images/24.png'
38.3089 	EXP 	clock: autoDraw = True
38.3089 	EXP 	fixation: autoDraw = True
38.3089 	EXP 	text: autoDraw = True
39.3102 	EXP 	clock: autoDraw = False
40.2550 	EXP 	New trial (rep=0, index=18): {'picture': 'images/25.png', 'corrAns': None}
40.3081 	EXP 	clock: autoDraw = False
40.3081 	EXP 	fixation: autoDraw = False
40.3081 	EXP 	text: autoDraw = False
40.3081 	EXP 	clock: image = 'images/25.png'
40.3081 	EXP 	clock: autoDraw = True
40.3081 	EXP 	fixation: autoDraw = True
40.3081 	EXP 	text: autoDraw = True
41.3101 	EXP 	clock: autoDraw = False
42.2549 	EXP 	New trial (rep=0, index=19): {'picture': 'images/27.png', 'corrAns': 'space'}
42.3080 	EXP 	clock: autoDraw = False
42.3080 	EXP 	fixation: autoDraw = False
42.3080 	EXP 	text: autoDraw = False
42.3080 	EXP 	clock: image = 'images/27.png'
42.3080 	EXP 	clock: autoDraw = True
42.3080 	EXP 	fixation: autoDraw = True
42.3080 	EXP 	text: autoDraw = True
43.3100 	EXP 	clock: autoDraw = False
44.2550 	EXP 	New trial (rep=0, index=20): {'picture': 'images/28.png', 'corrAns': None}
44.3085 	EXP 	clock: autoDraw = False
44.3085 	EXP 	fixation: autoDraw = False
44.3085 	EXP 	text: autoDraw = False
44.3085 	EXP 	clock: image = 'images/28.png'
44.3085 	EXP 	clock: autoDraw = True
44.3085 	EXP 	fixation: autoDraw = True
44.3085 	EXP 	text: autoDraw = True
45.3101 	EXP 	clock: autoDraw = False
46.2548 	EXP 	New trial (rep=0, index=21): {'picture': 'images/29.png', 'corrAns': None}
46.3082 	EXP 	clock: autoDraw = False
46.3082 	EXP 	fixation: autoDraw = False
46.3082 	EXP 	text: autoDraw = False
46.3082 	EXP 	clock: image = 'images/29.png'
46.3082 	EXP 	clock: autoDraw = True
46.3082 	EXP 	fixation: autoDraw = True
46.3082 	EXP 	text: autoDraw = True
47.3099 	EXP 	clock: autoDraw = False
48.2549 	EXP 	New trial (rep=0, index=22): {'picture': 'images/31.png', 'corrAns': 'space'}
48.3084 	EXP 	clock: autoDraw = False
48.3084 	EXP 	fixation: autoDraw = False
48.3084 	EXP 	text: autoDraw = False
48.3084 	EXP 	clock: image = 'images/31.png'
48.3084 	EXP 	clock: autoDraw = True
48.3084 	EXP 	fixation: autoDraw = True
48.3084 	EXP 	text: autoDraw = True
49.3100 	EXP 	clock: autoDraw = False
50.2548 	EXP 	New trial (rep=0, index=23): {'picture': 'images/32.png', 'corrAns': None}
50.3088 	EXP 	clock: autoDraw = False
50.3088 	EXP 	fixation: autoDraw = False
50.3088 	EXP 	text: autoDraw = False
50.3088 	EXP 	clock: image = 'images/32.png'
50.3088 	EXP 	clock: autoDraw = True
50.3088 	EXP 	fixation: autoDraw = True
50.3088 	EXP 	text: autoDraw = True
51.3099 	EXP 	clock: autoDraw = False
52.2547 	EXP 	New trial (rep=0, index=24): {'picture': 'images/33.png', 'corrAns': None}
52.3084 	EXP 	clock: autoDraw = False
52.3084 	EXP 	fixation: autoDraw = False
52.3084 	EXP 	text: autoDraw = False
52.3084 	EXP 	clock: image = 'images/33.png'
52.3084 	EXP 	clock: autoDraw = True
52.3084 	EXP 	fixation: autoDraw = True
52.3084 	EXP 	text: autoDraw = True
53.3099 	EXP 	clock: autoDraw = False
54.2547 	EXP 	New trial (rep=0, index=25): {'picture': 'images/34.png', 'corrAns': None}
54.3088 	EXP 	clock: autoDraw = False
54.3088 	EXP 	fixation: autoDraw = False
54.3088 	EXP 	text: autoDraw = False
54.3088 	EXP 	clock: image = 'images/34.png'
54.3088 	EXP 	clock: autoDraw = True
54.3088 	EXP 	fixation: autoDraw = True
54.3088 	EXP 	text: autoDraw = True
55.3097 	EXP 	clock: autoDraw = False
56.2546 	EXP 	New trial (rep=0, index=26): {'picture': 'images/36.png', 'corrAns': 'space'}
56.3088 	EXP 	clock: autoDraw = False
56.3088 	EXP 	fixation: autoDraw = False
56.3088 	EXP 	text: autoDraw = False
56.3088 	EXP 	clock: image = 'images/36.png'
56.3088 	EXP 	clock: autoDraw = True
56.3088 	EXP 	fixation: autoDraw = True
56.3088 	EXP 	text: autoDraw = True
57.3097 	EXP 	clock: autoDraw = False
58.2545 	EXP 	New trial (rep=0, index=27): {'picture': 'images/37.png', 'corrAns': None}
58.3092 	EXP 	clock: autoDraw = False
58.3092 	EXP 	fixation: autoDraw = False
58.3092 	EXP 	text: autoDraw = False
58.3092 	EXP 	clock: image = 'images/37.png'
58.3092 	EXP 	clock: autoDraw = True
58.3092 	EXP 	fixation: autoDraw = True
58.3092 	EXP 	text: autoDraw = True
59.3096 	EXP 	clock: autoDraw = False
60.2547 	EXP 	New trial (rep=0, index=28): {'picture': 'images/38.png', 'corrAns': None}
60.3080 	EXP 	clock: autoDraw = False
60.3080 	EXP 	fixation: autoDraw = False
60.3080 	EXP 	text: autoDraw = False
60.3080 	EXP 	clock: image = 'images/38.png'
60.3080 	EXP 	clock: autoDraw = True
60.3080 	EXP 	fixation: autoDraw = True
60.3080 	EXP 	text: autoDraw = True
61.3096 	EXP 	clock: autoDraw = False
62.2545 	EXP 	New trial (rep=0, index=29): {'picture': 'images/40.png', 'corrAns': 'space'}
62.3080 	EXP 	clock: autoDraw = False
62.3080 	EXP 	fixation: autoDraw = False
62.3080 	EXP 	text: autoDraw = False
62.3080 	EXP 	clock: image = 'images/40.png'
62.3080 	EXP 	clock: autoDraw = True
62.3080 	EXP 	fixation: autoDraw = True
62.3080 	EXP 	text: autoDraw = True
63.3097 	EXP 	clock: autoDraw = False
64.2545 	EXP 	New trial (rep=0, index=30): {'picture': 'images/41.png', 'corrAns': None}
64.3083 	EXP 	clock: autoDraw = False
64.3083 	EXP 	fixation: autoDraw = False
64.3083 	EXP 	text: autoDraw = False
64.3083 	EXP 	clock: image = 'images/41.png'
64.3083 	EXP 	clock: autoDraw = True
64.3083 	EXP 	fixation: autoDraw = True
64.3083 	EXP 	text: autoDraw = True
65.3097 	EXP 	clock: autoDraw = False
66.2545 	EXP 	New trial (rep=0, index=31): {'picture': 'images/43.png', 'corrAns': 'space'}
66.3084 	EXP 	clock: autoDraw = False
66.3084 	EXP 	fixation: autoDraw = False
66.3084 	EXP 	text: autoDraw = False
66.3084 	EXP 	clock: image = 'images/43.png'
66.3084 	EXP 	clock: autoDraw = True
66.3084 	EXP 	fixation: autoDraw = True
66.3084 	EXP 	text: autoDraw = True
67.3094 	EXP 	clock: autoDraw = False
68.2551 	EXP 	New trial (rep=0, index=32): {'picture': 'images/44.png', 'corrAns': None}
68.3097 	EXP 	clock: autoDraw = False
68.3097 	EXP 	fixation: autoDraw = False
68.3097 	EXP 	text: autoDraw = False
68.3097 	EXP 	clock: image = 'images/44.png'
68.3097 	EXP 	clock: autoDraw = True
68.3097 	EXP 	fixation: autoDraw = True
68.3097 	EXP 	text: autoDraw = True
69.3105 	EXP 	clock: autoDraw = False
70.2554 	EXP 	New trial (rep=0, index=33): {'picture': 'images/46.png', 'corrAns': 'space'}
70.3101 	EXP 	clock: autoDraw = False
70.3101 	EXP 	fixation: autoDraw = False
70.3101 	EXP 	text: autoDraw = False
70.3101 	EXP 	clock: image = 'images/46.png'
70.3101 	EXP 	clock: autoDraw = True
70.3101 	EXP 	fixation: autoDraw = True
70.3101 	EXP 	text: autoDraw = True
71.3101 	EXP 	clock: autoDraw = False
72.2549 	EXP 	New trial (rep=0, index=34): {'picture': 'images/48.png', 'corrAns': 'space'}
72.3095 	EXP 	clock: autoDraw = False
72.3095 	EXP 	fixation: autoDraw = False
72.3095 	EXP 	text: autoDraw = False
72.3095 	EXP 	clock: image = 'images/48.png'
72.3095 	EXP 	clock: autoDraw = True
72.3095 	EXP 	fixation: autoDraw = True
72.3095 	EXP 	text: autoDraw = True
73.3099 	EXP 	clock: autoDraw = False
74.2547 	EXP 	New trial (rep=0, index=35): {'picture': 'images/49.png', 'corrAns': None}
74.3089 	EXP 	clock: autoDraw = False
74.3089 	EXP 	fixation: autoDraw = False
74.3089 	EXP 	text: autoDraw = False
74.3089 	EXP 	clock: image = 'images/49.png'
74.3089 	EXP 	clock: autoDraw = True
74.3089 	EXP 	fixation: autoDraw = True
74.3089 	EXP 	text: autoDraw = True
75.3098 	EXP 	clock: autoDraw = False
76.2550 	EXP 	New trial (rep=0, index=36): {'picture': 'images/50.png', 'corrAns': None}
76.3110 	EXP 	clock: autoDraw = False
76.3110 	EXP 	fixation: autoDraw = False
76.3110 	EXP 	text: autoDraw = False
76.3110 	EXP 	clock: image = 'images/50.png'
76.3110 	EXP 	clock: autoDraw = True
76.3110 	EXP 	fixation: autoDraw = True
76.3110 	EXP 	text: autoDraw = True
77.3167 	EXP 	clock: autoDraw = False
78.2549 	EXP 	New trial (rep=0, index=37): {'picture': 'images/51.png', 'corrAns': None}
78.3106 	EXP 	clock: autoDraw = False
78.3106 	EXP 	fixation: autoDraw = False
78.3106 	EXP 	text: autoDraw = False
78.3106 	EXP 	clock: image = 'images/51.png'
78.3106 	EXP 	clock: autoDraw = True
78.3106 	EXP 	fixation: autoDraw = True
78.3106 	EXP 	text: autoDraw = True
79.3097 	EXP 	clock: autoDraw = False
80.2547 	EXP 	New trial (rep=0, index=38): {'picture': 'images/52.png', 'corrAns': None}
80.3105 	EXP 	clock: autoDraw = False
80.3105 	EXP 	fixation: autoDraw = False
80.3105 	EXP 	text: autoDraw = False
80.3105 	EXP 	clock: image = 'images/52.png'
80.3105 	EXP 	clock: autoDraw = True
80.3105 	EXP 	fixation: autoDraw = True
80.3105 	EXP 	text: autoDraw = True
81.3096 	EXP 	clock: autoDraw = False
82.2550 	EXP 	New trial (rep=0, index=39): {'picture': 'images/54.png', 'corrAns': 'space'}
82.3097 	EXP 	clock: autoDraw = False
82.3097 	EXP 	fixation: autoDraw = False
82.3097 	EXP 	text: autoDraw = False
82.3097 	EXP 	clock: image = 'images/54.png'
82.3097 	EXP 	clock: autoDraw = True
82.3097 	EXP 	fixation: autoDraw = True
82.3097 	EXP 	text: autoDraw = True
83.3096 	EXP 	clock: autoDraw = False
84.2549 	EXP 	New trial (rep=0, index=40): {'picture': 'images/55.png', 'corrAns': None}
84.3092 	EXP 	clock: autoDraw = False
84.3092 	EXP 	fixation: autoDraw = False
84.3092 	EXP 	text: autoDraw = False
84.3092 	EXP 	clock: image = 'images/55.png'
84.3092 	EXP 	clock: autoDraw = True
84.3092 	EXP 	fixation: autoDraw = True
84.3092 	EXP 	text: autoDraw = True
85.3094 	EXP 	clock: autoDraw = False
86.2550 	EXP 	New trial (rep=0, index=41): {'picture': 'images/57.png', 'corrAns': 'space'}
86.3098 	EXP 	clock: autoDraw = False
86.3098 	EXP 	fixation: autoDraw = False
86.3098 	EXP 	text: autoDraw = False
86.3098 	EXP 	clock: image = 'images/57.png'
86.3098 	EXP 	clock: autoDraw = True
86.3098 	EXP 	fixation: autoDraw = True
86.3098 	EXP 	text: autoDraw = True
86.7302 	DATA 	Keypress: space
86.9165 	DATA 	Keypress: space
87.1382 	DATA 	Keypress: space
87.3096 	EXP 	clock: autoDraw = False
87.3886 	DATA 	Keypress: space
87.6245 	DATA 	Keypress: space
87.8533 	DATA 	Keypress: space
88.0062 	DATA 	Keypress: space
88.2548 	EXP 	New trial (rep=0, index=42): {'picture': 'images/58.png', 'corrAns': None}
88.3077 	DATA 	Keypress: space
88.3095 	EXP 	clock: autoDraw = False
88.3095 	EXP 	fixation: autoDraw = False
88.3095 	EXP 	text: autoDraw = False
88.3095 	EXP 	clock: image = 'images/58.png'
88.3095 	EXP 	clock: autoDraw = True
88.3095 	EXP 	fixation: autoDraw = True
88.3095 	EXP 	text: autoDraw = True
88.4320 	DATA 	Keypress: space
88.6040 	DATA 	Keypress: space
88.7423 	DATA 	Keypress: space
89.3094 	EXP 	clock: autoDraw = False
90.2548 	EXP 	New trial (rep=0, index=43): {'picture': 'images/59.png', 'corrAns': None}
90.3090 	EXP 	clock: autoDraw = False
90.3090 	EXP 	fixation: autoDraw = False
90.3090 	EXP 	text: autoDraw = False
90.3090 	EXP 	clock: image = 'images/59.png'
90.3090 	EXP 	clock: autoDraw = True
90.3090 	EXP 	fixation: autoDraw = True
90.3090 	EXP 	text: autoDraw = True
91.3093 	EXP 	clock: autoDraw = False
92.2547 	EXP 	New trial (rep=0, index=44): {'picture': 'images/60.png', 'corrAns': None}
92.3088 	EXP 	clock: autoDraw = False
92.3088 	EXP 	fixation: autoDraw = False
92.3088 	EXP 	text: autoDraw = False
92.3088 	EXP 	clock: image = 'images/60.png'
92.3088 	EXP 	clock: autoDraw = True
92.3088 	EXP 	fixation: autoDraw = True
92.3088 	EXP 	text: autoDraw = True
93.3093 	EXP 	clock: autoDraw = False
94.2606 	EXP 	clock: autoDraw = False
94.2606 	EXP 	fixation: autoDraw = False
94.2606 	EXP 	text: autoDraw = False
94.2606 	EXP 	duration: autoDraw = True
94.2606 	EXP 	text_4: autoDraw = True
96.0557 	DATA 	Keypress: 5
96.1043 	DATA 	Keypress: 6
97.2639 	DATA 	Keypress: space
97.4792 	DATA 	Keypress: s
97.6597 	DATA 	Keypress: e
97.8755 	DATA 	Keypress: c
98.0626 	DATA 	Keypress: p
98.5627 	DATA 	Keypress: backspace
98.8125 	DATA 	Keypress: o
98.9114 	DATA 	Keypress: n
99.0289 	DATA 	Keypress: d
99.1187 	DATA 	Keypress: s
99.9658 	DATA 	Keypress: up
99.9762 	EXP 	duration: autoDraw = False
99.9762 	EXP 	text_4: autoDraw = False
99.9762 	EXP 	skips: autoDraw = True
99.9762 	EXP 	text_5: autoDraw = True
101.0427 	DATA 	Keypress: 2
101.1736 	DATA 	Keypress: 3
101.2087 	DATA 	Keypress: 4
103.5128 	DATA 	Keypress: right
103.5166 	EXP 	skips: autoDraw = False
103.5166 	EXP 	text_5: autoDraw = False
103.5166 	EXP 	slider: markerPos = None
103.5166 	EXP 	slider: markerPos = None
103.5166 	EXP 	slider: autoDraw = True
103.5166 	EXP 	text_3: autoDraw = True
104.9357 	DATA 	Mouse: Left button down, pos=(807,254)
104.9427 	EXP 	slider: markerPos = 4.225
104.9498 	EXP 	slider: markerPos = 4.225
104.9568 	EXP 	slider: markerPos = 4.225
104.9639 	EXP 	slider: markerPos = 4.225
104.9708 	EXP 	slider: markerPos = 4.225
104.9778 	EXP 	slider: markerPos = 4.225
104.9847 	EXP 	slider: markerPos = 4.225
104.9917 	EXP 	slider: markerPos = 4.225
104.9988 	EXP 	slider: markerPos = 4.225
105.0055 	EXP 	slider: markerPos = 4.225
105.0123 	EXP 	slider: markerPos = 4.225
105.0195 	EXP 	slider: markerPos = 4.225
105.0263 	EXP 	slider: markerPos = 4.225
105.0333 	EXP 	slider: markerPos = 4.225
105.0401 	EXP 	slider: markerPos = 4.225
105.0471 	EXP 	slider: markerPos = 4.225
105.0541 	EXP 	slider: markerPos = 4.225
105.0610 	EXP 	slider: markerPos = 4.225
105.0680 	EXP 	slider: markerPos = 4.225
105.0754 	EXP 	slider: markerPos = 4.225
105.0824 	EXP 	slider: markerPos = 4.225
105.0895 	EXP 	slider: markerPos = 4.225
105.0967 	EXP 	slider: markerPos = 4.225
105.1039 	EXP 	slider: markerPos = 4.225
105.1144 	EXP 	slider: markerPos = 4.225
105.1215 	EXP 	slider: markerPos = 4.225
105.1292 	EXP 	slider: markerPos = 4.225
105.1365 	EXP 	slider: markerPos = 4.225
105.1439 	EXP 	slider: markerPos = 4.241666666666666
105.1514 	EXP 	slider: markerPos = 4.258333333333333
105.1587 	EXP 	slider: markerPos = 4.283333333333333
105.1660 	EXP 	slider: markerPos = 4.341666666666667
105.1733 	EXP 	slider: markerPos = 4.383333333333333
105.1837 	EXP 	slider: markerPos = 4.458333333333333
105.1910 	EXP 	slider: markerPos = 4.533333333333333
105.1988 	EXP 	slider: markerPos = 4.633333333333333
105.2064 	EXP 	slider: markerPos = 4.824999999999999
105.2138 	EXP 	slider: markerPos = 4.9
105.2211 	EXP 	slider: markerPos = 5.0
105.2284 	EXP 	slider: markerPos = 5.083333333333334
105.2357 	EXP 	slider: markerPos = 5.158333333333333
105.2466 	EXP 	slider: markerPos = 5.216666666666667
105.2548 	EXP 	slider: markerPos = 5.291666666666667
105.2621 	EXP 	slider: markerPos = 5.366666666666666
105.2693 	EXP 	slider: markerPos = 5.416666666666667
105.2763 	EXP 	slider: markerPos = 5.475
105.2837 	EXP 	slider: markerPos = 5.516666666666667
105.2908 	EXP 	slider: markerPos = 5.566666666666666
105.2980 	EXP 	slider: markerPos = 5.625
105.3052 	EXP 	slider: markerPos = 5.666666666666666
105.3159 	EXP 	slider: markerPos = 5.7250000000000005
105.3231 	EXP 	slider: markerPos = 5.775
105.3315 	EXP 	slider: markerPos = 5.808333333333333
105.3388 	EXP 	slider: markerPos = 5.883333333333334
105.3460 	EXP 	slider: markerPos = 5.916666666666666
105.3531 	EXP 	slider: markerPos = 5.933333333333334
105.3603 	EXP 	slider: markerPos = 5.95
105.3677 	EXP 	slider: markerPos = 5.966666666666667
105.3783 	EXP 	slider: markerPos = 5.983333333333333
105.3855 	EXP 	slider: markerPos = 5.991666666666666
105.3934 	EXP 	slider: markerPos = 6.0
105.4006 	EXP 	slider: markerPos = 6.016666666666666
105.4080 	EXP 	slider: markerPos = 6.016666666666666
105.4154 	EXP 	slider: markerPos = 6.025
105.4227 	EXP 	slider: markerPos = 6.033333333333333
105.4300 	EXP 	slider: markerPos = 6.033333333333333
105.4373 	EXP 	slider: markerPos = 6.033333333333333
105.4476 	EXP 	slider: markerPos = 6.033333333333333
105.4549 	EXP 	slider: markerPos = 6.033333333333333
105.4620 	EXP 	slider: markerPos = 6.033333333333333
105.4695 	EXP 	slider: markerPos = 6.033333333333333
105.4771 	EXP 	slider: markerPos = 6.033333333333333
105.4842 	EXP 	slider: markerPos = 6.033333333333333
105.4916 	EXP 	slider: markerPos = 6.033333333333333
105.4988 	EXP 	slider: markerPos = 6.033333333333333
105.5060 	EXP 	slider: markerPos = 6.033333333333333
105.5133 	EXP 	slider: markerPos = 6.033333333333333
105.5205 	EXP 	slider: markerPos = 6.033333333333333
105.5309 	EXP 	slider: markerPos = 6.033333333333333
105.5379 	EXP 	slider: markerPos = 6.033333333333333
105.5452 	EXP 	slider: markerPos = 6.033333333333333
105.5531 	EXP 	slider: markerPos = 6.033333333333333
105.5604 	EXP 	slider: markerPos = 6.033333333333333
105.5677 	EXP 	slider: markerPos = 6.033333333333333
105.5749 	EXP 	slider: markerPos = 6.033333333333333
105.5820 	EXP 	slider: markerPos = 6.033333333333333
105.5891 	EXP 	slider: markerPos = 6.033333333333333
105.5957 	EXP 	slider: markerPos = 6.033333333333333
105.6026 	EXP 	slider: markerPos = 6.033333333333333
105.6097 	EXP 	slider: markerPos = 6.033333333333333
105.6168 	EXP 	slider: markerPos = 6.033333333333333
105.6239 	EXP 	slider: markerPos = 6.033333333333333
105.6310 	EXP 	slider: markerPos = 6.033333333333333
105.6383 	EXP 	slider: markerPos = 6.033333333333333
105.6454 	EXP 	slider: markerPos = 6.033333333333333
105.6560 	EXP 	slider: markerPos = 6.033333333333333
105.6630 	EXP 	slider: markerPos = 6.033333333333333
105.6703 	EXP 	slider: markerPos = 6.033333333333333
105.6784 	EXP 	slider: markerPos = 6.025
105.6856 	EXP 	slider: markerPos = 6.025
105.6928 	EXP 	slider: markerPos = 6.025
105.7000 	EXP 	slider: markerPos = 6.025
105.7072 	EXP 	slider: markerPos = 6.025
105.7144 	EXP 	slider: markerPos = 6.025
105.7216 	EXP 	slider: markerPos = 6.025
105.7288 	EXP 	slider: markerPos = 6.025
105.7393 	EXP 	slider: markerPos = 6.025
105.7463 	EXP 	slider: markerPos = 6.025
105.7535 	EXP 	slider: markerPos = 6.025
105.7612 	EXP 	slider: markerPos = 6.025
105.7686 	EXP 	slider: markerPos = 6.025
105.7759 	EXP 	slider: markerPos = 6.025
105.7831 	EXP 	slider: markerPos = 6.025
105.7903 	EXP 	slider: markerPos = 6.025
105.7974 	EXP 	slider: markerPos = 6.025
105.8045 	EXP 	slider: markerPos = 6.025
105.8119 	EXP 	slider: markerPos = 6.025
105.8190 	EXP 	slider: markerPos = 6.025
105.8297 	EXP 	slider: markerPos = 6.025
105.8366 	EXP 	slider: markerPos = 6.025
105.8439 	EXP 	slider: markerPos = 6.025
105.8516 	EXP 	slider: markerPos = 6.025
105.8590 	EXP 	slider: markerPos = 6.025
105.8661 	EXP 	slider: markerPos = 6.025
105.8734 	EXP 	slider: markerPos = 6.025
105.8806 	EXP 	slider: markerPos = 6.025
105.8876 	EXP 	slider: markerPos = 6.025
105.8951 	EXP 	slider: markerPos = 6.025
105.9022 	EXP 	slider: markerPos = 6.025
105.9095 	EXP 	slider: markerPos = 6.025
105.9198 	EXP 	slider: markerPos = 6.025
105.9268 	EXP 	slider: markerPos = 6.025
105.9340 	EXP 	slider: markerPos = 6.025
105.9415 	EXP 	slider: markerPos = 6.025
105.9491 	EXP 	slider: markerPos = 6.025
105.9563 	EXP 	slider: markerPos = 6.025
105.9637 	EXP 	slider: markerPos = 6.025
105.9709 	EXP 	slider: markerPos = 6.025
105.9780 	EXP 	slider: markerPos = 6.025
105.9851 	EXP 	slider: markerPos = 6.025
105.9923 	EXP 	slider: markerPos = 6.025
105.9994 	EXP 	slider: markerPos = 6.025
106.0064 	EXP 	slider: markerPos = 6.025
106.0171 	EXP 	slider: markerPos = 6.025
106.0241 	EXP 	slider: markerPos = 6.025
106.0312 	EXP 	slider: markerPos = 6.025
106.0383 	EXP 	slider: markerPos = 6.025
106.0449 	DATA 	Mouse:  Left button up, pos=(1023,181)
106.0464 	EXP 	slider: markerPos = 6.025
106.0533 	EXP 	slider: markerPos = 6.025
106.0631 	EXP 	slider: autoDraw = False
106.0631 	EXP 	text_3: autoDraw = False
106.0631 	EXP 	suggestions: autoDraw = True
106.0631 	EXP 	text_6: autoDraw = True
108.0640 	DATA 	Keypress: lshift
108.1331 	DATA 	Keypress: n
108.3057 	DATA 	Keypress: o
108.3818 	DATA 	Keypress: n
108.5276 	DATA 	Keypress: e
108.9508 	DATA 	Keypress: right
108.9549 	EXP 	suggestions: autoDraw = False
108.9549 	EXP 	text_6: autoDraw = False
108.9549 	EXP 	instructions_2: autoDraw = True
119.0947 	EXP 	Imported conditions_2.xlsx as conditions, 45 conditions, 2 params
119.0954 	EXP 	Created sequence: sequential, trialTypes=45, nReps=1, seed=None
119.0955 	EXP 	New trial (rep=0, index=0): {'picture': 'images/01.png', 'corrAns': None}
119.2668 	EXP 	Sound  started
119.2689 	DATA 	Keypress: space
119.2723 	EXP 	instructions_2: autoDraw = False
119.2723 	EXP 	clock_2: image = 'images/01.png'
119.2723 	EXP 	clock_2: autoDraw = True
119.2723 	EXP 	fixation_2: autoDraw = True
119.2723 	EXP 	text_2: autoDraw = True
119.2723 	EXP 	text_2: height = 0.05
119.2723 	EXP 	text_2: height = 0.05
119.2723 	EXP 	text_2: height = 0.05
119.2723 	EXP 	text_2: text = ''
120.2739 	EXP 	clock_2: autoDraw = False
121.0944 	EXP 	New trial (rep=0, index=1): {'picture': 'images/02.png', 'corrAns': None}
121.1565 	EXP 	clock_2: autoDraw = False
121.1565 	EXP 	fixation_2: autoDraw = False
121.1565 	EXP 	text_2: autoDraw = False
121.1565 	EXP 	clock_2: image = 'images/02.png'
121.1565 	EXP 	clock_2: autoDraw = True
121.1565 	EXP 	fixation_2: autoDraw = True
121.1565 	EXP 	text_2: autoDraw = True
122.1558 	EXP 	clock_2: autoDraw = False
123.0943 	EXP 	New trial (rep=0, index=2): {'picture': 'images/04.png', 'corrAns': 'space'}
123.1585 	EXP 	clock_2: autoDraw = False
123.1585 	EXP 	fixation_2: autoDraw = False
123.1585 	EXP 	text_2: autoDraw = False
123.1585 	EXP 	clock_2: image = 'images/04.png'
123.1585 	EXP 	clock_2: autoDraw = True
123.1585 	EXP 	fixation_2: autoDraw = True
123.1585 	EXP 	text_2: autoDraw = True
124.1627 	EXP 	clock_2: autoDraw = False
125.0940 	EXP 	New trial (rep=0, index=3): {'picture': 'images/06.png', 'corrAns': 'space'}
125.1497 	EXP 	clock_2: autoDraw = False
125.1497 	EXP 	fixation_2: autoDraw = False
125.1497 	EXP 	text_2: autoDraw = False
125.1497 	EXP 	clock_2: image = 'images/06.png'
125.1497 	EXP 	clock_2: autoDraw = True
125.1497 	EXP 	fixation_2: autoDraw = True
125.1497 	EXP 	text_2: autoDraw = True
126.1488 	EXP 	clock_2: autoDraw = False
127.0939 	EXP 	New trial (rep=0, index=4): {'picture': 'images/07.png', 'corrAns': None}
127.1611 	EXP 	clock_2: autoDraw = False
127.1611 	EXP 	fixation_2: autoDraw = False
127.1611 	EXP 	text_2: autoDraw = False
127.1611 	EXP 	clock_2: image = 'images/07.png'
127.1611 	EXP 	clock_2: autoDraw = True
127.1611 	EXP 	fixation_2: autoDraw = True
127.1611 	EXP 	text_2: autoDraw = True
128.1628 	EXP 	clock_2: autoDraw = False
129.0941 	EXP 	New trial (rep=0, index=5): {'picture': 'images/09.png', 'corrAns': 'space'}
129.1498 	EXP 	clock_2: autoDraw = False
129.1498 	EXP 	fixation_2: autoDraw = False
129.1498 	EXP 	text_2: autoDraw = False
129.1498 	EXP 	clock_2: image = 'images/09.png'
129.1498 	EXP 	clock_2: autoDraw = True
129.1498 	EXP 	fixation_2: autoDraw = True
129.1498 	EXP 	text_2: autoDraw = True
130.1489 	EXP 	clock_2: autoDraw = False
131.0941 	EXP 	New trial (rep=0, index=6): {'picture': 'images/10.png', 'corrAns': None}
131.1491 	EXP 	clock_2: autoDraw = False
131.1491 	EXP 	fixation_2: autoDraw = False
131.1491 	EXP 	text_2: autoDraw = False
131.1491 	EXP 	clock_2: image = 'images/10.png'
131.1491 	EXP 	clock_2: autoDraw = True
131.1491 	EXP 	fixation_2: autoDraw = True
131.1491 	EXP 	text_2: autoDraw = True
132.1488 	EXP 	clock_2: autoDraw = False
133.0937 	EXP 	New trial (rep=0, index=7): {'picture': 'images/11.png', 'corrAns': None}
133.1573 	EXP 	clock_2: autoDraw = False
133.1573 	EXP 	fixation_2: autoDraw = False
133.1573 	EXP 	text_2: autoDraw = False
133.1573 	EXP 	clock_2: image = 'images/11.png'
133.1573 	EXP 	clock_2: autoDraw = True
133.1573 	EXP 	fixation_2: autoDraw = True
133.1573 	EXP 	text_2: autoDraw = True
134.1627 	EXP 	clock_2: autoDraw = False
135.0944 	EXP 	New trial (rep=0, index=8): {'picture': 'images/12.png', 'corrAns': None}
135.1493 	EXP 	clock_2: autoDraw = False
135.1493 	EXP 	fixation_2: autoDraw = False
135.1493 	EXP 	text_2: autoDraw = False
135.1493 	EXP 	clock_2: image = 'images/12.png'
135.1493 	EXP 	clock_2: autoDraw = True
135.1493 	EXP 	fixation_2: autoDraw = True
135.1493 	EXP 	text_2: autoDraw = True
136.1486 	EXP 	clock_2: autoDraw = False
137.0936 	EXP 	New trial (rep=0, index=9): {'picture': 'images/13.png', 'corrAns': None}
137.1479 	EXP 	clock_2: autoDraw = False
137.1479 	EXP 	fixation_2: autoDraw = False
137.1479 	EXP 	text_2: autoDraw = False
137.1479 	EXP 	clock_2: image = 'images/13.png'
137.1479 	EXP 	clock_2: autoDraw = True
137.1479 	EXP 	fixation_2: autoDraw = True
137.1479 	EXP 	text_2: autoDraw = True
138.1486 	EXP 	clock_2: autoDraw = False
139.0937 	EXP 	New trial (rep=0, index=10): {'picture': 'images/15.png', 'corrAns': 'space'}
139.1495 	EXP 	clock_2: autoDraw = False
139.1495 	EXP 	fixation_2: autoDraw = False
139.1495 	EXP 	text_2: autoDraw = False
139.1495 	EXP 	clock_2: image = 'images/15.png'
139.1495 	EXP 	clock_2: autoDraw = True
139.1495 	EXP 	fixation_2: autoDraw = True
139.1495 	EXP 	text_2: autoDraw = True
140.1553 	EXP 	clock_2: autoDraw = False
141.0938 	EXP 	New trial (rep=0, index=11): {'picture': 'images/16.png', 'corrAns': None}
141.1572 	EXP 	clock_2: autoDraw = False
141.1572 	EXP 	fixation_2: autoDraw = False
141.1572 	EXP 	text_2: autoDraw = False
141.1572 	EXP 	clock_2: image = 'images/16.png'
141.1572 	EXP 	clock_2: autoDraw = True
141.1572 	EXP 	fixation_2: autoDraw = True
141.1572 	EXP 	text_2: autoDraw = True
142.1623 	EXP 	clock_2: autoDraw = False
143.0938 	EXP 	New trial (rep=0, index=12): {'picture': 'images/17.png', 'corrAns': None}
143.1479 	EXP 	clock_2: autoDraw = False
143.1479 	EXP 	fixation_2: autoDraw = False
143.1479 	EXP 	text_2: autoDraw = False
143.1479 	EXP 	clock_2: image = 'images/17.png'
143.1479 	EXP 	clock_2: autoDraw = True
143.1479 	EXP 	fixation_2: autoDraw = True
143.1479 	EXP 	text_2: autoDraw = True
144.1484 	EXP 	clock_2: autoDraw = False
145.0939 	EXP 	New trial (rep=0, index=13): {'picture': 'images/19.png', 'corrAns': 'space'}
145.1495 	EXP 	clock_2: autoDraw = False
145.1495 	EXP 	fixation_2: autoDraw = False
145.1495 	EXP 	text_2: autoDraw = False
145.1495 	EXP 	clock_2: image = 'images/19.png'
145.1495 	EXP 	clock_2: autoDraw = True
145.1495 	EXP 	fixation_2: autoDraw = True
145.1495 	EXP 	text_2: autoDraw = True
146.1553 	EXP 	clock_2: autoDraw = False
147.0937 	EXP 	New trial (rep=0, index=14): {'picture': 'images/20.png', 'corrAns': None}
147.1598 	EXP 	clock_2: autoDraw = False
147.1598 	EXP 	fixation_2: autoDraw = False
147.1598 	EXP 	text_2: autoDraw = False
147.1598 	EXP 	clock_2: image = 'images/20.png'
147.1598 	EXP 	clock_2: autoDraw = True
147.1598 	EXP 	fixation_2: autoDraw = True
147.1598 	EXP 	text_2: autoDraw = True
148.1622 	EXP 	clock_2: autoDraw = False
149.0936 	EXP 	New trial (rep=0, index=15): {'picture': 'images/21.png', 'corrAns': None}
149.1476 	EXP 	clock_2: autoDraw = False
149.1476 	EXP 	fixation_2: autoDraw = False
149.1476 	EXP 	text_2: autoDraw = False
149.1476 	EXP 	clock_2: image = 'images/21.png'
149.1476 	EXP 	clock_2: autoDraw = True
149.1476 	EXP 	fixation_2: autoDraw = True
149.1476 	EXP 	text_2: autoDraw = True
150.1484 	EXP 	clock_2: autoDraw = False
151.0935 	EXP 	New trial (rep=0, index=16): {'picture': 'images/23.png', 'corrAns': None}
151.1475 	EXP 	clock_2: autoDraw = False
151.1475 	EXP 	fixation_2: autoDraw = False
151.1475 	EXP 	text_2: autoDraw = False
151.1475 	EXP 	clock_2: image = 'images/23.png'
151.1475 	EXP 	clock_2: autoDraw = True
151.1475 	EXP 	fixation_2: autoDraw = True
151.1475 	EXP 	text_2: autoDraw = True
152.1486 	EXP 	clock_2: autoDraw = False
153.0936 	EXP 	New trial (rep=0, index=17): {'picture': 'images/25.png', 'corrAns': 'space'}
153.1515 	EXP 	clock_2: autoDraw = False
153.1515 	EXP 	fixation_2: autoDraw = False
153.1515 	EXP 	text_2: autoDraw = False
153.1515 	EXP 	clock_2: image = 'images/25.png'
153.1515 	EXP 	clock_2: autoDraw = True
153.1515 	EXP 	fixation_2: autoDraw = True
153.1515 	EXP 	text_2: autoDraw = True
154.0882 	DATA 	Keypress: lctrl
154.1553 	EXP 	clock_2: autoDraw = False
154.1578 	DATA 	Keypress: lwindows
155.0926 	EXP 	New trial (rep=0, index=18): {'picture': 'images/26.png', 'corrAns': None}
155.1500 	EXP 	clock_2: autoDraw = False
155.1500 	EXP 	fixation_2: autoDraw = False
155.1500 	EXP 	text_2: autoDraw = False
155.1500 	EXP 	clock_2: image = 'images/26.png'
155.1500 	EXP 	clock_2: autoDraw = True
155.1500 	EXP 	fixation_2: autoDraw = True
155.1500 	EXP 	text_2: autoDraw = True
156.1554 	EXP 	clock_2: autoDraw = False
157.0932 	EXP 	New trial (rep=0, index=19): {'picture': 'images/27.png', 'corrAns': None}
157.1590 	EXP 	clock_2: autoDraw = False
157.1590 	EXP 	fixation_2: autoDraw = False
157.1590 	EXP 	text_2: autoDraw = False
157.1590 	EXP 	clock_2: image = 'images/27.png'
157.1590 	EXP 	clock_2: autoDraw = True
157.1590 	EXP 	fixation_2: autoDraw = True
157.1590 	EXP 	text_2: autoDraw = True
158.1618 	EXP 	clock_2: autoDraw = False
159.0926 	EXP 	New trial (rep=0, index=20): {'picture': 'images/29.png', 'corrAns': 'space'}
159.1526 	EXP 	clock_2: autoDraw = False
159.1526 	EXP 	fixation_2: autoDraw = False
159.1526 	EXP 	text_2: autoDraw = False
159.1526 	EXP 	clock_2: image = 'images/29.png'
159.1526 	EXP 	clock_2: autoDraw = True
159.1526 	EXP 	fixation_2: autoDraw = True
159.1526 	EXP 	text_2: autoDraw = True
160.1547 	EXP 	clock_2: autoDraw = False
161.0927 	EXP 	New trial (rep=0, index=21): {'picture': 'images/30.png', 'corrAns': None}
161.1471 	EXP 	clock_2: autoDraw = False
161.1471 	EXP 	fixation_2: autoDraw = False
161.1471 	EXP 	text_2: autoDraw = False
161.1471 	EXP 	clock_2: image = 'images/30.png'
161.1471 	EXP 	clock_2: autoDraw = True
161.1471 	EXP 	fixation_2: autoDraw = True
161.1471 	EXP 	text_2: autoDraw = True
162.1477 	EXP 	clock_2: autoDraw = False
163.0929 	EXP 	New trial (rep=0, index=22): {'picture': 'images/32.png', 'corrAns': 'space'}
163.1626 	EXP 	clock_2: autoDraw = False
163.1626 	EXP 	fixation_2: autoDraw = False
163.1626 	EXP 	text_2: autoDraw = False
163.1626 	EXP 	clock_2: image = 'images/32.png'
163.1626 	EXP 	clock_2: autoDraw = True
163.1626 	EXP 	fixation_2: autoDraw = True
163.1626 	EXP 	text_2: autoDraw = True
164.1621 	EXP 	clock_2: autoDraw = False
165.0972 	EXP 	New trial (rep=0, index=23): {'picture': 'images/33.png', 'corrAns': None}
165.1772 	EXP 	clock_2: autoDraw = False
165.1772 	EXP 	fixation_2: autoDraw = False
165.1772 	EXP 	text_2: autoDraw = False
165.1772 	EXP 	clock_2: image = 'images/33.png'
165.1772 	EXP 	clock_2: autoDraw = True
165.1772 	EXP 	fixation_2: autoDraw = True
165.1772 	EXP 	text_2: autoDraw = True
166.1822 	EXP 	clock_2: autoDraw = False
167.0924 	EXP 	New trial (rep=0, index=24): {'picture': 'images/34.png', 'corrAns': None}
167.1458 	EXP 	clock_2: autoDraw = False
167.1458 	EXP 	fixation_2: autoDraw = False
167.1458 	EXP 	text_2: autoDraw = False
167.1458 	EXP 	clock_2: image = 'images/34.png'
167.1458 	EXP 	clock_2: autoDraw = True
167.1458 	EXP 	fixation_2: autoDraw = True
167.1458 	EXP 	text_2: autoDraw = True
168.1478 	EXP 	clock_2: autoDraw = False
169.0923 	EXP 	New trial (rep=0, index=25): {'picture': 'images/36.png', 'corrAns': 'space'}
169.1524 	EXP 	clock_2: autoDraw = False
169.1524 	EXP 	fixation_2: autoDraw = False
169.1524 	EXP 	text_2: autoDraw = False
169.1524 	EXP 	clock_2: image = 'images/36.png'
169.1524 	EXP 	clock_2: autoDraw = True
169.1524 	EXP 	fixation_2: autoDraw = True
169.1524 	EXP 	text_2: autoDraw = True
170.1546 	EXP 	clock_2: autoDraw = False
171.0922 	EXP 	New trial (rep=0, index=26): {'picture': 'images/37.png', 'corrAns': None}
171.1459 	EXP 	clock_2: autoDraw = False
171.1459 	EXP 	fixation_2: autoDraw = False
171.1459 	EXP 	text_2: autoDraw = False
171.1459 	EXP 	clock_2: image = 'images/37.png'
171.1459 	EXP 	clock_2: autoDraw = True
171.1459 	EXP 	fixation_2: autoDraw = True
171.1459 	EXP 	text_2: autoDraw = True
172.1613 	EXP 	clock_2: autoDraw = False
173.0922 	EXP 	New trial (rep=0, index=27): {'picture': 'images/38.png', 'corrAns': None}
173.1471 	EXP 	clock_2: autoDraw = False
173.1471 	EXP 	fixation_2: autoDraw = False
173.1471 	EXP 	text_2: autoDraw = False
173.1471 	EXP 	clock_2: image = 'images/38.png'
173.1471 	EXP 	clock_2: autoDraw = True
173.1471 	EXP 	fixation_2: autoDraw = True
173.1471 	EXP 	text_2: autoDraw = True
174.1474 	EXP 	clock_2: autoDraw = False
175.0886 	EXP 	New trial (rep=0, index=28): {'picture': 'images/40.png', 'corrAns': 'space'}
175.1454 	EXP 	clock_2: autoDraw = False
175.1454 	EXP 	fixation_2: autoDraw = False
175.1454 	EXP 	text_2: autoDraw = False
175.1454 	EXP 	clock_2: image = 'images/40.png'
175.1454 	EXP 	clock_2: autoDraw = True
175.1454 	EXP 	fixation_2: autoDraw = True
175.1454 	EXP 	text_2: autoDraw = True
176.1472 	EXP 	clock_2: autoDraw = False
177.0961 	EXP 	New trial (rep=0, index=29): {'picture': 'images/41.png', 'corrAns': None}
177.1631 	EXP 	clock_2: autoDraw = False
177.1631 	EXP 	fixation_2: autoDraw = False
177.1631 	EXP 	text_2: autoDraw = False
177.1631 	EXP 	clock_2: image = 'images/41.png'
177.1631 	EXP 	clock_2: autoDraw = True
177.1631 	EXP 	fixation_2: autoDraw = True
177.1631 	EXP 	text_2: autoDraw = True
178.1682 	EXP 	clock_2: autoDraw = False
179.0920 	EXP 	New trial (rep=0, index=30): {'picture': 'images/42.png', 'corrAns': None}
179.1469 	EXP 	clock_2: autoDraw = False
179.1469 	EXP 	fixation_2: autoDraw = False
179.1469 	EXP 	text_2: autoDraw = False
179.1469 	EXP 	clock_2: image = 'images/42.png'
179.1469 	EXP 	clock_2: autoDraw = True
179.1469 	EXP 	fixation_2: autoDraw = True
179.1469 	EXP 	text_2: autoDraw = True
180.1473 	EXP 	clock_2: autoDraw = False
181.0924 	EXP 	New trial (rep=0, index=31): {'picture': 'images/44.png', 'corrAns': 'space'}
181.1615 	EXP 	clock_2: autoDraw = False
181.1615 	EXP 	fixation_2: autoDraw = False
181.1615 	EXP 	text_2: autoDraw = False
181.1615 	EXP 	clock_2: image = 'images/44.png'
181.1615 	EXP 	clock_2: autoDraw = True
181.1615 	EXP 	fixation_2: autoDraw = True
181.1615 	EXP 	text_2: autoDraw = True
182.1681 	EXP 	clock_2: autoDraw = False
183.0925 	EXP 	New trial (rep=0, index=32): {'picture': 'images/45.png', 'corrAns': None}
183.1670 	EXP 	clock_2: autoDraw = False
183.1670 	EXP 	fixation_2: autoDraw = False
183.1670 	EXP 	text_2: autoDraw = False
183.1670 	EXP 	clock_2: image = 'images/45.png'
183.1670 	EXP 	clock_2: autoDraw = True
183.1670 	EXP 	fixation_2: autoDraw = True
183.1670 	EXP 	text_2: autoDraw = True
184.1795 	EXP 	clock_2: autoDraw = False
185.0919 	EXP 	New trial (rep=0, index=33): {'picture': 'images/46.png', 'corrAns': None}
185.1515 	EXP 	clock_2: autoDraw = False
185.1515 	EXP 	fixation_2: autoDraw = False
185.1515 	EXP 	text_2: autoDraw = False
185.1515 	EXP 	clock_2: image = 'images/46.png'
185.1515 	EXP 	clock_2: autoDraw = True
185.1515 	EXP 	fixation_2: autoDraw = True
185.1515 	EXP 	text_2: autoDraw = True
186.1552 	EXP 	clock_2: autoDraw = False
187.0918 	EXP 	New trial (rep=0, index=34): {'picture': 'images/48.png', 'corrAns': 'space'}
187.1512 	EXP 	clock_2: autoDraw = False
187.1512 	EXP 	fixation_2: autoDraw = False
187.1512 	EXP 	text_2: autoDraw = False
187.1512 	EXP 	clock_2: image = 'images/48.png'
187.1512 	EXP 	clock_2: autoDraw = True
187.1512 	EXP 	fixation_2: autoDraw = True
187.1512 	EXP 	text_2: autoDraw = True
188.1540 	EXP 	clock_2: autoDraw = False
189.1026 	EXP 	New trial (rep=0, index=35): {'picture': 'images/49.png', 'corrAns': None}
189.1755 	EXP 	clock_2: autoDraw = False
189.1755 	EXP 	fixation_2: autoDraw = False
189.1755 	EXP 	text_2: autoDraw = False
189.1755 	EXP 	clock_2: image = 'images/49.png'
189.1755 	EXP 	clock_2: autoDraw = True
189.1755 	EXP 	fixation_2: autoDraw = True
189.1755 	EXP 	text_2: autoDraw = True
190.1750 	EXP 	clock_2: autoDraw = False
191.0917 	EXP 	New trial (rep=0, index=36): {'picture': 'images/50.png', 'corrAns': None}
191.1454 	EXP 	clock_2: autoDraw = False
191.1454 	EXP 	fixation_2: autoDraw = False
191.1454 	EXP 	text_2: autoDraw = False
191.1454 	EXP 	clock_2: image = 'images/50.png'
191.1454 	EXP 	clock_2: autoDraw = True
191.1454 	EXP 	fixation_2: autoDraw = True
191.1454 	EXP 	text_2: autoDraw = True
192.1468 	EXP 	clock_2: autoDraw = False
193.0917 	EXP 	New trial (rep=0, index=37): {'picture': 'images/51.png', 'corrAns': None}
193.1507 	EXP 	clock_2: autoDraw = False
193.1507 	EXP 	fixation_2: autoDraw = False
193.1507 	EXP 	text_2: autoDraw = False
193.1507 	EXP 	clock_2: image = 'images/51.png'
193.1507 	EXP 	clock_2: autoDraw = True
193.1507 	EXP 	fixation_2: autoDraw = True
193.1507 	EXP 	text_2: autoDraw = True
194.1542 	EXP 	clock_2: autoDraw = False
195.0918 	EXP 	New trial (rep=0, index=38): {'picture': 'images/52.png', 'corrAns': None}
195.1459 	EXP 	clock_2: autoDraw = False
195.1459 	EXP 	fixation_2: autoDraw = False
195.1459 	EXP 	text_2: autoDraw = False
195.1459 	EXP 	clock_2: image = 'images/52.png'
195.1459 	EXP 	clock_2: autoDraw = True
195.1459 	EXP 	fixation_2: autoDraw = True
195.1459 	EXP 	text_2: autoDraw = True
196.1471 	EXP 	clock_2: autoDraw = False
197.0921 	EXP 	New trial (rep=0, index=39): {'picture': 'images/54.png', 'corrAns': 'space'}
197.1482 	EXP 	clock_2: autoDraw = False
197.1482 	EXP 	fixation_2: autoDraw = False
197.1482 	EXP 	text_2: autoDraw = False
197.1482 	EXP 	clock_2: image = 'images/54.png'
197.1482 	EXP 	clock_2: autoDraw = True
197.1482 	EXP 	fixation_2: autoDraw = True
197.1482 	EXP 	text_2: autoDraw = True
198.1538 	EXP 	clock_2: autoDraw = False
199.1023 	EXP 	New trial (rep=0, index=40): {'picture': 'images/55.png', 'corrAns': None}
199.1612 	EXP 	clock_2: autoDraw = False
199.1612 	EXP 	fixation_2: autoDraw = False
199.1612 	EXP 	text_2: autoDraw = False
199.1612 	EXP 	clock_2: image = 'images/55.png'
199.1612 	EXP 	clock_2: autoDraw = True
199.1612 	EXP 	fixation_2: autoDraw = True
199.1612 	EXP 	text_2: autoDraw = True
200.1610 	EXP 	clock_2: autoDraw = False
201.0920 	EXP 	New trial (rep=0, index=41): {'picture': 'images/57.png', 'corrAns': 'space'}
201.1459 	EXP 	clock_2: autoDraw = False
201.1459 	EXP 	fixation_2: autoDraw = False
201.1459 	EXP 	text_2: autoDraw = False
201.1459 	EXP 	clock_2: image = 'images/57.png'
201.1459 	EXP 	clock_2: autoDraw = True
201.1459 	EXP 	fixation_2: autoDraw = True
201.1459 	EXP 	text_2: autoDraw = True
202.1468 	EXP 	clock_2: autoDraw = False
203.0918 	EXP 	New trial (rep=0, index=42): {'picture': 'images/58.png', 'corrAns': None}
203.1475 	EXP 	clock_2: autoDraw = False
203.1475 	EXP 	fixation_2: autoDraw = False
203.1475 	EXP 	text_2: autoDraw = False
203.1475 	EXP 	clock_2: image = 'images/58.png'
203.1475 	EXP 	clock_2: autoDraw = True
203.1475 	EXP 	fixation_2: autoDraw = True
203.1475 	EXP 	text_2: autoDraw = True
204.1470 	EXP 	clock_2: autoDraw = False
205.1032 	EXP 	New trial (rep=0, index=43): {'picture': 'images/59.png', 'corrAns': None}
205.1714 	EXP 	clock_2: autoDraw = False
205.1714 	EXP 	fixation_2: autoDraw = False
205.1714 	EXP 	text_2: autoDraw = False
205.1714 	EXP 	clock_2: image = 'images/59.png'
205.1714 	EXP 	clock_2: autoDraw = True
205.1714 	EXP 	fixation_2: autoDraw = True
205.1714 	EXP 	text_2: autoDraw = True
206.1746 	EXP 	clock_2: autoDraw = False
207.0914 	EXP 	New trial (rep=0, index=44): {'picture': 'images/60.png', 'corrAns': None}
207.1521 	EXP 	clock_2: autoDraw = False
207.1521 	EXP 	fixation_2: autoDraw = False
207.1521 	EXP 	text_2: autoDraw = False
207.1521 	EXP 	clock_2: image = 'images/60.png'
207.1521 	EXP 	clock_2: autoDraw = True
207.1521 	EXP 	fixation_2: autoDraw = True
207.1521 	EXP 	text_2: autoDraw = True
208.1633 	EXP 	clock_2: autoDraw = False
209.0979 	EXP 	clock_2: autoDraw = False
209.0979 	EXP 	fixation_2: autoDraw = False
209.0979 	EXP 	text_2: autoDraw = False
209.0979 	EXP 	duration: autoDraw = True
209.0979 	EXP 	text_4: autoDraw = True
242.8670 	EXP 	duration: autoDraw = False
242.8670 	EXP 	text_4: autoDraw = False
242.8670 	EXP 	skips: autoDraw = True
242.8670 	EXP 	text_5: autoDraw = True
246.4143 	DATA 	Keypress: 9
246.5317 	DATA 	Keypress: 9
247.4683 	DATA 	Keypress: right
247.4710 	EXP 	skips: autoDraw = False
247.4710 	EXP 	text_5: autoDraw = False
247.4710 	EXP 	slider: markerPos = None
247.4710 	EXP 	slider: markerPos = None
247.4710 	EXP 	slider: autoDraw = True
247.4710 	EXP 	text_3: autoDraw = True
249.0737 	DATA 	Mouse: Left button down, pos=(1057,228)
249.0855 	EXP 	slider: markerPos = 6.308333333333334
249.0935 	EXP 	slider: markerPos = 6.308333333333334
249.1041 	EXP 	slider: markerPos = 6.308333333333334
249.1111 	EXP 	slider: markerPos = 6.308333333333334
249.1183 	EXP 	slider: markerPos = 6.308333333333334
249.1255 	EXP 	slider: markerPos = 6.308333333333334
249.1328 	EXP 	slider: markerPos = 6.308333333333334
249.1398 	EXP 	slider: markerPos = 6.308333333333334
249.1468 	EXP 	slider: markerPos = 6.308333333333334
249.1536 	EXP 	slider: markerPos = 6.308333333333334
249.1605 	EXP 	slider: markerPos = 6.308333333333334
249.1679 	EXP 	slider: markerPos = 6.308333333333334
249.1748 	EXP 	slider: markerPos = 6.308333333333334
249.1816 	EXP 	slider: markerPos = 6.308333333333334
249.1884 	EXP 	slider: markerPos = 6.308333333333334
249.1953 	EXP 	slider: markerPos = 6.308333333333334
249.2025 	EXP 	slider: markerPos = 6.308333333333334
249.2091 	EXP 	slider: markerPos = 6.308333333333334
249.2161 	EXP 	slider: markerPos = 6.308333333333334
249.2233 	EXP 	slider: markerPos = 6.308333333333334
249.2303 	EXP 	slider: markerPos = 6.308333333333334
249.2373 	EXP 	slider: markerPos = 6.308333333333334
249.2444 	EXP 	slider: markerPos = 6.308333333333334
249.2515 	EXP 	slider: markerPos = 6.308333333333334
249.2585 	EXP 	slider: markerPos = 6.308333333333334
249.2656 	EXP 	slider: markerPos = 6.308333333333334
249.2726 	EXP 	slider: markerPos = 6.308333333333334
249.2801 	EXP 	slider: markerPos = 6.308333333333334
249.2871 	EXP 	slider: markerPos = 6.308333333333334
249.2941 	EXP 	slider: markerPos = 6.308333333333334
249.3013 	EXP 	slider: markerPos = 6.308333333333334
249.3084 	EXP 	slider: markerPos = 6.308333333333334
249.3156 	EXP 	slider: markerPos = 6.308333333333334
249.3263 	EXP 	slider: markerPos = 6.308333333333334
249.3333 	EXP 	slider: markerPos = 6.308333333333334
249.3403 	EXP 	slider: markerPos = 6.308333333333334
249.3477 	EXP 	slider: markerPos = 6.308333333333334
249.3549 	EXP 	slider: markerPos = 6.308333333333334
249.3624 	EXP 	slider: markerPos = 6.308333333333334
249.3693 	EXP 	slider: markerPos = 6.308333333333334
249.3767 	EXP 	slider: markerPos = 6.308333333333334
249.3838 	EXP 	slider: markerPos = 6.308333333333334
249.3910 	EXP 	slider: markerPos = 6.308333333333334
249.3980 	EXP 	slider: markerPos = 6.308333333333334
249.4051 	EXP 	slider: markerPos = 6.308333333333334
249.4123 	EXP 	slider: markerPos = 6.308333333333334
249.4194 	EXP 	slider: markerPos = 6.308333333333334
249.4267 	EXP 	slider: markerPos = 6.308333333333334
249.4373 	EXP 	slider: markerPos = 6.308333333333334
249.4444 	EXP 	slider: markerPos = 6.308333333333334
249.4514 	EXP 	slider: markerPos = 6.308333333333334
249.4587 	EXP 	slider: markerPos = 6.308333333333334
249.4662 	EXP 	slider: markerPos = 6.308333333333334
249.4736 	EXP 	slider: markerPos = 6.308333333333334
249.4805 	EXP 	slider: markerPos = 6.308333333333334
249.4878 	EXP 	slider: markerPos = 6.308333333333334
249.4948 	EXP 	slider: markerPos = 6.308333333333334
249.5021 	EXP 	slider: markerPos = 6.308333333333334
249.5093 	EXP 	slider: markerPos = 6.308333333333334
249.5165 	EXP 	slider: markerPos = 6.308333333333334
249.5238 	EXP 	slider: markerPos = 6.308333333333334
249.5310 	EXP 	slider: markerPos = 6.308333333333334
249.5416 	EXP 	slider: markerPos = 6.308333333333334
249.5486 	EXP 	slider: markerPos = 6.308333333333334
249.5559 	EXP 	slider: markerPos = 6.308333333333334
249.5633 	EXP 	slider: markerPos = 6.308333333333334
249.5709 	EXP 	slider: markerPos = 6.308333333333334
249.5788 	EXP 	slider: markerPos = 6.308333333333334
249.5903 	EXP 	slider: markerPos = 6.308333333333334
249.5978 	EXP 	slider: markerPos = 6.308333333333334
249.6055 	EXP 	slider: markerPos = 6.308333333333334
249.6132 	EXP 	slider: markerPos = 6.308333333333334
249.6251 	EXP 	slider: markerPos = 6.308333333333334
249.6325 	EXP 	slider: markerPos = 6.308333333333334
249.6403 	EXP 	slider: markerPos = 6.308333333333334
249.6481 	EXP 	slider: markerPos = 6.308333333333334
249.6597 	EXP 	slider: markerPos = 6.308333333333334
249.6671 	EXP 	slider: markerPos = 6.308333333333334
249.6750 	EXP 	slider: markerPos = 6.308333333333334
249.6828 	EXP 	slider: markerPos = 6.308333333333334
249.6943 	EXP 	slider: markerPos = 6.308333333333334
249.7015 	EXP 	slider: markerPos = 6.308333333333334
249.7092 	EXP 	slider: markerPos = 6.308333333333334
249.7167 	EXP 	slider: markerPos = 6.308333333333334
249.7246 	EXP 	slider: markerPos = 6.308333333333334
249.7361 	EXP 	slider: markerPos = 6.308333333333334
249.7436 	EXP 	slider: markerPos = 6.308333333333334
249.7511 	EXP 	slider: markerPos = 6.308333333333334
249.7586 	EXP 	slider: markerPos = 6.308333333333334
249.7664 	EXP 	slider: markerPos = 6.308333333333334
249.7776 	EXP 	slider: markerPos = 6.308333333333334
249.7848 	EXP 	slider: markerPos = 6.308333333333334
249.7925 	EXP 	slider: markerPos = 6.308333333333334
249.7999 	EXP 	slider: markerPos = 6.308333333333334
249.8077 	EXP 	slider: markerPos = 6.308333333333334
249.8196 	EXP 	slider: markerPos = 6.308333333333334
249.8273 	EXP 	slider: markerPos = 6.308333333333334
249.8350 	EXP 	slider: markerPos = 6.308333333333334
249.8430 	EXP 	slider: markerPos = 6.308333333333334
249.8542 	EXP 	slider: markerPos = 6.308333333333334
249.8613 	EXP 	slider: markerPos = 6.308333333333334
249.8689 	EXP 	slider: markerPos = 6.308333333333334
249.8766 	EXP 	slider: markerPos = 6.308333333333334
249.8844 	EXP 	slider: markerPos = 6.308333333333334
249.8957 	EXP 	slider: markerPos = 6.308333333333334
249.9029 	EXP 	slider: markerPos = 6.308333333333334
249.9106 	EXP 	slider: markerPos = 6.308333333333334
249.9181 	EXP 	slider: markerPos = 6.308333333333334
249.9260 	EXP 	slider: markerPos = 6.308333333333334
249.9374 	EXP 	slider: markerPos = 6.308333333333334
249.9448 	EXP 	slider: markerPos = 6.308333333333334
249.9526 	EXP 	slider: markerPos = 6.308333333333334
249.9604 	EXP 	slider: markerPos = 6.308333333333334
249.9722 	EXP 	slider: markerPos = 6.308333333333334
249.9794 	EXP 	slider: markerPos = 6.308333333333334
249.9868 	EXP 	slider: markerPos = 6.308333333333334
249.9945 	EXP 	slider: markerPos = 6.308333333333334
250.0020 	EXP 	slider: markerPos = 6.308333333333334
250.0138 	EXP 	slider: markerPos = 6.308333333333334
250.0212 	EXP 	slider: markerPos = 6.308333333333334
250.0287 	EXP 	slider: markerPos = 6.308333333333334
250.0361 	EXP 	slider: markerPos = 6.308333333333334
250.0438 	EXP 	slider: markerPos = 6.308333333333334
250.0554 	EXP 	slider: markerPos = 6.308333333333334
250.0625 	EXP 	slider: markerPos = 6.308333333333334
250.0701 	EXP 	slider: markerPos = 6.308333333333334
250.0778 	EXP 	slider: markerPos = 6.308333333333334
250.0858 	EXP 	slider: markerPos = 6.308333333333334
250.0971 	EXP 	slider: markerPos = 6.308333333333334
250.1047 	EXP 	slider: markerPos = 6.308333333333334
250.1123 	EXP 	slider: markerPos = 6.308333333333334
250.1199 	EXP 	slider: markerPos = 6.308333333333334
250.1276 	EXP 	slider: markerPos = 6.308333333333334
250.1388 	EXP 	slider: markerPos = 6.308333333333334
250.1463 	EXP 	slider: markerPos = 6.308333333333334
250.1537 	EXP 	slider: markerPos = 6.308333333333334
250.1612 	EXP 	slider: markerPos = 6.308333333333334
250.1688 	EXP 	slider: markerPos = 6.308333333333334
250.1805 	EXP 	slider: markerPos = 6.308333333333334
250.1874 	EXP 	slider: markerPos = 6.308333333333334
250.1946 	EXP 	slider: markerPos = 6.308333333333334
250.2018 	EXP 	slider: markerPos = 6.308333333333334
250.2093 	EXP 	slider: markerPos = 6.308333333333334
250.2166 	EXP 	slider: markerPos = 6.308333333333334
250.2238 	EXP 	slider: markerPos = 6.308333333333334
250.2310 	EXP 	slider: markerPos = 6.308333333333334
250.2383 	EXP 	slider: markerPos = 6.308333333333334
250.2454 	EXP 	slider: markerPos = 6.308333333333334
250.2526 	EXP 	slider: markerPos = 6.308333333333334
250.2600 	EXP 	slider: markerPos = 6.308333333333334
250.2671 	EXP 	slider: markerPos = 6.308333333333334
250.2777 	EXP 	slider: markerPos = 6.308333333333334
250.2846 	EXP 	slider: markerPos = 6.308333333333334
250.2919 	EXP 	slider: markerPos = 6.308333333333334
250.2992 	EXP 	slider: markerPos = 6.308333333333334
250.3068 	EXP 	slider: markerPos = 6.308333333333334
250.3138 	EXP 	slider: markerPos = 6.308333333333334
250.3212 	EXP 	slider: markerPos = 6.308333333333334
250.3285 	EXP 	slider: markerPos = 6.308333333333334
250.3357 	EXP 	slider: markerPos = 6.308333333333334
250.3427 	EXP 	slider: markerPos = 6.308333333333334
250.3500 	EXP 	slider: markerPos = 6.308333333333334
250.3572 	EXP 	slider: markerPos = 6.308333333333334
250.3644 	EXP 	slider: markerPos = 6.308333333333334
250.3749 	EXP 	slider: markerPos = 6.308333333333334
250.3818 	EXP 	slider: markerPos = 6.308333333333334
250.3890 	EXP 	slider: markerPos = 6.308333333333334
250.3963 	EXP 	slider: markerPos = 6.308333333333334
250.4039 	EXP 	slider: markerPos = 6.308333333333334
250.4111 	EXP 	slider: markerPos = 6.308333333333334
250.4182 	EXP 	slider: markerPos = 6.308333333333334
250.4255 	EXP 	slider: markerPos = 6.308333333333334
250.4324 	EXP 	slider: markerPos = 6.308333333333334
250.4395 	EXP 	slider: markerPos = 6.308333333333334
250.4465 	EXP 	slider: markerPos = 6.308333333333334
250.4537 	EXP 	slider: markerPos = 6.308333333333334
250.4609 	EXP 	slider: markerPos = 6.308333333333334
250.4679 	EXP 	slider: markerPos = 6.308333333333334
250.4752 	EXP 	slider: markerPos = 6.308333333333334
250.4824 	EXP 	slider: markerPos = 6.308333333333334
250.4929 	EXP 	slider: markerPos = 6.308333333333334
250.4999 	EXP 	slider: markerPos = 6.308333333333334
250.5073 	EXP 	slider: markerPos = 6.308333333333334
250.5148 	EXP 	slider: markerPos = 6.308333333333334
250.5221 	EXP 	slider: markerPos = 6.308333333333334
250.5292 	EXP 	slider: markerPos = 6.308333333333334
250.5364 	EXP 	slider: markerPos = 6.308333333333334
250.5437 	EXP 	slider: markerPos = 6.308333333333334
250.5509 	EXP 	slider: markerPos = 6.308333333333334
250.5581 	EXP 	slider: markerPos = 6.308333333333334
250.5653 	EXP 	slider: markerPos = 6.308333333333334
250.5727 	EXP 	slider: markerPos = 6.308333333333334
250.5832 	EXP 	slider: markerPos = 6.308333333333334
250.5908 	EXP 	slider: markerPos = 6.308333333333334
250.5982 	EXP 	slider: markerPos = 6.308333333333334
250.6055 	EXP 	slider: markerPos = 6.308333333333334
250.6126 	EXP 	slider: markerPos = 6.308333333333334
250.6198 	EXP 	slider: markerPos = 6.308333333333334
250.6270 	EXP 	slider: markerPos = 6.308333333333334
250.6343 	EXP 	slider: markerPos = 6.308333333333334
250.6416 	EXP 	slider: markerPos = 6.308333333333334
250.6489 	EXP 	slider: markerPos = 6.308333333333334
250.6595 	EXP 	slider: markerPos = 6.308333333333334
250.6666 	EXP 	slider: markerPos = 6.308333333333334
250.6737 	EXP 	slider: markerPos = 6.308333333333334
250.6812 	EXP 	slider: markerPos = 6.308333333333334
250.6888 	EXP 	slider: markerPos = 6.308333333333334
250.6961 	EXP 	slider: markerPos = 6.308333333333334
250.7033 	EXP 	slider: markerPos = 6.308333333333334
250.7105 	EXP 	slider: markerPos = 6.308333333333334
250.7177 	EXP 	slider: markerPos = 6.308333333333334
250.7248 	EXP 	slider: markerPos = 6.308333333333334
250.7320 	EXP 	slider: markerPos = 6.308333333333334
250.7392 	EXP 	slider: markerPos = 6.308333333333334
250.7497 	EXP 	slider: markerPos = 6.308333333333334
250.7568 	EXP 	slider: markerPos = 6.308333333333334
250.7639 	EXP 	slider: markerPos = 6.308333333333334
250.7712 	EXP 	slider: markerPos = 6.308333333333334
250.7787 	EXP 	slider: markerPos = 6.308333333333334
250.7860 	EXP 	slider: markerPos = 6.308333333333334
250.7932 	EXP 	slider: markerPos = 6.308333333333334
250.8003 	EXP 	slider: markerPos = 6.308333333333334
250.8075 	EXP 	slider: markerPos = 6.308333333333334
250.8145 	EXP 	slider: markerPos = 6.308333333333334
250.8216 	EXP 	slider: markerPos = 6.308333333333334
250.8286 	EXP 	slider: markerPos = 6.308333333333334
250.8357 	EXP 	slider: markerPos = 6.308333333333334
250.8428 	EXP 	slider: markerPos = 6.308333333333334
250.8497 	EXP 	slider: markerPos = 6.308333333333334
250.8569 	EXP 	slider: markerPos = 6.308333333333334
250.8640 	EXP 	slider: markerPos = 6.308333333333334
250.8713 	EXP 	slider: markerPos = 6.308333333333334
250.8817 	EXP 	slider: markerPos = 6.308333333333334
250.8889 	EXP 	slider: markerPos = 6.308333333333334
250.8960 	EXP 	slider: markerPos = 6.308333333333334
250.9035 	EXP 	slider: markerPos = 6.308333333333334
250.9110 	EXP 	slider: markerPos = 6.308333333333334
250.9182 	EXP 	slider: markerPos = 6.308333333333334
250.9254 	EXP 	slider: markerPos = 6.308333333333334
250.9327 	EXP 	slider: markerPos = 6.308333333333334
250.9398 	EXP 	slider: markerPos = 6.308333333333334
250.9470 	EXP 	slider: markerPos = 6.308333333333334
250.9546 	EXP 	slider: markerPos = 6.308333333333334
250.9653 	EXP 	slider: markerPos = 6.308333333333334
250.9721 	EXP 	slider: markerPos = 6.308333333333334
250.9793 	EXP 	slider: markerPos = 6.308333333333334
250.9870 	EXP 	slider: markerPos = 6.308333333333334
250.9942 	EXP 	slider: markerPos = 6.308333333333334
251.0013 	EXP 	slider: markerPos = 6.308333333333334
251.0084 	EXP 	slider: markerPos = 6.308333333333334
251.0159 	EXP 	slider: markerPos = 6.308333333333334
251.0230 	EXP 	slider: markerPos = 6.308333333333334
251.0301 	EXP 	slider: markerPos = 6.308333333333334
251.0375 	EXP 	slider: markerPos = 6.308333333333334
251.0447 	EXP 	slider: markerPos = 6.308333333333334
251.0517 	EXP 	slider: markerPos = 6.308333333333334
251.0623 	EXP 	slider: markerPos = 6.308333333333334
251.0700 	EXP 	slider: markerPos = 6.308333333333334
251.0770 	EXP 	slider: markerPos = 6.308333333333334
251.0843 	EXP 	slider: markerPos = 6.308333333333334
251.0916 	EXP 	slider: markerPos = 6.308333333333334
251.0988 	EXP 	slider: markerPos = 6.308333333333334
251.1060 	EXP 	slider: markerPos = 6.308333333333334
251.1133 	EXP 	slider: markerPos = 6.308333333333334
251.1204 	EXP 	slider: markerPos = 6.308333333333334
251.1275 	EXP 	slider: markerPos = 6.308333333333334
251.1354 	EXP 	slider: markerPos = 6.308333333333334
251.1456 	EXP 	slider: markerPos = 6.308333333333334
251.1527 	EXP 	slider: markerPos = 6.308333333333334
251.1595 	EXP 	slider: markerPos = 6.308333333333334
251.1666 	EXP 	slider: markerPos = 6.308333333333334
251.1735 	EXP 	slider: markerPos = 6.308333333333334
251.1808 	EXP 	slider: markerPos = 6.308333333333334
251.1884 	EXP 	slider: markerPos = 6.308333333333334
251.1961 	EXP 	slider: markerPos = 6.308333333333334
251.2033 	EXP 	slider: markerPos = 6.308333333333334
251.2105 	EXP 	slider: markerPos = 6.308333333333334
251.2176 	EXP 	slider: markerPos = 6.308333333333334
251.2248 	EXP 	slider: markerPos = 6.308333333333334
251.2321 	EXP 	slider: markerPos = 6.308333333333334
251.2393 	EXP 	slider: markerPos = 6.308333333333334
251.2498 	EXP 	slider: markerPos = 6.308333333333334
251.2568 	EXP 	slider: markerPos = 6.308333333333334
251.2640 	EXP 	slider: markerPos = 6.308333333333334
251.2716 	EXP 	slider: markerPos = 6.308333333333334
251.2790 	EXP 	slider: markerPos = 6.308333333333334
251.2861 	EXP 	slider: markerPos = 6.308333333333334
251.2933 	EXP 	slider: markerPos = 6.308333333333334
251.3006 	EXP 	slider: markerPos = 6.308333333333334
251.3077 	EXP 	slider: markerPos = 6.308333333333334
251.3151 	EXP 	slider: markerPos = 6.308333333333334
251.3223 	EXP 	slider: markerPos = 6.308333333333334
251.3297 	EXP 	slider: markerPos = 6.308333333333334
251.3402 	EXP 	slider: markerPos = 6.308333333333334
251.3472 	EXP 	slider: markerPos = 6.308333333333334
251.3542 	EXP 	slider: markerPos = 6.308333333333334
251.3619 	EXP 	slider: markerPos = 6.308333333333334
251.3693 	EXP 	slider: markerPos = 6.308333333333334
251.3765 	EXP 	slider: markerPos = 6.308333333333334
251.3836 	EXP 	slider: markerPos = 6.308333333333334
251.3908 	EXP 	slider: markerPos = 6.308333333333334
251.3980 	EXP 	slider: markerPos = 6.308333333333334
251.4055 	EXP 	slider: markerPos = 6.308333333333334
251.4129 	EXP 	slider: markerPos = 6.308333333333334
251.4235 	EXP 	slider: markerPos = 6.308333333333334
251.4305 	EXP 	slider: markerPos = 6.308333333333334
251.4375 	EXP 	slider: markerPos = 6.308333333333334
251.4448 	EXP 	slider: markerPos = 6.308333333333334
251.4524 	EXP 	slider: markerPos = 6.308333333333334
251.4596 	EXP 	slider: markerPos = 6.308333333333334
251.4668 	EXP 	slider: markerPos = 6.308333333333334
251.4741 	EXP 	slider: markerPos = 6.308333333333334
251.4809 	EXP 	slider: markerPos = 6.308333333333334
251.4881 	EXP 	slider: markerPos = 6.308333333333334
251.4953 	EXP 	slider: markerPos = 6.308333333333334
251.5023 	EXP 	slider: markerPos = 6.308333333333334
251.5096 	EXP 	slider: markerPos = 6.308333333333334
251.5167 	EXP 	slider: markerPos = 6.308333333333334
251.5239 	EXP 	slider: markerPos = 6.308333333333334
251.5345 	EXP 	slider: markerPos = 6.308333333333334
251.5415 	EXP 	slider: markerPos = 6.308333333333334
251.5486 	EXP 	slider: markerPos = 6.308333333333334
251.5559 	EXP 	slider: markerPos = 6.308333333333334
251.5634 	EXP 	slider: markerPos = 6.308333333333334
251.5708 	EXP 	slider: markerPos = 6.308333333333334
251.5781 	EXP 	slider: markerPos = 6.308333333333334
251.5850 	EXP 	slider: markerPos = 6.308333333333334
251.5921 	EXP 	slider: markerPos = 6.308333333333334
251.5992 	EXP 	slider: markerPos = 6.308333333333334
251.6063 	EXP 	slider: markerPos = 6.308333333333334
251.6135 	EXP 	slider: markerPos = 6.308333333333334
251.6208 	EXP 	slider: markerPos = 6.308333333333334
251.6280 	EXP 	slider: markerPos = 6.308333333333334
251.6387 	EXP 	slider: markerPos = 6.308333333333334
251.6457 	EXP 	slider: markerPos = 6.308333333333334
251.6529 	EXP 	slider: markerPos = 6.308333333333334
251.6602 	EXP 	slider: markerPos = 6.308333333333334
251.6676 	EXP 	slider: markerPos = 6.308333333333334
251.6749 	EXP 	slider: markerPos = 6.308333333333334
251.6821 	EXP 	slider: markerPos = 6.308333333333334
251.6893 	EXP 	slider: markerPos = 6.308333333333334
251.6969 	EXP 	slider: markerPos = 6.308333333333334
251.7041 	EXP 	slider: markerPos = 6.308333333333334
251.7117 	EXP 	slider: markerPos = 6.308333333333334
251.7220 	EXP 	slider: markerPos = 6.308333333333334
251.7291 	EXP 	slider: markerPos = 6.308333333333334
251.7362 	EXP 	slider: markerPos = 6.308333333333334
251.7438 	EXP 	slider: markerPos = 6.308333333333334
251.7512 	EXP 	slider: markerPos = 6.308333333333334
251.7584 	EXP 	slider: markerPos = 6.308333333333334
251.7655 	EXP 	slider: markerPos = 6.308333333333334
251.7728 	EXP 	slider: markerPos = 6.308333333333334
251.7799 	EXP 	slider: markerPos = 6.308333333333334
251.7871 	EXP 	slider: markerPos = 6.308333333333334
251.7943 	EXP 	slider: markerPos = 6.308333333333334
251.8015 	EXP 	slider: markerPos = 6.308333333333334
251.8087 	EXP 	slider: markerPos = 6.308333333333334
251.8194 	EXP 	slider: markerPos = 6.308333333333334
251.8263 	EXP 	slider: markerPos = 6.308333333333334
251.8334 	EXP 	slider: markerPos = 6.308333333333334
251.8407 	EXP 	slider: markerPos = 6.308333333333334
251.8480 	EXP 	slider: markerPos = 6.308333333333334
251.8555 	EXP 	slider: markerPos = 6.308333333333334
251.8625 	EXP 	slider: markerPos = 6.308333333333334
251.8698 	EXP 	slider: markerPos = 6.308333333333334
251.8770 	EXP 	slider: markerPos = 6.308333333333334
251.8843 	EXP 	slider: markerPos = 6.308333333333334
251.8913 	EXP 	slider: markerPos = 6.308333333333334
251.8985 	EXP 	slider: markerPos = 6.308333333333334
251.9057 	EXP 	slider: markerPos = 6.308333333333334
251.9129 	EXP 	slider: markerPos = 6.308333333333334
251.9236 	EXP 	slider: markerPos = 6.308333333333334
251.9306 	EXP 	slider: markerPos = 6.308333333333334
251.9377 	EXP 	slider: markerPos = 6.308333333333334
251.9453 	EXP 	slider: markerPos = 6.308333333333334
251.9526 	EXP 	slider: markerPos = 6.308333333333334
251.9598 	EXP 	slider: markerPos = 6.308333333333334
251.9670 	EXP 	slider: markerPos = 6.308333333333334
251.9753 	EXP 	slider: markerPos = 6.308333333333334
251.9862 	EXP 	slider: markerPos = 6.308333333333334
251.9935 	EXP 	slider: markerPos = 6.308333333333334
252.0010 	EXP 	slider: markerPos = 6.308333333333334
252.0083 	EXP 	slider: markerPos = 6.308333333333334
252.0158 	EXP 	slider: markerPos = 6.308333333333334
252.0278 	EXP 	slider: markerPos = 6.308333333333334
252.0352 	EXP 	slider: markerPos = 6.308333333333334
252.0428 	EXP 	slider: markerPos = 6.308333333333334
252.0506 	EXP 	slider: markerPos = 6.308333333333334
252.0625 	EXP 	slider: markerPos = 6.308333333333334
252.0697 	EXP 	slider: markerPos = 6.308333333333334
252.0774 	EXP 	slider: markerPos = 6.308333333333334
252.0849 	EXP 	slider: markerPos = 6.308333333333334
252.0928 	EXP 	slider: markerPos = 6.308333333333334
252.1041 	EXP 	slider: markerPos = 6.308333333333334
252.1113 	EXP 	slider: markerPos = 6.308333333333334
252.1193 	EXP 	slider: markerPos = 6.308333333333334
252.1268 	EXP 	slider: markerPos = 6.308333333333334
252.1346 	EXP 	slider: markerPos = 6.308333333333334
252.1461 	EXP 	slider: markerPos = 6.308333333333334
252.1536 	EXP 	slider: markerPos = 6.308333333333334
252.1610 	EXP 	slider: markerPos = 6.308333333333334
252.1685 	EXP 	slider: markerPos = 6.308333333333334
252.1762 	EXP 	slider: markerPos = 6.308333333333334
252.1875 	EXP 	slider: markerPos = 6.308333333333334
252.1948 	EXP 	slider: markerPos = 6.308333333333334
252.2028 	EXP 	slider: markerPos = 6.308333333333334
252.2103 	EXP 	slider: markerPos = 6.308333333333334
252.2221 	EXP 	slider: markerPos = 6.308333333333334
252.2295 	EXP 	slider: markerPos = 6.308333333333334
252.2370 	EXP 	slider: markerPos = 6.308333333333334
252.2444 	EXP 	slider: markerPos = 6.308333333333334
252.2523 	EXP 	slider: markerPos = 6.308333333333334
252.2638 	EXP 	slider: markerPos = 6.308333333333334
252.2711 	EXP 	slider: markerPos = 6.308333333333334
252.2788 	EXP 	slider: markerPos = 6.308333333333334
252.2863 	EXP 	slider: markerPos = 6.308333333333334
252.2945 	EXP 	slider: markerPos = 6.308333333333334
252.3055 	EXP 	slider: markerPos = 6.308333333333334
252.3128 	EXP 	slider: markerPos = 6.308333333333334
252.3205 	EXP 	slider: markerPos = 6.308333333333334
252.3280 	EXP 	slider: markerPos = 6.308333333333334
252.3359 	EXP 	slider: markerPos = 6.308333333333334
252.3473 	EXP 	slider: markerPos = 6.308333333333334
252.3547 	EXP 	slider: markerPos = 6.308333333333334
252.3623 	EXP 	slider: markerPos = 6.308333333333334
252.3696 	EXP 	slider: markerPos = 6.308333333333334
252.3774 	EXP 	slider: markerPos = 6.308333333333334
252.3845 	EXP 	slider: markerPos = 6.308333333333334
252.3918 	EXP 	slider: markerPos = 6.308333333333334
252.3991 	EXP 	slider: markerPos = 6.308333333333334
252.4094 	EXP 	slider: markerPos = 6.308333333333334
252.4165 	EXP 	slider: markerPos = 6.308333333333334
252.4239 	EXP 	slider: markerPos = 6.308333333333334
252.4314 	EXP 	slider: markerPos = 6.308333333333334
252.4385 	EXP 	slider: markerPos = 6.308333333333334
252.4457 	EXP 	slider: markerPos = 6.308333333333334
252.4529 	EXP 	slider: markerPos = 6.308333333333334
252.4600 	EXP 	slider: markerPos = 6.308333333333334
252.4674 	EXP 	slider: markerPos = 6.308333333333334
252.4746 	EXP 	slider: markerPos = 6.308333333333334
252.4819 	EXP 	slider: markerPos = 6.308333333333334
252.4892 	EXP 	slider: markerPos = 6.308333333333334
252.4964 	EXP 	slider: markerPos = 6.308333333333334
252.5067 	EXP 	slider: markerPos = 6.308333333333334
252.5138 	EXP 	slider: markerPos = 6.308333333333334
252.5210 	EXP 	slider: markerPos = 6.308333333333334
252.5285 	EXP 	slider: markerPos = 6.308333333333334
252.5357 	EXP 	slider: markerPos = 6.308333333333334
252.5431 	EXP 	slider: markerPos = 6.308333333333334
252.5502 	EXP 	slider: markerPos = 6.308333333333334
252.5576 	EXP 	slider: markerPos = 6.308333333333334
252.5647 	EXP 	slider: markerPos = 6.308333333333334
252.5719 	EXP 	slider: markerPos = 6.308333333333334
252.5793 	EXP 	slider: markerPos = 6.308333333333334
252.5865 	EXP 	slider: markerPos = 6.308333333333334
252.5971 	EXP 	slider: markerPos = 6.308333333333334
252.6040 	EXP 	slider: markerPos = 6.308333333333334
252.6113 	EXP 	slider: markerPos = 6.308333333333334
252.6186 	EXP 	slider: markerPos = 6.308333333333334
252.6263 	EXP 	slider: markerPos = 6.308333333333334
252.6334 	EXP 	slider: markerPos = 6.308333333333334
252.6407 	EXP 	slider: markerPos = 6.308333333333334
252.6479 	EXP 	slider: markerPos = 6.308333333333334
252.6552 	EXP 	slider: markerPos = 6.308333333333334
252.6626 	EXP 	slider: markerPos = 6.308333333333334
252.6698 	EXP 	slider: markerPos = 6.308333333333334
252.6804 	EXP 	slider: markerPos = 6.308333333333334
252.6874 	EXP 	slider: markerPos = 6.308333333333334
252.6947 	EXP 	slider: markerPos = 6.308333333333334
252.7018 	EXP 	slider: markerPos = 6.308333333333334
252.7093 	EXP 	slider: markerPos = 6.308333333333334
252.7164 	EXP 	slider: markerPos = 6.308333333333334
252.7236 	EXP 	slider: markerPos = 6.308333333333334
252.7308 	EXP 	slider: markerPos = 6.308333333333334
252.7381 	EXP 	slider: markerPos = 6.308333333333334
252.7452 	EXP 	slider: markerPos = 6.308333333333334
252.7524 	EXP 	slider: markerPos = 6.308333333333334
252.7596 	EXP 	slider: markerPos = 6.308333333333334
252.7669 	EXP 	slider: markerPos = 6.308333333333334
252.7775 	EXP 	slider: markerPos = 6.308333333333334
252.7845 	EXP 	slider: markerPos = 6.308333333333334
252.7917 	EXP 	slider: markerPos = 6.308333333333334
252.7992 	EXP 	slider: markerPos = 6.308333333333334
252.8064 	EXP 	slider: markerPos = 6.308333333333334
252.8137 	EXP 	slider: markerPos = 6.308333333333334
252.8208 	EXP 	slider: markerPos = 6.308333333333334
252.8281 	EXP 	slider: markerPos = 6.308333333333334
252.8354 	EXP 	slider: markerPos = 6.308333333333334
252.8425 	EXP 	slider: markerPos = 6.308333333333334
252.8496 	EXP 	slider: markerPos = 6.308333333333334
252.8567 	EXP 	slider: markerPos = 6.308333333333334
252.8641 	EXP 	slider: markerPos = 6.308333333333334
252.8714 	EXP 	slider: markerPos = 6.308333333333334
252.8817 	EXP 	slider: markerPos = 6.308333333333334
252.8888 	EXP 	slider: markerPos = 6.308333333333334
252.8960 	EXP 	slider: markerPos = 6.308333333333334
252.9035 	EXP 	slider: markerPos = 6.308333333333334
252.9110 	EXP 	slider: markerPos = 6.308333333333334
252.9177 	EXP 	slider: markerPos = 6.308333333333334
252.9243 	EXP 	slider: markerPos = 6.308333333333334
252.9320 	EXP 	slider: markerPos = 6.291666666666667
252.9396 	EXP 	slider: markerPos = 6.283333333333333
252.9470 	EXP 	slider: markerPos = 6.266666666666667
252.9548 	EXP 	slider: markerPos = 6.241666666666666
252.9652 	EXP 	slider: markerPos = 6.191666666666666
252.9724 	EXP 	slider: markerPos = 6.1499999999999995
252.9800 	EXP 	slider: markerPos = 6.091666666666667
252.9873 	EXP 	slider: markerPos = 6.041666666666667
252.9946 	EXP 	slider: markerPos = 5.983333333333333
253.0022 	EXP 	slider: markerPos = 5.941666666666666
253.0094 	EXP 	slider: markerPos = 5.8999999999999995
253.0169 	EXP 	slider: markerPos = 5.866666666666667
253.0278 	EXP 	slider: markerPos = 5.833333333333333
253.0355 	EXP 	slider: markerPos = 5.783333333333333
253.0426 	EXP 	slider: markerPos = 5.758333333333333
253.0498 	EXP 	slider: markerPos = 5.733333333333333
253.0571 	EXP 	slider: markerPos = 5.7250000000000005
253.0644 	EXP 	slider: markerPos = 5.716666666666666
253.0717 	EXP 	slider: markerPos = 5.708333333333333
253.0788 	EXP 	slider: markerPos = 5.7
253.0860 	EXP 	slider: markerPos = 5.683333333333334
253.0933 	EXP 	slider: markerPos = 5.683333333333334
253.1039 	EXP 	slider: markerPos = 5.683333333333334
253.1116 	EXP 	slider: markerPos = 5.666666666666666
253.1191 	EXP 	slider: markerPos = 5.666666666666666
253.1262 	EXP 	slider: markerPos = 5.658333333333333
253.1327 	EXP 	slider: markerPos = 5.65
253.1400 	EXP 	slider: markerPos = 5.641666666666667
253.1473 	EXP 	slider: markerPos = 5.641666666666667
253.1548 	EXP 	slider: markerPos = 5.625
253.1620 	EXP 	slider: markerPos = 5.616666666666666
253.1692 	EXP 	slider: markerPos = 5.616666666666666
253.1767 	EXP 	slider: markerPos = 5.608333333333333
253.1873 	EXP 	slider: markerPos = 5.6
253.1944 	EXP 	slider: markerPos = 5.6
253.2015 	EXP 	slider: markerPos = 5.6
253.2097 	EXP 	slider: markerPos = 5.6
253.2168 	EXP 	slider: markerPos = 5.591666666666667
253.2240 	EXP 	slider: markerPos = 5.591666666666667
253.2313 	EXP 	slider: markerPos = 5.591666666666667
253.2385 	EXP 	slider: markerPos = 5.591666666666667
253.2456 	EXP 	slider: markerPos = 5.591666666666667
253.2526 	EXP 	slider: markerPos = 5.591666666666667
253.2600 	EXP 	slider: markerPos = 5.591666666666667
253.2707 	EXP 	slider: markerPos = 5.591666666666667
253.2777 	EXP 	slider: markerPos = 5.591666666666667
253.2849 	EXP 	slider: markerPos = 5.591666666666667
253.2920 	EXP 	slider: markerPos = 5.591666666666667
253.2987 	DATA 	Mouse:  Left button up, pos=(971,235)
253.3002 	EXP 	slider: markerPos = 5.591666666666667
253.3071 	EXP 	slider: markerPos = 5.591666666666667
253.3161 	EXP 	slider: autoDraw = False
253.3161 	EXP 	text_3: autoDraw = False
253.3161 	EXP 	suggestions: autoDraw = True
253.3161 	EXP 	text_6: autoDraw = True
255.3985 	DATA 	Keypress: right
255.4028 	EXP 	suggestions: autoDraw = False
255.4028 	EXP 	text_6: autoDraw = False
255.4028 	EXP 	thank_you: autoDraw = True
258.4029 	EXP 	thank_you: autoDraw = False
258.4029 	EXP 	thank_you: autoDraw = False
258.4032 	EXP 	clock: status = STOPPED
258.4647 	EXP 	window1: mouseVisible = True
