7.8025 	WARNING 	User requested fullscreen with size [1024  768], but screen is actually [1920, 1080]. Using actual size
8.4904 	EXP 	Created window1 = Window(allowGUI=True, allowStencil=True, autoLog=True, backendConf=UNKNOWN, backgroundFit=<method-wrapper '__getattribute__' of attributeSetter object at 0x0000020691A06C40>, backgroundImage=<method-wrapper '__getattribute__' of attributeSetter object at 0x0000020691A06BE0>, bitsMode=UNKNOWN, blendMode='avg', bpc=(8, 8, 8), color=array([0, 0, 0]), colorSpace='rgb', depthBits=8, fullscr=<method-wrapper '__getattribute__' of attributeSetter object at 0x0000020691A06A30>, gamma=None, gammaErrorPolicy='raise', lms=UNKNOWN, monitor=<psychopy.monitors.calibTools.Monitor object at 0x0000020691D951F0>, multiSample=False, name='window1', numSamples=2, pos=(0, 0), screen=0, size=array([1920, 1080]), stencilBits=8, stereo=False, title='PsychoPy', units='height', useFBO=True, useRetina=False, viewOri=0.0, viewPos=None, viewScale=None, waitBlanking=True, winType='pyglet')
8.4905 	EXP 	window1: mouseVisible = True
8.4906 	EXP 	window1: backgroundImage = ''
8.4906 	EXP 	window1: backgroundFit = 'none'
8.4921 	EXP 	window1: Attempting to measure frame rate of screen (0) ...
8.4922 	EXP 	window1: recordFrameIntervals = False
8.5593 	EXP 	window1: recordFrameIntervals = True
8.6366 	EXP 	Screen (0) actual frame rate measured at 142.58Hz
8.6366 	EXP 	window1: recordFrameIntervals = False
8.6367 	EXP 	window1: mouseVisible = False
10.6239 	EXP 	clock: status = STARTED
10.6243 	EXP 	window1: mouseVisible = True
10.7724 	EXP 	Created instructions = TextStim(__class__=<class 'psychopy.visual.text.TextStim'>, alignHoriz=method-wrapper(...), alignText='center', alignVert=method-wrapper(...), anchorHoriz='center', anchorVert='center', antialias=True, autoDraw=False, autoLog=True, bold=False, color=array([1., 1., 1.]), colorSpace='rgb', contrast=1.0, depth=0.0, draggable=False, flipHoriz=False, flipVert=False, font='Arial', fontFiles=[], height=0.05, italic=False, languageStyle='LTR', name='instructions', opacity=1.0, ori=0, pos=array([0., 0.]), rgb=UNKNOWN, text=str(...), units='height', win=Window(...), wrapWidth=1)
10.7725 	EXP 	window1: mouseVisible = True
10.7843 	EXP 	Created clock = ImageStim(__class__=<class 'psychopy.visual.image.ImageStim'>, anchor=('center', 'center'), autoLog=True, color=array([1., 1., 1.]), colorSpace='rgb', contrast=1.0, depth=0.0, draggable=False, flipHoriz=False, flipVert=False, image='default.png', interpolate=True, mask=None, maskParams=None, name='clock', opacity=1.0, ori=0.0, pos=array([0., 0.]), size=array([0.9, 0.9]), texRes=128, units='height', win=Window(...))
10.7845 	EXP 	window1: mouseVisible = True
11.2066 	EXP 	Created fixation = ImageStim(__class__=<class 'psychopy.visual.image.ImageStim'>, anchor=('center', 'center'), autoLog=True, color=array([1., 1., 1.]), colorSpace='rgb', contrast=1.0, depth=-1.0, draggable=False, flipHoriz=False, flipVert=False, image='images/00.png', interpolate=True, mask=None, maskParams=None, name='fixation', opacity=1.0, ori=0.0, pos=array([0., 0.]), size=array([0.9, 0.9]), texRes=128, units='height', win=Window(...))
11.2067 	EXP 	window1: mouseVisible = True
11.2090 	EXP 	Created text = TextStim(__class__=<class 'psychopy.visual.text.TextStim'>, alignHoriz=method-wrapper(...), alignText='center', alignVert=method-wrapper(...), anchorHoriz='center', anchorVert='center', antialias=True, autoDraw=False, autoLog=True, bold=False, color=array([1., 1., 1.]), colorSpace='rgb', contrast=1.0, depth=-4.0, draggable=False, flipHoriz=False, flipVert=False, font='Open Sans', fontFiles=[], height=0.05, italic=False, languageStyle='LTR', name='text', opacity=1.0, ori=0.0, pos=array([0., 0.]), rgb=UNKNOWN, text='', units='height', win=Window(...), wrapWidth=1)
11.4407 	EXP 	window1: mouseVisible = True
11.4409 	EXP 	window1: mouseVisible = True
11.4414 	EXP 	window1: mouseVisible = True
11.4418 	EXP 	window1: mouseVisible = True
11.4496 	EXP 	window1: mouseVisible = True
11.4497 	EXP 	window1: mouseVisible = True
11.4502 	EXP 	window1: mouseVisible = True
11.4506 	EXP 	window1: mouseVisible = True
11.4909 	EXP 	window1: mouseVisible = True
11.5054 	EXP 	Created text_4 = TextStim(__class__=<class 'psychopy.visual.text.TextStim'>, alignHoriz=method-wrapper(...), alignText='center', alignVert=method-wrapper(...), anchorHoriz='center', anchorVert='center', antialias=True, autoDraw=False, autoLog=True, bold=False, color=array([1., 1., 1.]), colorSpace='rgb', contrast=1.0, depth=-2.0, draggable=False, flipHoriz=False, flipVert=False, font='Open Sans', fontFiles=[], height=0.05, italic=False, languageStyle='LTR', name='text_4', opacity=1.0, ori=0.0, pos=array([0. , 0.3]), rgb=UNKNOWN, text=str(...), units='height', win=Window(...), wrapWidth=1)
11.5057 	EXP 	window1: mouseVisible = True
11.5059 	EXP 	window1: mouseVisible = True
11.5064 	EXP 	window1: mouseVisible = True
11.5069 	EXP 	window1: mouseVisible = True
11.5106 	EXP 	window1: mouseVisible = True
11.5108 	EXP 	window1: mouseVisible = True
11.5113 	EXP 	window1: mouseVisible = True
11.5118 	EXP 	window1: mouseVisible = True
11.5512 	EXP 	window1: mouseVisible = True
11.5563 	EXP 	Created text_5 = TextStim(__class__=<class 'psychopy.visual.text.TextStim'>, alignHoriz=method-wrapper(...), alignText='center', alignVert=method-wrapper(...), anchorHoriz='center', anchorVert='center', antialias=True, autoDraw=False, autoLog=True, bold=False, color=array([1., 1., 1.]), colorSpace='rgb', contrast=1.0, depth=-2.0, draggable=False, flipHoriz=False, flipVert=False, font='Open Sans', fontFiles=[], height=0.05, italic=False, languageStyle='LTR', name='text_5', opacity=1.0, ori=0.0, pos=array([0. , 0.3]), rgb=UNKNOWN, text='How many skips were present in the task?', units='height', win=Window(...), wrapWidth=1)
11.5628 	EXP 	window1: mouseVisible = True
11.5632 	EXP 	window1: mouseVisible = True
11.5663 	EXP 	window1: mouseVisible = True
11.5681 	EXP 	window1: mouseVisible = True
11.5923 	EXP 	Created slider = Slider(__class__=<class 'psychopy.visual.slider.Slider'>, autoDraw=False, autoLog=True, borderColor=None, color=None, colorSpace='rgb', depth=-1, fillColor=None, flip=False, font='Open Sans', granularity=0.0, labelColor=None, labelHeight=0.05, labelWrapWidth=None, labels=None, lineColor=None, markerColor=None, name='slider', opacity=None, ori=0.0, pos=array([ 0. , -0.3]), readOnly=False, self=UNKNOWN, size=array([1. , 0.1]), startValue=None, style='rating', styleTweaks=[], ticks=array([ 1,  2,  3,  4,  5,  6,  7,  8,  9, 10]), units='height', win=Window(...))
11.5924 	EXP 	window1: mouseVisible = True
11.5962 	EXP 	Created text_3 = TextStim(__class__=<class 'psychopy.visual.text.TextStim'>, alignHoriz=method-wrapper(...), alignText='center', alignVert=method-wrapper(...), anchorHoriz='center', anchorVert='center', antialias=True, autoDraw=False, autoLog=True, bold=False, color=array([1., 1., 1.]), colorSpace='rgb', contrast=1.0, depth=-2.0, draggable=False, flipHoriz=False, flipVert=False, font='Open Sans', fontFiles=[], height=0.05, italic=False, languageStyle='LTR', name='text_3', opacity=1.0, ori=0.0, pos=array([0.  , 0.25]), rgb=UNKNOWN, text='How well do you think you did?', units='height', win=Window(...), wrapWidth=1)
11.5965 	EXP 	window1: mouseVisible = True
11.5966 	EXP 	window1: mouseVisible = True
11.5971 	EXP 	window1: mouseVisible = True
11.5977 	EXP 	window1: mouseVisible = True
11.6014 	EXP 	window1: mouseVisible = True
11.6015 	EXP 	window1: mouseVisible = True
11.6020 	EXP 	window1: mouseVisible = True
11.6026 	EXP 	window1: mouseVisible = True
11.6153 	EXP 	window1: mouseVisible = True
11.6226 	EXP 	Created text_6 = TextStim(__class__=<class 'psychopy.visual.text.TextStim'>, alignHoriz=method-wrapper(...), alignText='center', alignVert=method-wrapper(...), anchorHoriz='center', anchorVert='center', antialias=True, autoDraw=False, autoLog=True, bold=False, color=array([1., 1., 1.]), colorSpace='rgb', contrast=1.0, depth=-2.0, draggable=False, flipHoriz=False, flipVert=False, font='Open Sans', fontFiles=[], height=0.05, italic=False, languageStyle='LTR', name='text_6', opacity=1.0, ori=0.0, pos=array([0. , 0.3]), rgb=UNKNOWN, text='Did you like the experiment? Any suggestions?', units='height', win=Window(...), wrapWidth=1)
11.6227 	EXP 	window1: mouseVisible = True
11.6319 	EXP 	Created instructions_2 = TextStim(__class__=<class 'psychopy.visual.text.TextStim'>, alignHoriz=method-wrapper(...), alignText='center', alignVert=method-wrapper(...), anchorHoriz='center', anchorVert='center', antialias=True, autoDraw=False, autoLog=True, bold=False, color=array([1., 1., 1.]), colorSpace='rgb', contrast=1.0, depth=0.0, draggable=False, flipHoriz=False, flipVert=False, font='Arial', fontFiles=[], height=0.05, italic=False, languageStyle='LTR', name='instructions_2', opacity=1.0, ori=0, pos=array([0., 0.]), rgb=UNKNOWN, text=str(...), units='height', win=Window(...), wrapWidth=1)
11.6320 	EXP 	window1: mouseVisible = True
11.6442 	EXP 	Created clock_2 = ImageStim(__class__=<class 'psychopy.visual.image.ImageStim'>, anchor=('center', 'center'), autoLog=True, color=array([1., 1., 1.]), colorSpace='rgb', contrast=1.0, depth=0.0, draggable=False, flipHoriz=False, flipVert=False, image='default.png', interpolate=True, mask=None, maskParams=None, name='clock_2', opacity=1.0, ori=0.0, pos=array([0., 0.]), size=array([0.9, 0.9]), texRes=128, units='height', win=Window(...))
11.6443 	EXP 	window1: mouseVisible = True
12.0829 	EXP 	Created fixation_2 = ImageStim(__class__=<class 'psychopy.visual.image.ImageStim'>, anchor=('center', 'center'), autoLog=True, color=array([1., 1., 1.]), colorSpace='rgb', contrast=1.0, depth=-1.0, draggable=False, flipHoriz=False, flipVert=False, image='images/00.png', interpolate=True, mask=None, maskParams=None, name='fixation_2', opacity=1.0, ori=0.0, pos=array([0., 0.]), size=array([0.9, 0.9]), texRes=128, units='height', win=Window(...))
12.0831 	EXP 	window1: mouseVisible = True
12.0843 	EXP 	Created text_2 = TextStim(__class__=<class 'psychopy.visual.text.TextStim'>, alignHoriz=method-wrapper(...), alignText='center', alignVert=method-wrapper(...), anchorHoriz='center', anchorVert='center', antialias=True, autoDraw=False, autoLog=True, bold=False, color=array([1., 1., 1.]), colorSpace='rgb', contrast=1.0, depth=-4.0, draggable=False, flipHoriz=False, flipVert=False, font='Open Sans', fontFiles=[], height=0.05, italic=False, languageStyle='LTR', name='text_2', opacity=1.0, ori=0.0, pos=array([0., 0.]), rgb=UNKNOWN, text='', units='height', win=Window(...), wrapWidth=1)
12.1637 	EXP 	window1: mouseVisible = True
12.1640 	EXP 	window1: mouseVisible = True
12.1648 	EXP 	window1: mouseVisible = True
12.1656 	EXP 	window1: mouseVisible = True
12.1698 	EXP 	window1: mouseVisible = True
12.1699 	EXP 	window1: mouseVisible = True
12.1704 	EXP 	window1: mouseVisible = True
12.1709 	EXP 	window1: mouseVisible = True
12.1741 	EXP 	window1: mouseVisible = True
12.1783 	EXP 	Created text_4 = TextStim(__class__=<class 'psychopy.visual.text.TextStim'>, alignHoriz=method-wrapper(...), alignText='center', alignVert=method-wrapper(...), anchorHoriz='center', anchorVert='center', antialias=True, autoDraw=False, autoLog=True, bold=False, color=array([1., 1., 1.]), colorSpace='rgb', contrast=1.0, depth=-2.0, draggable=False, flipHoriz=False, flipVert=False, font='Open Sans', fontFiles=[], height=0.05, italic=False, languageStyle='LTR', name='text_4', opacity=1.0, ori=0.0, pos=array([0. , 0.3]), rgb=UNKNOWN, text=str(...), units='height', win=Window(...), wrapWidth=1)
12.1786 	EXP 	window1: mouseVisible = True
12.1787 	EXP 	window1: mouseVisible = True
12.1792 	EXP 	window1: mouseVisible = True
12.1797 	EXP 	window1: mouseVisible = True
12.1831 	EXP 	window1: mouseVisible = True
12.1832 	EXP 	window1: mouseVisible = True
12.1837 	EXP 	window1: mouseVisible = True
12.1842 	EXP 	window1: mouseVisible = True
12.1874 	EXP 	window1: mouseVisible = True
12.1911 	EXP 	Created text_5 = TextStim(__class__=<class 'psychopy.visual.text.TextStim'>, alignHoriz=method-wrapper(...), alignText='center', alignVert=method-wrapper(...), anchorHoriz='center', anchorVert='center', antialias=True, autoDraw=False, autoLog=True, bold=False, color=array([1., 1., 1.]), colorSpace='rgb', contrast=1.0, depth=-2.0, draggable=False, flipHoriz=False, flipVert=False, font='Open Sans', fontFiles=[], height=0.05, italic=False, languageStyle='LTR', name='text_5', opacity=1.0, ori=0.0, pos=array([0. , 0.3]), rgb=UNKNOWN, text='How many skips were present in the task?', units='height', win=Window(...), wrapWidth=1)
12.1947 	EXP 	window1: mouseVisible = True
12.1951 	EXP 	window1: mouseVisible = True
12.2002 	EXP 	window1: mouseVisible = True
12.2021 	EXP 	window1: mouseVisible = True
12.2257 	EXP 	Created slider = Slider(__class__=<class 'psychopy.visual.slider.Slider'>, autoDraw=False, autoLog=True, borderColor=None, color=None, colorSpace='rgb', depth=-1, fillColor=None, flip=False, font='Open Sans', granularity=0.0, labelColor=None, labelHeight=0.05, labelWrapWidth=None, labels=None, lineColor=None, markerColor=None, name='slider', opacity=None, ori=0.0, pos=array([ 0. , -0.3]), readOnly=False, self=UNKNOWN, size=array([1. , 0.1]), startValue=None, style='rating', styleTweaks=[], ticks=array([ 1,  2,  3,  4,  5,  6,  7,  8,  9, 10]), units='height', win=Window(...))
12.2259 	EXP 	window1: mouseVisible = True
12.2293 	EXP 	Created text_3 = TextStim(__class__=<class 'psychopy.visual.text.TextStim'>, alignHoriz=method-wrapper(...), alignText='center', alignVert=method-wrapper(...), anchorHoriz='center', anchorVert='center', antialias=True, autoDraw=False, autoLog=True, bold=False, color=array([1., 1., 1.]), colorSpace='rgb', contrast=1.0, depth=-2.0, draggable=False, flipHoriz=False, flipVert=False, font='Open Sans', fontFiles=[], height=0.05, italic=False, languageStyle='LTR', name='text_3', opacity=1.0, ori=0.0, pos=array([0.  , 0.25]), rgb=UNKNOWN, text='How well do you think you did?', units='height', win=Window(...), wrapWidth=1)
12.2296 	EXP 	window1: mouseVisible = True
12.2297 	EXP 	window1: mouseVisible = True
12.2302 	EXP 	window1: mouseVisible = True
12.2307 	EXP 	window1: mouseVisible = True
12.2342 	EXP 	window1: mouseVisible = True
12.2343 	EXP 	window1: mouseVisible = True
12.2349 	EXP 	window1: mouseVisible = True
12.2354 	EXP 	window1: mouseVisible = True
12.2384 	EXP 	window1: mouseVisible = True
12.2430 	EXP 	Created text_6 = TextStim(__class__=<class 'psychopy.visual.text.TextStim'>, alignHoriz=method-wrapper(...), alignText='center', alignVert=method-wrapper(...), anchorHoriz='center', anchorVert='center', antialias=True, autoDraw=False, autoLog=True, bold=False, color=array([1., 1., 1.]), colorSpace='rgb', contrast=1.0, depth=-2.0, draggable=False, flipHoriz=False, flipVert=False, font='Open Sans', fontFiles=[], height=0.05, italic=False, languageStyle='LTR', name='text_6', opacity=1.0, ori=0.0, pos=array([0. , 0.3]), rgb=UNKNOWN, text='Did you like the experiment? Any suggestions?', units='height', win=Window(...), wrapWidth=1)
12.2431 	EXP 	window1: mouseVisible = True
12.2489 	EXP 	Created thank_you = TextStim(__class__=<class 'psychopy.visual.text.TextStim'>, alignHoriz=method-wrapper(...), alignText='center', alignVert=method-wrapper(...), anchorHoriz='center', anchorVert='center', antialias=True, autoDraw=False, autoLog=True, bold=False, color=array([1., 1., 1.]), colorSpace='rgb', contrast=1.0, depth=0.0, draggable=False, flipHoriz=False, flipVert=False, font='Arial', fontFiles=[], height=0.05, italic=False, languageStyle='LTR', name='thank_you', opacity=1.0, ori=0, pos=array([0., 0.]), rgb=UNKNOWN, text=str(...), units='height', win=Window(...), wrapWidth=1)
0.0880 	EXP 	duration: autoLog = True
0.0880 	EXP 	skips: autoLog = True
0.0880 	EXP 	slider: autoLog = True
0.0880 	EXP 	slider: styleTweaks = []
0.0880 	EXP 	slider: styleTweaks = []
0.0880 	EXP 	slider: styleTweaks = []
0.0880 	EXP 	slider: styleTweaks = []
0.0880 	EXP 	slider: contrast = 1.0
0.0880 	EXP 	slider: markerPos = None
0.0880 	EXP 	slider: autoLog = True
0.0880 	EXP 	suggestions: autoLog = True
0.0880 	EXP 	duration: autoLog = True
0.0880 	EXP 	skips: autoLog = True
0.0880 	EXP 	slider: autoLog = True
0.0880 	EXP 	slider: styleTweaks = []
0.0880 	EXP 	slider: styleTweaks = []
0.0880 	EXP 	slider: styleTweaks = []
0.0880 	EXP 	slider: styleTweaks = []
0.0880 	EXP 	slider: contrast = 1.0
0.0880 	EXP 	slider: markerPos = None
0.0880 	EXP 	slider: autoLog = True
0.0880 	EXP 	suggestions: autoLog = True
0.0962 	EXP 	instructions: autoDraw = True
1.2654 	EXP 	Imported conditions.xlsx as conditions, 45 conditions, 2 params
1.2661 	EXP 	Created sequence: sequential, trialTypes=45, nReps=1, seed=None
1.2663 	EXP 	New trial (rep=0, index=0): {'picture': 'images/01.png', 'corrAns': None}
1.4644 	EXP 	Sound  started
1.4671 	DATA 	Keypress: space
1.4694 	EXP 	instructions: autoDraw = False
1.4694 	EXP 	clock: image = 'images/01.png'
1.4694 	EXP 	clock: autoDraw = True
1.4694 	EXP 	fixation: autoDraw = True
1.4694 	EXP 	text: autoDraw = True
1.4694 	EXP 	text: height = 0.05
1.4694 	EXP 	text: height = 0.05
1.4694 	EXP 	text: height = 0.05
1.4694 	EXP 	text: text = ''
2.4701 	EXP 	clock: autoDraw = False
3.2629 	EXP 	New trial (rep=0, index=1): {'picture': 'images/02.png', 'corrAns': None}
3.3227 	EXP 	clock: autoDraw = False
3.3227 	EXP 	fixation: autoDraw = False
3.3227 	EXP 	text: autoDraw = False
3.3227 	EXP 	clock: image = 'images/02.png'
3.3227 	EXP 	clock: autoDraw = True
3.3227 	EXP 	fixation: autoDraw = True
3.3227 	EXP 	text: autoDraw = True
4.3242 	EXP 	clock: autoDraw = False
4.4384 	DATA 	Keypress: lwindows
5.2586 	EXP 	New trial (rep=0, index=2): {'picture': 'images/03.png', 'corrAns': None}
5.3212 	EXP 	clock: autoDraw = False
5.3212 	EXP 	fixation: autoDraw = False
5.3212 	EXP 	text: autoDraw = False
5.3212 	EXP 	clock: image = 'images/03.png'
5.3212 	EXP 	clock: autoDraw = True
5.3212 	EXP 	fixation: autoDraw = True
5.3212 	EXP 	text: autoDraw = True
5.4107 	DATA 	Keypress: lwindows
6.3275 	EXP 	clock: autoDraw = False
7.2574 	EXP 	New trial (rep=0, index=3): {'picture': 'images/05.png', 'corrAns': 'space'}
7.3177 	EXP 	clock: autoDraw = False
7.3177 	EXP 	fixation: autoDraw = False
7.3177 	EXP 	text: autoDraw = False
7.3177 	EXP 	clock: image = 'images/05.png'
7.3177 	EXP 	clock: autoDraw = True
7.3177 	EXP 	fixation: autoDraw = True
7.3177 	EXP 	text: autoDraw = True
8.3263 	EXP 	clock: autoDraw = False
9.2637 	EXP 	New trial (rep=0, index=4): {'picture': 'images/06.png', 'corrAns': None}
9.3421 	EXP 	clock: autoDraw = False
9.3421 	EXP 	fixation: autoDraw = False
9.3421 	EXP 	text: autoDraw = False
9.3421 	EXP 	clock: image = 'images/06.png'
9.3421 	EXP 	clock: autoDraw = True
9.3421 	EXP 	fixation: autoDraw = True
9.3421 	EXP 	text: autoDraw = True
10.3689 	EXP 	clock: autoDraw = False
11.2608 	EXP 	New trial (rep=0, index=5): {'picture': 'images/08.png', 'corrAns': 'space'}
11.3202 	EXP 	clock: autoDraw = False
11.3202 	EXP 	fixation: autoDraw = False
11.3202 	EXP 	text: autoDraw = False
11.3202 	EXP 	clock: image = 'images/08.png'
11.3202 	EXP 	clock: autoDraw = True
11.3202 	EXP 	fixation: autoDraw = True
11.3202 	EXP 	text: autoDraw = True
12.3416 	EXP 	clock: autoDraw = False
13.2627 	EXP 	New trial (rep=0, index=6): {'picture': 'images/10.png', 'corrAns': 'space'}
13.3396 	EXP 	clock: autoDraw = False
13.3396 	EXP 	fixation: autoDraw = False
13.3396 	EXP 	text: autoDraw = False
13.3396 	EXP 	clock: image = 'images/10.png'
13.3396 	EXP 	clock: autoDraw = True
13.3396 	EXP 	fixation: autoDraw = True
13.3396 	EXP 	text: autoDraw = True
14.3551 	EXP 	clock: autoDraw = False
15.2691 	EXP 	New trial (rep=0, index=7): {'picture': 'images/11.png', 'corrAns': None}
15.3522 	EXP 	clock: autoDraw = False
15.3522 	EXP 	fixation: autoDraw = False
15.3522 	EXP 	text: autoDraw = False
15.3522 	EXP 	clock: image = 'images/11.png'
15.3522 	EXP 	clock: autoDraw = True
15.3522 	EXP 	fixation: autoDraw = True
15.3522 	EXP 	text: autoDraw = True
16.3575 	EXP 	clock: autoDraw = False
17.2611 	EXP 	New trial (rep=0, index=8): {'picture': 'images/13.png', 'corrAns': 'space'}
17.3229 	EXP 	clock: autoDraw = False
17.3229 	EXP 	fixation: autoDraw = False
17.3229 	EXP 	text: autoDraw = False
17.3229 	EXP 	clock: image = 'images/13.png'
17.3229 	EXP 	clock: autoDraw = True
17.3229 	EXP 	fixation: autoDraw = True
17.3229 	EXP 	text: autoDraw = True
18.3227 	EXP 	clock: autoDraw = False
19.2606 	EXP 	New trial (rep=0, index=9): {'picture': 'images/14.png', 'corrAns': None}
19.3204 	EXP 	clock: autoDraw = False
19.3204 	EXP 	fixation: autoDraw = False
19.3204 	EXP 	text: autoDraw = False
19.3204 	EXP 	clock: image = 'images/14.png'
19.3204 	EXP 	clock: autoDraw = True
19.3204 	EXP 	fixation: autoDraw = True
19.3204 	EXP 	text: autoDraw = True
20.3231 	EXP 	clock: autoDraw = False
21.2610 	EXP 	New trial (rep=0, index=10): {'picture': 'images/15.png', 'corrAns': None}
21.3193 	EXP 	clock: autoDraw = False
21.3193 	EXP 	fixation: autoDraw = False
21.3193 	EXP 	text: autoDraw = False
21.3193 	EXP 	clock: image = 'images/15.png'
21.3193 	EXP 	clock: autoDraw = True
21.3193 	EXP 	fixation: autoDraw = True
21.3193 	EXP 	text: autoDraw = True
22.3228 	EXP 	clock: autoDraw = False
23.2633 	EXP 	New trial (rep=0, index=11): {'picture': 'images/16.png', 'corrAns': None}
23.3245 	EXP 	clock: autoDraw = False
23.3245 	EXP 	fixation: autoDraw = False
23.3245 	EXP 	text: autoDraw = False
23.3245 	EXP 	clock: image = 'images/16.png'
23.3245 	EXP 	clock: autoDraw = True
23.3245 	EXP 	fixation: autoDraw = True
23.3245 	EXP 	text: autoDraw = True
24.3349 	EXP 	clock: autoDraw = False
25.2609 	EXP 	New trial (rep=0, index=12): {'picture': 'images/18.png', 'corrAns': 'space'}
25.3211 	EXP 	clock: autoDraw = False
25.3211 	EXP 	fixation: autoDraw = False
25.3211 	EXP 	text: autoDraw = False
25.3211 	EXP 	clock: image = 'images/18.png'
25.3211 	EXP 	clock: autoDraw = True
25.3211 	EXP 	fixation: autoDraw = True
25.3211 	EXP 	text: autoDraw = True
26.3231 	EXP 	clock: autoDraw = False
27.2610 	EXP 	New trial (rep=0, index=13): {'picture': 'images/20.png', 'corrAns': 'space'}
27.3224 	EXP 	clock: autoDraw = False
27.3224 	EXP 	fixation: autoDraw = False
27.3224 	EXP 	text: autoDraw = False
27.3224 	EXP 	clock: image = 'images/20.png'
27.3224 	EXP 	clock: autoDraw = True
27.3224 	EXP 	fixation: autoDraw = True
27.3224 	EXP 	text: autoDraw = True
28.3315 	EXP 	clock: autoDraw = False
29.2610 	EXP 	New trial (rep=0, index=14): {'picture': 'images/21.png', 'corrAns': None}
29.3248 	EXP 	clock: autoDraw = False
29.3248 	EXP 	fixation: autoDraw = False
29.3248 	EXP 	text: autoDraw = False
29.3248 	EXP 	clock: image = 'images/21.png'
29.3248 	EXP 	clock: autoDraw = True
29.3248 	EXP 	fixation: autoDraw = True
29.3248 	EXP 	text: autoDraw = True
30.3297 	EXP 	clock: autoDraw = False
31.2603 	EXP 	New trial (rep=0, index=15): {'picture': 'images/22.png', 'corrAns': None}
31.3149 	EXP 	clock: autoDraw = False
31.3149 	EXP 	fixation: autoDraw = False
31.3149 	EXP 	text: autoDraw = False
31.3149 	EXP 	clock: image = 'images/22.png'
31.3149 	EXP 	clock: autoDraw = True
31.3149 	EXP 	fixation: autoDraw = True
31.3149 	EXP 	text: autoDraw = True
32.3159 	EXP 	clock: autoDraw = False
33.2605 	EXP 	New trial (rep=0, index=16): {'picture': 'images/23.png', 'corrAns': None}
33.3309 	EXP 	clock: autoDraw = False
33.3309 	EXP 	fixation: autoDraw = False
33.3309 	EXP 	text: autoDraw = False
33.3309 	EXP 	clock: image = 'images/23.png'
33.3309 	EXP 	clock: autoDraw = True
33.3309 	EXP 	fixation: autoDraw = True
33.3309 	EXP 	text: autoDraw = True
34.3362 	EXP 	clock: autoDraw = False
35.2603 	EXP 	New trial (rep=0, index=17): {'picture': 'images/24.png', 'corrAns': None}
35.3222 	EXP 	clock: autoDraw = False
35.3222 	EXP 	fixation: autoDraw = False
35.3222 	EXP 	text: autoDraw = False
35.3222 	EXP 	clock: image = 'images/24.png'
35.3222 	EXP 	clock: autoDraw = True
35.3222 	EXP 	fixation: autoDraw = True
35.3222 	EXP 	text: autoDraw = True
36.3225 	EXP 	clock: autoDraw = False
37.2605 	EXP 	New trial (rep=0, index=18): {'picture': 'images/25.png', 'corrAns': None}
37.3241 	EXP 	clock: autoDraw = False
37.3241 	EXP 	fixation: autoDraw = False
37.3241 	EXP 	text: autoDraw = False
37.3241 	EXP 	clock: image = 'images/25.png'
37.3241 	EXP 	clock: autoDraw = True
37.3241 	EXP 	fixation: autoDraw = True
37.3241 	EXP 	text: autoDraw = True
38.3294 	EXP 	clock: autoDraw = False
39.2606 	EXP 	New trial (rep=0, index=19): {'picture': 'images/27.png', 'corrAns': 'space'}
39.3165 	EXP 	clock: autoDraw = False
39.3165 	EXP 	fixation: autoDraw = False
39.3165 	EXP 	text: autoDraw = False
39.3165 	EXP 	clock: image = 'images/27.png'
39.3165 	EXP 	clock: autoDraw = True
39.3165 	EXP 	fixation: autoDraw = True
39.3165 	EXP 	text: autoDraw = True
40.3153 	EXP 	clock: autoDraw = False
41.2608 	EXP 	New trial (rep=0, index=20): {'picture': 'images/28.png', 'corrAns': None}
41.3239 	EXP 	clock: autoDraw = False
41.3239 	EXP 	fixation: autoDraw = False
41.3239 	EXP 	text: autoDraw = False
41.3239 	EXP 	clock: image = 'images/28.png'
41.3239 	EXP 	clock: autoDraw = True
41.3239 	EXP 	fixation: autoDraw = True
41.3239 	EXP 	text: autoDraw = True
42.3379 	EXP 	clock: autoDraw = False
43.2635 	EXP 	New trial (rep=0, index=21): {'picture': 'images/29.png', 'corrAns': None}
43.3202 	EXP 	clock: autoDraw = False
43.3202 	EXP 	fixation: autoDraw = False
43.3202 	EXP 	text: autoDraw = False
43.3202 	EXP 	clock: image = 'images/29.png'
43.3202 	EXP 	clock: autoDraw = True
43.3202 	EXP 	fixation: autoDraw = True
43.3202 	EXP 	text: autoDraw = True
44.3399 	EXP 	clock: autoDraw = False
45.2614 	EXP 	New trial (rep=0, index=22): {'picture': 'images/31.png', 'corrAns': 'space'}
45.3280 	EXP 	clock: autoDraw = False
45.3280 	EXP 	fixation: autoDraw = False
45.3280 	EXP 	text: autoDraw = False
45.3280 	EXP 	clock: image = 'images/31.png'
45.3280 	EXP 	clock: autoDraw = True
45.3280 	EXP 	fixation: autoDraw = True
45.3280 	EXP 	text: autoDraw = True
46.3493 	EXP 	clock: autoDraw = False
47.2603 	EXP 	New trial (rep=0, index=23): {'picture': 'images/32.png', 'corrAns': None}
47.3250 	EXP 	clock: autoDraw = False
47.3250 	EXP 	fixation: autoDraw = False
47.3250 	EXP 	text: autoDraw = False
47.3250 	EXP 	clock: image = 'images/32.png'
47.3250 	EXP 	clock: autoDraw = True
47.3250 	EXP 	fixation: autoDraw = True
47.3250 	EXP 	text: autoDraw = True
48.3294 	EXP 	clock: autoDraw = False
49.2601 	EXP 	New trial (rep=0, index=24): {'picture': 'images/33.png', 'corrAns': None}
49.3167 	EXP 	clock: autoDraw = False
49.3167 	EXP 	fixation: autoDraw = False
49.3167 	EXP 	text: autoDraw = False
49.3167 	EXP 	clock: image = 'images/33.png'
49.3167 	EXP 	clock: autoDraw = True
49.3167 	EXP 	fixation: autoDraw = True
49.3167 	EXP 	text: autoDraw = True
50.3334 	EXP 	clock: autoDraw = False
51.2606 	EXP 	New trial (rep=0, index=25): {'picture': 'images/34.png', 'corrAns': None}
51.3220 	EXP 	clock: autoDraw = False
51.3220 	EXP 	fixation: autoDraw = False
51.3220 	EXP 	text: autoDraw = False
51.3220 	EXP 	clock: image = 'images/34.png'
51.3220 	EXP 	clock: autoDraw = True
51.3220 	EXP 	fixation: autoDraw = True
51.3220 	EXP 	text: autoDraw = True
52.3220 	EXP 	clock: autoDraw = False
53.2598 	EXP 	New trial (rep=0, index=26): {'picture': 'images/36.png', 'corrAns': 'space'}
53.3245 	EXP 	clock: autoDraw = False
53.3245 	EXP 	fixation: autoDraw = False
53.3245 	EXP 	text: autoDraw = False
53.3245 	EXP 	clock: image = 'images/36.png'
53.3245 	EXP 	clock: autoDraw = True
53.3245 	EXP 	fixation: autoDraw = True
53.3245 	EXP 	text: autoDraw = True
54.3292 	EXP 	clock: autoDraw = False
55.2598 	EXP 	New trial (rep=0, index=27): {'picture': 'images/37.png', 'corrAns': None}
55.3171 	EXP 	clock: autoDraw = False
55.3171 	EXP 	fixation: autoDraw = False
55.3171 	EXP 	text: autoDraw = False
55.3171 	EXP 	clock: image = 'images/37.png'
55.3171 	EXP 	clock: autoDraw = True
55.3171 	EXP 	fixation: autoDraw = True
55.3171 	EXP 	text: autoDraw = True
56.3222 	EXP 	clock: autoDraw = False
57.2600 	EXP 	New trial (rep=0, index=28): {'picture': 'images/38.png', 'corrAns': None}
57.3243 	EXP 	clock: autoDraw = False
57.3243 	EXP 	fixation: autoDraw = False
57.3243 	EXP 	text: autoDraw = False
57.3243 	EXP 	clock: image = 'images/38.png'
57.3243 	EXP 	clock: autoDraw = True
57.3243 	EXP 	fixation: autoDraw = True
57.3243 	EXP 	text: autoDraw = True
58.3287 	EXP 	clock: autoDraw = False
59.2598 	EXP 	New trial (rep=0, index=29): {'picture': 'images/40.png', 'corrAns': 'space'}
59.3145 	EXP 	clock: autoDraw = False
59.3145 	EXP 	fixation: autoDraw = False
59.3145 	EXP 	text: autoDraw = False
59.3145 	EXP 	clock: image = 'images/40.png'
59.3145 	EXP 	clock: autoDraw = True
59.3145 	EXP 	fixation: autoDraw = True
59.3145 	EXP 	text: autoDraw = True
60.3152 	EXP 	clock: autoDraw = False
61.2602 	EXP 	New trial (rep=0, index=30): {'picture': 'images/41.png', 'corrAns': None}
61.3181 	EXP 	clock: autoDraw = False
61.3181 	EXP 	fixation: autoDraw = False
61.3181 	EXP 	text: autoDraw = False
61.3181 	EXP 	clock: image = 'images/41.png'
61.3181 	EXP 	clock: autoDraw = True
61.3181 	EXP 	fixation: autoDraw = True
61.3181 	EXP 	text: autoDraw = True
62.3219 	EXP 	clock: autoDraw = False
63.2597 	EXP 	New trial (rep=0, index=31): {'picture': 'images/43.png', 'corrAns': 'space'}
63.3204 	EXP 	clock: autoDraw = False
63.3204 	EXP 	fixation: autoDraw = False
63.3204 	EXP 	text: autoDraw = False
63.3204 	EXP 	clock: image = 'images/43.png'
63.3204 	EXP 	clock: autoDraw = True
63.3204 	EXP 	fixation: autoDraw = True
63.3204 	EXP 	text: autoDraw = True
64.3216 	EXP 	clock: autoDraw = False
65.2597 	EXP 	New trial (rep=0, index=32): {'picture': 'images/44.png', 'corrAns': None}
65.3153 	EXP 	clock: autoDraw = False
65.3153 	EXP 	fixation: autoDraw = False
65.3153 	EXP 	text: autoDraw = False
65.3153 	EXP 	clock: image = 'images/44.png'
65.3153 	EXP 	clock: autoDraw = True
65.3153 	EXP 	fixation: autoDraw = True
65.3153 	EXP 	text: autoDraw = True
66.3150 	EXP 	clock: autoDraw = False
67.2578 	EXP 	New trial (rep=0, index=33): {'picture': 'images/46.png', 'corrAns': 'space'}
67.3244 	EXP 	clock: autoDraw = False
67.3244 	EXP 	fixation: autoDraw = False
67.3244 	EXP 	text: autoDraw = False
67.3244 	EXP 	clock: image = 'images/46.png'
67.3244 	EXP 	clock: autoDraw = True
67.3244 	EXP 	fixation: autoDraw = True
67.3244 	EXP 	text: autoDraw = True
68.3295 	EXP 	clock: autoDraw = False
69.2582 	EXP 	New trial (rep=0, index=34): {'picture': 'images/48.png', 'corrAns': 'space'}
69.3432 	EXP 	clock: autoDraw = False
69.3432 	EXP 	fixation: autoDraw = False
69.3432 	EXP 	text: autoDraw = False
69.3432 	EXP 	clock: image = 'images/48.png'
69.3432 	EXP 	clock: autoDraw = True
69.3432 	EXP 	fixation: autoDraw = True
69.3432 	EXP 	text: autoDraw = True
70.3425 	EXP 	clock: autoDraw = False
71.2595 	EXP 	New trial (rep=0, index=35): {'picture': 'images/49.png', 'corrAns': None}
71.3215 	EXP 	clock: autoDraw = False
71.3215 	EXP 	fixation: autoDraw = False
71.3215 	EXP 	text: autoDraw = False
71.3215 	EXP 	clock: image = 'images/49.png'
71.3215 	EXP 	clock: autoDraw = True
71.3215 	EXP 	fixation: autoDraw = True
71.3215 	EXP 	text: autoDraw = True
72.3218 	EXP 	clock: autoDraw = False
73.2597 	EXP 	New trial (rep=0, index=36): {'picture': 'images/50.png', 'corrAns': None}
73.3198 	EXP 	clock: autoDraw = False
73.3198 	EXP 	fixation: autoDraw = False
73.3198 	EXP 	text: autoDraw = False
73.3198 	EXP 	clock: image = 'images/50.png'
73.3198 	EXP 	clock: autoDraw = True
73.3198 	EXP 	fixation: autoDraw = True
73.3198 	EXP 	text: autoDraw = True
74.3216 	EXP 	clock: autoDraw = False
75.2595 	EXP 	New trial (rep=0, index=37): {'picture': 'images/51.png', 'corrAns': None}
75.3248 	EXP 	clock: autoDraw = False
75.3248 	EXP 	fixation: autoDraw = False
75.3248 	EXP 	text: autoDraw = False
75.3248 	EXP 	clock: image = 'images/51.png'
75.3248 	EXP 	clock: autoDraw = True
75.3248 	EXP 	fixation: autoDraw = True
75.3248 	EXP 	text: autoDraw = True
76.3283 	EXP 	clock: autoDraw = False
77.2595 	EXP 	New trial (rep=0, index=38): {'picture': 'images/52.png', 'corrAns': None}
77.3167 	EXP 	clock: autoDraw = False
77.3167 	EXP 	fixation: autoDraw = False
77.3167 	EXP 	text: autoDraw = False
77.3167 	EXP 	clock: image = 'images/52.png'
77.3167 	EXP 	clock: autoDraw = True
77.3167 	EXP 	fixation: autoDraw = True
77.3167 	EXP 	text: autoDraw = True
78.3213 	EXP 	clock: autoDraw = False
79.2597 	EXP 	New trial (rep=0, index=39): {'picture': 'images/54.png', 'corrAns': 'space'}
79.3179 	EXP 	clock: autoDraw = False
79.3179 	EXP 	fixation: autoDraw = False
79.3179 	EXP 	text: autoDraw = False
79.3179 	EXP 	clock: image = 'images/54.png'
79.3179 	EXP 	clock: autoDraw = True
79.3179 	EXP 	fixation: autoDraw = True
79.3179 	EXP 	text: autoDraw = True
80.3214 	EXP 	clock: autoDraw = False
81.2594 	EXP 	New trial (rep=0, index=40): {'picture': 'images/55.png', 'corrAns': None}
81.3210 	EXP 	clock: autoDraw = False
81.3210 	EXP 	fixation: autoDraw = False
81.3210 	EXP 	text: autoDraw = False
81.3210 	EXP 	clock: image = 'images/55.png'
81.3210 	EXP 	clock: autoDraw = True
81.3210 	EXP 	fixation: autoDraw = True
81.3210 	EXP 	text: autoDraw = True
82.3213 	EXP 	clock: autoDraw = False
83.2596 	EXP 	New trial (rep=0, index=41): {'picture': 'images/57.png', 'corrAns': 'space'}
83.3256 	EXP 	clock: autoDraw = False
83.3256 	EXP 	fixation: autoDraw = False
83.3256 	EXP 	text: autoDraw = False
83.3256 	EXP 	clock: image = 'images/57.png'
83.3256 	EXP 	clock: autoDraw = True
83.3256 	EXP 	fixation: autoDraw = True
83.3256 	EXP 	text: autoDraw = True
84.3281 	EXP 	clock: autoDraw = False
85.2590 	EXP 	New trial (rep=0, index=42): {'picture': 'images/58.png', 'corrAns': None}
85.3177 	EXP 	clock: autoDraw = False
85.3177 	EXP 	fixation: autoDraw = False
85.3177 	EXP 	text: autoDraw = False
85.3177 	EXP 	clock: image = 'images/58.png'
85.3177 	EXP 	clock: autoDraw = True
85.3177 	EXP 	fixation: autoDraw = True
85.3177 	EXP 	text: autoDraw = True
86.3212 	EXP 	clock: autoDraw = False
87.2603 	EXP 	New trial (rep=0, index=43): {'picture': 'images/59.png', 'corrAns': None}
87.3290 	EXP 	clock: autoDraw = False
87.3290 	EXP 	fixation: autoDraw = False
87.3290 	EXP 	text: autoDraw = False
87.3290 	EXP 	clock: image = 'images/59.png'
87.3290 	EXP 	clock: autoDraw = True
87.3290 	EXP 	fixation: autoDraw = True
87.3290 	EXP 	text: autoDraw = True
88.3285 	EXP 	clock: autoDraw = False
89.2599 	EXP 	New trial (rep=0, index=44): {'picture': 'images/60.png', 'corrAns': None}
89.3205 	EXP 	clock: autoDraw = False
89.3205 	EXP 	fixation: autoDraw = False
89.3205 	EXP 	text: autoDraw = False
89.3205 	EXP 	clock: image = 'images/60.png'
89.3205 	EXP 	clock: autoDraw = True
89.3205 	EXP 	fixation: autoDraw = True
89.3205 	EXP 	text: autoDraw = True
90.3215 	EXP 	clock: autoDraw = False
91.2659 	EXP 	clock: autoDraw = False
91.2659 	EXP 	fixation: autoDraw = False
91.2659 	EXP 	text: autoDraw = False
91.2659 	EXP 	duration: autoDraw = True
91.2659 	EXP 	text_4: autoDraw = True
94.2068 	DATA 	Keypress: 1
94.3735 	DATA 	Keypress: 2
94.5476 	DATA 	Keypress: 0
94.8677 	DATA 	Keypress: space
95.0746 	DATA 	Keypress: s
95.2702 	DATA 	Keypress: e
95.4152 	DATA 	Keypress: c
95.5609 	DATA 	Keypress: o
95.6726 	DATA 	Keypress: n
95.7969 	DATA 	Keypress: d
95.9150 	DATA 	Keypress: s
96.2483 	DATA 	Keypress: return
97.4945 	DATA 	Keypress: up
97.4966 	EXP 	duration: autoDraw = False
97.4966 	EXP 	text_4: autoDraw = False
97.4966 	EXP 	skips: autoDraw = True
97.4966 	EXP 	text_5: autoDraw = True
99.5489 	DATA 	Keypress: 5
100.8526 	DATA 	Keypress: 7
101.0061 	DATA 	Keypress: space
101.1441 	DATA 	Keypress: s
101.2490 	DATA 	Keypress: k
101.3871 	DATA 	Keypress: i
101.5817 	DATA 	Keypress: o
101.5827 	DATA 	Keypress: p
101.7063 	DATA 	Keypress: s
102.3524 	DATA 	Keypress: backspace
102.4707 	DATA 	Keypress: backspace
102.8314 	DATA 	Keypress: backspace
103.2972 	DATA 	Keypress: o
103.4633 	DATA 	Keypress: p
103.6160 	DATA 	Keypress: s
103.9772 	DATA 	Keypress: return
104.4503 	DATA 	Keypress: up
104.4661 	EXP 	skips: autoDraw = False
104.4661 	EXP 	text_5: autoDraw = False
104.4661 	EXP 	slider: markerPos = None
104.4661 	EXP 	slider: markerPos = None
104.4661 	EXP 	slider: autoDraw = True
104.4661 	EXP 	text_3: autoDraw = True
106.1516 	DATA 	Mouse: Left button down, pos=(1246,212)
106.1631 	EXP 	slider: markerPos = 7.883333333333334
106.1703 	EXP 	slider: markerPos = 7.883333333333334
106.1774 	EXP 	slider: markerPos = 7.883333333333334
106.1845 	EXP 	slider: markerPos = 7.883333333333334
106.1913 	EXP 	slider: markerPos = 7.883333333333334
106.1983 	EXP 	slider: markerPos = 7.883333333333334
106.2053 	EXP 	slider: markerPos = 7.883333333333334
106.2123 	EXP 	slider: markerPos = 7.883333333333334
106.2192 	EXP 	slider: markerPos = 7.883333333333334
106.2266 	EXP 	slider: markerPos = 7.883333333333334
106.2336 	EXP 	slider: markerPos = 7.883333333333334
106.2406 	EXP 	slider: markerPos = 7.883333333333334
106.2477 	EXP 	slider: markerPos = 7.883333333333334
106.2584 	EXP 	slider: markerPos = 7.883333333333334
106.2655 	EXP 	slider: markerPos = 7.883333333333334
106.2727 	EXP 	slider: markerPos = 7.883333333333334
106.2811 	EXP 	slider: markerPos = 7.883333333333334
106.2881 	EXP 	slider: markerPos = 7.883333333333334
106.2950 	EXP 	slider: markerPos = 7.883333333333334
106.3022 	EXP 	slider: markerPos = 7.883333333333334
106.3092 	EXP 	slider: markerPos = 7.883333333333334
106.3162 	EXP 	slider: markerPos = 7.883333333333334
106.3230 	EXP 	slider: markerPos = 7.883333333333334
106.3302 	EXP 	slider: markerPos = 7.883333333333334
106.3372 	EXP 	slider: markerPos = 7.875
106.3444 	EXP 	slider: markerPos = 7.866666666666666
106.3514 	EXP 	slider: markerPos = 7.858333333333333
106.3589 	EXP 	slider: markerPos = 7.833333333333334
106.3700 	EXP 	slider: markerPos = 7.816666666666666
106.3782 	EXP 	slider: markerPos = 7.791666666666667
106.3854 	EXP 	slider: markerPos = 7.775
106.3928 	EXP 	slider: markerPos = 7.75
106.4001 	EXP 	slider: markerPos = 7.716666666666666
106.4071 	EXP 	slider: markerPos = 7.683333333333334
106.4144 	EXP 	slider: markerPos = 7.658333333333333
106.4251 	EXP 	slider: markerPos = 7.616666666666666
106.4327 	EXP 	slider: markerPos = 7.541666666666667
106.4401 	EXP 	slider: markerPos = 7.4833333333333325
106.4477 	EXP 	slider: markerPos = 7.441666666666667
106.4549 	EXP 	slider: markerPos = 7.4
106.4621 	EXP 	slider: markerPos = 7.341666666666667
106.4695 	EXP 	slider: markerPos = 7.308333333333334
106.4766 	EXP 	slider: markerPos = 7.258333333333334
106.4841 	EXP 	slider: markerPos = 7.2
106.4947 	EXP 	slider: markerPos = 7.166666666666666
106.5033 	EXP 	slider: markerPos = 7.1000000000000005
106.5106 	EXP 	slider: markerPos = 7.066666666666666
106.5177 	EXP 	slider: markerPos = 7.033333333333333
106.5249 	EXP 	slider: markerPos = 7.016666666666667
106.5327 	EXP 	slider: markerPos = 6.9833333333333325
106.5435 	EXP 	slider: markerPos = 6.966666666666667
106.5519 	EXP 	slider: markerPos = 6.925
106.5590 	EXP 	slider: markerPos = 6.908333333333333
106.5662 	EXP 	slider: markerPos = 6.908333333333333
106.5735 	EXP 	slider: markerPos = 6.9
106.5806 	EXP 	slider: markerPos = 6.8916666666666675
106.5878 	EXP 	slider: markerPos = 6.883333333333333
106.5951 	EXP 	slider: markerPos = 6.883333333333333
106.6058 	EXP 	slider: markerPos = 6.883333333333333
106.6130 	EXP 	slider: markerPos = 6.883333333333333
106.6204 	EXP 	slider: markerPos = 6.883333333333333
106.6278 	EXP 	slider: markerPos = 6.883333333333333
106.6351 	EXP 	slider: markerPos = 6.883333333333333
106.6421 	EXP 	slider: markerPos = 6.883333333333333
106.6495 	EXP 	slider: markerPos = 6.883333333333333
106.6568 	EXP 	slider: markerPos = 6.883333333333333
106.6639 	EXP 	slider: markerPos = 6.883333333333333
106.6711 	EXP 	slider: markerPos = 6.883333333333333
106.6785 	EXP 	slider: markerPos = 6.883333333333333
106.6889 	EXP 	slider: markerPos = 6.883333333333333
106.6959 	EXP 	slider: markerPos = 6.883333333333333
106.7039 	EXP 	slider: markerPos = 6.8916666666666675
106.7116 	EXP 	slider: markerPos = 6.8916666666666675
106.7189 	EXP 	slider: markerPos = 6.9
106.7261 	EXP 	slider: markerPos = 6.9
106.7331 	EXP 	slider: markerPos = 6.908333333333333
106.7402 	EXP 	slider: markerPos = 6.916666666666667
106.7472 	EXP 	slider: markerPos = 6.925
106.7544 	EXP 	slider: markerPos = 6.933333333333333
106.7621 	EXP 	slider: markerPos = 6.95
106.7726 	EXP 	slider: markerPos = 6.966666666666667
106.7810 	EXP 	slider: markerPos = 6.9833333333333325
106.7887 	EXP 	slider: markerPos = 7.033333333333333
106.7964 	EXP 	slider: markerPos = 7.108333333333333
106.8072 	EXP 	slider: markerPos = 7.175
106.8147 	EXP 	slider: markerPos = 7.2749999999999995
106.8225 	EXP 	slider: markerPos = 7.558333333333334
106.8297 	EXP 	slider: markerPos = 7.725
106.8371 	EXP 	slider: markerPos = 7.908333333333333
106.8443 	EXP 	slider: markerPos = 8.15
106.8518 	EXP 	slider: markerPos = 8.291666666666666
106.8589 	EXP 	slider: markerPos = 8.416666666666668
106.8697 	EXP 	slider: markerPos = 8.575
106.8772 	EXP 	slider: markerPos = 8.725000000000001
106.8853 	EXP 	slider: markerPos = 8.866666666666667
106.8927 	EXP 	slider: markerPos = 9.116666666666667
106.9001 	EXP 	slider: markerPos = 9.241666666666667
106.9072 	EXP 	slider: markerPos = 9.366666666666667
106.9152 	EXP 	slider: markerPos = 9.45
106.9251 	EXP 	slider: markerPos = 9.533333333333333
106.9325 	EXP 	slider: markerPos = 9.6
106.9404 	EXP 	slider: markerPos = 9.675
106.9479 	EXP 	slider: markerPos = 9.733333333333333
106.9551 	EXP 	slider: markerPos = 9.775
106.9623 	EXP 	slider: markerPos = 9.858333333333334
106.9693 	EXP 	slider: markerPos = 9.891666666666666
106.9763 	EXP 	slider: markerPos = 9.916666666666666
106.9835 	EXP 	slider: markerPos = 9.925
106.9908 	EXP 	slider: markerPos = 9.941666666666666
107.0015 	EXP 	slider: markerPos = 9.958333333333334
107.0087 	EXP 	slider: markerPos = 9.958333333333334
107.0162 	EXP 	slider: markerPos = 9.958333333333334
107.0239 	EXP 	slider: markerPos = 9.966666666666667
107.0309 	EXP 	slider: markerPos = 9.966666666666667
107.0378 	EXP 	slider: markerPos = 9.966666666666667
107.0450 	EXP 	slider: markerPos = 9.966666666666667
107.0520 	EXP 	slider: markerPos = 9.966666666666667
107.0593 	EXP 	slider: markerPos = 9.966666666666667
107.0665 	EXP 	slider: markerPos = 9.966666666666667
107.0736 	EXP 	slider: markerPos = 9.966666666666667
107.0804 	EXP 	slider: markerPos = 9.966666666666667
107.0872 	EXP 	slider: markerPos = 9.966666666666667
107.0943 	EXP 	slider: markerPos = 9.966666666666667
107.1010 	EXP 	slider: markerPos = 9.966666666666667
107.1079 	EXP 	slider: markerPos = 9.966666666666667
107.1155 	EXP 	slider: markerPos = 9.966666666666667
107.1225 	EXP 	slider: markerPos = 9.958333333333334
107.1297 	EXP 	slider: markerPos = 9.958333333333334
107.1404 	EXP 	slider: markerPos = 9.958333333333334
107.1477 	EXP 	slider: markerPos = 9.95
107.1550 	EXP 	slider: markerPos = 9.95
107.1629 	EXP 	slider: markerPos = 9.95
107.1700 	EXP 	slider: markerPos = 9.941666666666666
107.1771 	EXP 	slider: markerPos = 9.941666666666666
107.1844 	EXP 	slider: markerPos = 9.933333333333334
107.1914 	EXP 	slider: markerPos = 9.916666666666666
107.1984 	EXP 	slider: markerPos = 9.916666666666666
107.2053 	EXP 	slider: markerPos = 9.9
107.2133 	EXP 	slider: markerPos = 9.883333333333333
107.2236 	EXP 	slider: markerPos = 9.850000000000001
107.2312 	EXP 	slider: markerPos = 9.791666666666666
107.2388 	EXP 	slider: markerPos = 9.725
107.2463 	EXP 	slider: markerPos = 9.641666666666667
107.2535 	EXP 	slider: markerPos = 9.483333333333334
107.2607 	EXP 	slider: markerPos = 9.25
107.2677 	EXP 	slider: markerPos = 8.908333333333335
107.2751 	EXP 	slider: markerPos = 8.541666666666668
107.2823 	EXP 	slider: markerPos = 7.8
107.2903 	EXP 	slider: markerPos = 7.4
107.3002 	EXP 	slider: markerPos = 7.008333333333334
107.3075 	EXP 	slider: markerPos = 6.633333333333333
107.3153 	EXP 	slider: markerPos = 6.175
107.3227 	EXP 	slider: markerPos = 5.775
107.3300 	EXP 	slider: markerPos = 5.433333333333334
107.3371 	EXP 	slider: markerPos = 5.133333333333333
107.3442 	EXP 	slider: markerPos = 4.933333333333334
107.3512 	EXP 	slider: markerPos = 4.725
107.3582 	EXP 	slider: markerPos = 4.55
107.3654 	EXP 	slider: markerPos = 4.425
107.3723 	EXP 	slider: markerPos = 4.425
107.3792 	EXP 	slider: markerPos = 4.425
107.3861 	EXP 	slider: markerPos = 4.425
107.3930 	EXP 	slider: markerPos = 4.425
107.3997 	EXP 	slider: markerPos = 4.425
107.4065 	EXP 	slider: markerPos = 4.425
107.4135 	EXP 	slider: markerPos = 4.425
107.4202 	EXP 	slider: markerPos = 4.425
107.4273 	EXP 	slider: markerPos = 4.425
107.4341 	EXP 	slider: markerPos = 4.425
107.4416 	EXP 	slider: markerPos = 4.425
107.4485 	EXP 	slider: markerPos = 4.425
107.4552 	EXP 	slider: markerPos = 4.425
107.4622 	EXP 	slider: markerPos = 4.425
107.4690 	EXP 	slider: markerPos = 4.425
107.4762 	EXP 	slider: markerPos = 4.425
107.4830 	EXP 	slider: markerPos = 4.425
107.4899 	EXP 	slider: markerPos = 4.425
107.4969 	EXP 	slider: markerPos = 4.425
107.5038 	EXP 	slider: markerPos = 4.425
107.5110 	EXP 	slider: markerPos = 4.425
107.5180 	EXP 	slider: markerPos = 4.425
107.5248 	EXP 	slider: markerPos = 4.425
107.5317 	EXP 	slider: markerPos = 4.425
107.5386 	EXP 	slider: markerPos = 4.425
107.5463 	EXP 	slider: markerPos = 4.425
107.5570 	EXP 	slider: markerPos = 4.4
107.5648 	EXP 	slider: markerPos = 4.291666666666666
107.5726 	EXP 	slider: markerPos = 4.208333333333334
107.5806 	EXP 	slider: markerPos = 4.016666666666667
107.5922 	EXP 	slider: markerPos = 3.6916666666666664
107.6002 	EXP 	slider: markerPos = 3.141666666666667
107.6082 	EXP 	slider: markerPos = 2.8499999999999996
107.6200 	EXP 	slider: markerPos = 2.591666666666667
107.6281 	EXP 	slider: markerPos = 2.175
107.6360 	EXP 	slider: markerPos = 2.041666666666667
107.6475 	EXP 	slider: markerPos = 1.8583333333333334
107.6556 	EXP 	slider: markerPos = 1.6249999999999998
107.6636 	EXP 	slider: markerPos = 1.5416666666666665
107.6751 	EXP 	slider: markerPos = 1.45
107.6832 	EXP 	slider: markerPos = 1.3666666666666667
107.6910 	EXP 	slider: markerPos = 1.3333333333333333
107.7030 	EXP 	slider: markerPos = 1.3166666666666669
107.7107 	EXP 	slider: markerPos = 1.3083333333333333
107.7184 	EXP 	slider: markerPos = 1.3083333333333333
107.7262 	EXP 	slider: markerPos = 1.3083333333333333
107.7378 	EXP 	slider: markerPos = 1.3083333333333333
107.7460 	EXP 	slider: markerPos = 1.3083333333333333
107.7535 	EXP 	slider: markerPos = 1.3166666666666669
107.7657 	EXP 	slider: markerPos = 1.3166666666666669
107.7740 	EXP 	slider: markerPos = 1.3333333333333333
107.7831 	EXP 	slider: markerPos = 1.3499999999999996
107.7934 	EXP 	slider: markerPos = 1.3583333333333332
107.8013 	EXP 	slider: markerPos = 1.3666666666666667
107.8091 	EXP 	slider: markerPos = 1.383333333333333
107.8171 	EXP 	slider: markerPos = 1.3916666666666666
107.8280 	EXP 	slider: markerPos = 1.4083333333333337
107.8359 	EXP 	slider: markerPos = 1.4333333333333336
107.8435 	EXP 	slider: markerPos = 1.4666666666666668
107.8513 	EXP 	slider: markerPos = 1.5166666666666666
107.8627 	EXP 	slider: markerPos = 1.5999999999999999
107.8705 	EXP 	slider: markerPos = 1.6833333333333336
107.8783 	EXP 	slider: markerPos = 1.958333333333333
107.8866 	EXP 	slider: markerPos = 2.158333333333333
107.8975 	EXP 	slider: markerPos = 2.3833333333333337
107.9052 	EXP 	slider: markerPos = 2.9583333333333335
107.9130 	EXP 	slider: markerPos = 3.333333333333334
107.9211 	EXP 	slider: markerPos = 3.533333333333333
107.9321 	EXP 	slider: markerPos = 3.9333333333333336
107.9397 	EXP 	slider: markerPos = 4.3916666666666675
107.9475 	EXP 	slider: markerPos = 5.158333333333333
107.9553 	EXP 	slider: markerPos = 5.541666666666667
107.9669 	EXP 	slider: markerPos = 5.891666666666667
107.9753 	EXP 	slider: markerPos = 6.375
107.9833 	EXP 	slider: markerPos = 6.508333333333334
107.9948 	EXP 	slider: markerPos = 6.65
108.0029 	EXP 	slider: markerPos = 6.916666666666667
108.0104 	EXP 	slider: markerPos = 6.991666666666667
108.0225 	EXP 	slider: markerPos = 7.066666666666666
108.0305 	EXP 	slider: markerPos = 7.158333333333333
108.0378 	EXP 	slider: markerPos = 7.183333333333333
108.0456 	EXP 	slider: markerPos = 7.2
108.0570 	EXP 	slider: markerPos = 7.2
108.0645 	EXP 	slider: markerPos = 7.2
108.0720 	EXP 	slider: markerPos = 7.2
108.0795 	EXP 	slider: markerPos = 7.2
108.0870 	EXP 	slider: markerPos = 7.2
108.0986 	EXP 	slider: markerPos = 7.2
108.1062 	EXP 	slider: markerPos = 7.2
108.1137 	EXP 	slider: markerPos = 7.2
108.1210 	EXP 	slider: markerPos = 7.2
108.1283 	EXP 	slider: markerPos = 7.2
108.1362 	EXP 	slider: markerPos = 7.2
108.1473 	EXP 	slider: markerPos = 7.2
108.1547 	EXP 	slider: markerPos = 7.2
108.1624 	EXP 	slider: markerPos = 7.2
108.1697 	EXP 	slider: markerPos = 7.2
108.1774 	EXP 	slider: markerPos = 7.2
108.1889 	EXP 	slider: markerPos = 7.2
108.1966 	EXP 	slider: markerPos = 7.2
108.2041 	EXP 	slider: markerPos = 7.2
108.2114 	EXP 	slider: markerPos = 7.2
108.2188 	EXP 	slider: markerPos = 7.2
108.2307 	EXP 	slider: markerPos = 7.2
108.2383 	EXP 	slider: markerPos = 7.2
108.2460 	EXP 	slider: markerPos = 7.2
108.2537 	EXP 	slider: markerPos = 7.2
108.2656 	EXP 	slider: markerPos = 7.208333333333334
108.2740 	EXP 	slider: markerPos = 7.225
108.2824 	EXP 	slider: markerPos = 7.324999999999999
108.2936 	EXP 	slider: markerPos = 7.441666666666667
108.3019 	EXP 	slider: markerPos = 7.758333333333334
108.3145 	EXP 	slider: markerPos = 8.158333333333333
108.3229 	EXP 	slider: markerPos = 9.541666666666666
108.3355 	EXP 	slider: markerPos = 10.216666666666667
108.3436 	EXP 	slider: markerPos = 11.766666666666666
108.3520 	EXP 	slider: markerPos = 12.183333333333332
108.3627 	EXP 	slider: markerPos = 12.599999999999998
108.3709 	EXP 	slider: markerPos = 13.016666666666666
108.3783 	EXP 	slider: markerPos = 13.116666666666667
108.3856 	EXP 	slider: markerPos = 13.191666666666666
108.3926 	EXP 	slider: markerPos = 13.25
108.4000 	EXP 	slider: markerPos = 13.275
108.4072 	EXP 	slider: markerPos = 13.291666666666666
108.4144 	EXP 	slider: markerPos = 13.308333333333332
108.4251 	EXP 	slider: markerPos = 13.325
108.4323 	EXP 	slider: markerPos = 13.325
108.4407 	EXP 	slider: markerPos = 13.325
108.4479 	EXP 	slider: markerPos = 13.333333333333332
108.4554 	EXP 	slider: markerPos = 13.333333333333332
108.4626 	EXP 	slider: markerPos = 13.333333333333332
108.4698 	EXP 	slider: markerPos = 13.333333333333332
108.4770 	EXP 	slider: markerPos = 13.333333333333332
108.4879 	EXP 	slider: markerPos = 13.333333333333332
108.4960 	EXP 	slider: markerPos = 13.333333333333332
108.5032 	EXP 	slider: markerPos = 13.333333333333332
108.5104 	EXP 	slider: markerPos = 13.333333333333332
108.5174 	EXP 	slider: markerPos = 13.333333333333332
108.5245 	EXP 	slider: markerPos = 13.333333333333332
108.5315 	EXP 	slider: markerPos = 13.333333333333332
108.5386 	EXP 	slider: markerPos = 13.333333333333332
108.5456 	EXP 	slider: markerPos = 13.333333333333332
108.5529 	EXP 	slider: markerPos = 13.333333333333332
108.5599 	EXP 	slider: markerPos = 13.316666666666666
108.5667 	EXP 	slider: markerPos = 13.316666666666666
108.5741 	EXP 	slider: markerPos = 13.316666666666666
108.5846 	EXP 	slider: markerPos = 13.316666666666666
108.5918 	EXP 	slider: markerPos = 13.308333333333332
108.5989 	EXP 	slider: markerPos = 13.308333333333332
108.6071 	EXP 	slider: markerPos = 13.308333333333332
108.6147 	EXP 	slider: markerPos = 13.308333333333332
108.6220 	EXP 	slider: markerPos = 13.3
108.6291 	EXP 	slider: markerPos = 13.291666666666666
108.6361 	EXP 	slider: markerPos = 13.291666666666666
108.6432 	EXP 	slider: markerPos = 13.283333333333331
108.6504 	EXP 	slider: markerPos = 13.283333333333331
108.6580 	EXP 	slider: markerPos = 13.275
108.6681 	EXP 	slider: markerPos = 13.266666666666666
108.6755 	EXP 	slider: markerPos = 13.266666666666666
108.6834 	EXP 	slider: markerPos = 13.25
108.6908 	EXP 	slider: markerPos = 13.200000000000001
108.6981 	EXP 	slider: markerPos = 13.158333333333333
108.7054 	EXP 	slider: markerPos = 13.108333333333333
108.7124 	EXP 	slider: markerPos = 13.033333333333333
108.7196 	EXP 	slider: markerPos = 12.95
108.7270 	EXP 	slider: markerPos = 12.85
108.7376 	EXP 	slider: markerPos = 12.708333333333334
108.7450 	EXP 	slider: markerPos = 12.566666666666666
108.7532 	EXP 	slider: markerPos = 12.283333333333331
108.7610 	EXP 	slider: markerPos = 12.125
108.7682 	EXP 	slider: markerPos = 11.966666666666667
108.7755 	EXP 	slider: markerPos = 11.75
108.7863 	EXP 	slider: markerPos = 11.6
108.7937 	EXP 	slider: markerPos = 11.499999999999998
108.8016 	EXP 	slider: markerPos = 11.208333333333334
108.8092 	EXP 	slider: markerPos = 11.083333333333332
108.8167 	EXP 	slider: markerPos = 10.958333333333332
108.8239 	EXP 	slider: markerPos = 10.850000000000001
108.8311 	EXP 	slider: markerPos = 10.750000000000002
108.8417 	EXP 	slider: markerPos = 10.633333333333333
108.8490 	EXP 	slider: markerPos = 10.533333333333335
108.8570 	EXP 	slider: markerPos = 10.458333333333334
108.8645 	EXP 	slider: markerPos = 10.358333333333334
108.8717 	EXP 	slider: markerPos = 10.299999999999999
108.8790 	EXP 	slider: markerPos = 10.241666666666667
108.8866 	EXP 	slider: markerPos = 10.208333333333334
108.8973 	EXP 	slider: markerPos = 10.174999999999999
108.9044 	EXP 	slider: markerPos = 10.149999999999999
108.9122 	EXP 	slider: markerPos = 10.125
108.9195 	EXP 	slider: markerPos = 10.108333333333334
108.9277 	EXP 	slider: markerPos = 10.1
108.9348 	EXP 	slider: markerPos = 10.083333333333334
108.9417 	EXP 	slider: markerPos = 10.083333333333334
108.9496 	EXP 	slider: markerPos = 10.083333333333334
108.9600 	EXP 	slider: markerPos = 10.083333333333334
108.9673 	EXP 	slider: markerPos = 10.083333333333334
108.9746 	EXP 	slider: markerPos = 10.075
108.9818 	EXP 	slider: markerPos = 10.075
108.9887 	EXP 	slider: markerPos = 10.075
108.9959 	EXP 	slider: markerPos = 10.075
109.0030 	EXP 	slider: markerPos = 10.075
109.0100 	EXP 	slider: markerPos = 10.075
109.0170 	EXP 	slider: markerPos = 10.075
109.0244 	EXP 	slider: markerPos = 10.075
109.0314 	EXP 	slider: markerPos = 10.075
109.0389 	EXP 	slider: markerPos = 10.075
109.0460 	EXP 	slider: markerPos = 10.066666666666668
109.0529 	EXP 	slider: markerPos = 10.066666666666668
109.0600 	EXP 	slider: markerPos = 10.066666666666668
109.0669 	EXP 	slider: markerPos = 10.058333333333334
109.0739 	EXP 	slider: markerPos = 10.058333333333334
109.0810 	EXP 	slider: markerPos = 10.058333333333334
109.0881 	EXP 	slider: markerPos = 10.058333333333334
109.0986 	EXP 	slider: markerPos = 10.058333333333334
109.1061 	EXP 	slider: markerPos = 10.058333333333334
109.1141 	EXP 	slider: markerPos = 10.058333333333334
109.1211 	EXP 	slider: markerPos = 10.058333333333334
109.1283 	EXP 	slider: markerPos = 10.058333333333334
109.1356 	EXP 	slider: markerPos = 10.058333333333334
109.1427 	EXP 	slider: markerPos = 10.066666666666668
109.1497 	EXP 	slider: markerPos = 10.066666666666668
109.1567 	EXP 	slider: markerPos = 10.066666666666668
109.1636 	EXP 	slider: markerPos = 10.075
109.1704 	EXP 	slider: markerPos = 10.075
109.1774 	EXP 	slider: markerPos = 10.075
109.1846 	EXP 	slider: markerPos = 10.083333333333334
109.1920 	EXP 	slider: markerPos = 10.091666666666669
109.1992 	EXP 	slider: markerPos = 10.091666666666669
109.2101 	EXP 	slider: markerPos = 10.091666666666669
109.2173 	EXP 	slider: markerPos = 10.1
109.2246 	EXP 	slider: markerPos = 10.108333333333334
109.2305 	DATA 	Mouse:  Left button up, pos=(1513,271)
109.2320 	EXP 	slider: markerPos = 10.108333333333334
109.2386 	EXP 	slider: markerPos = 10
109.2485 	EXP 	slider: autoDraw = False
109.2485 	EXP 	text_3: autoDraw = False
109.2485 	EXP 	suggestions: autoDraw = True
109.2485 	EXP 	text_6: autoDraw = True
111.4375 	DATA 	Keypress: right
111.4460 	EXP 	suggestions: autoDraw = False
111.4460 	EXP 	text_6: autoDraw = False
111.4460 	EXP 	instructions_2: autoDraw = True
112.3295 	EXP 	Imported conditions_2.xlsx as conditions, 45 conditions, 2 params
112.3302 	EXP 	Created sequence: sequential, trialTypes=45, nReps=1, seed=None
112.3304 	EXP 	New trial (rep=0, index=0): {'picture': 'images/01.png', 'corrAns': None}
112.5018 	EXP 	Sound  started
112.5040 	DATA 	Keypress: space
112.5088 	EXP 	instructions_2: autoDraw = False
112.5088 	EXP 	clock_2: image = 'images/01.png'
112.5088 	EXP 	clock_2: autoDraw = True
112.5088 	EXP 	fixation_2: autoDraw = True
112.5088 	EXP 	text_2: autoDraw = True
112.5088 	EXP 	text_2: height = 0.05
112.5088 	EXP 	text_2: height = 0.05
112.5088 	EXP 	text_2: height = 0.05
112.5088 	EXP 	text_2: text = ''
113.0809 	DATA 	Keypress: lctrl
113.5085 	EXP 	clock_2: autoDraw = False
114.3289 	EXP 	New trial (rep=0, index=1): {'picture': 'images/02.png', 'corrAns': None}
114.3848 	EXP 	clock_2: autoDraw = False
114.3848 	EXP 	fixation_2: autoDraw = False
114.3848 	EXP 	text_2: autoDraw = False
114.3848 	EXP 	clock_2: image = 'images/02.png'
114.3848 	EXP 	clock_2: autoDraw = True
114.3848 	EXP 	fixation_2: autoDraw = True
114.3848 	EXP 	text_2: autoDraw = True
115.3904 	EXP 	clock_2: autoDraw = False
116.3290 	EXP 	New trial (rep=0, index=2): {'picture': 'images/04.png', 'corrAns': 'space'}
116.3877 	EXP 	clock_2: autoDraw = False
116.3877 	EXP 	fixation_2: autoDraw = False
116.3877 	EXP 	text_2: autoDraw = False
116.3877 	EXP 	clock_2: image = 'images/04.png'
116.3877 	EXP 	clock_2: autoDraw = True
116.3877 	EXP 	fixation_2: autoDraw = True
116.3877 	EXP 	text_2: autoDraw = True
117.3905 	EXP 	clock_2: autoDraw = False
118.3286 	EXP 	New trial (rep=0, index=3): {'picture': 'images/06.png', 'corrAns': 'space'}
118.3843 	EXP 	clock_2: autoDraw = False
118.3843 	EXP 	fixation_2: autoDraw = False
118.3843 	EXP 	text_2: autoDraw = False
118.3843 	EXP 	clock_2: image = 'images/06.png'
118.3843 	EXP 	clock_2: autoDraw = True
118.3843 	EXP 	fixation_2: autoDraw = True
118.3843 	EXP 	text_2: autoDraw = True
119.3904 	EXP 	clock_2: autoDraw = False
120.3287 	EXP 	New trial (rep=0, index=4): {'picture': 'images/07.png', 'corrAns': None}
120.3841 	EXP 	clock_2: autoDraw = False
120.3841 	EXP 	fixation_2: autoDraw = False
120.3841 	EXP 	text_2: autoDraw = False
120.3841 	EXP 	clock_2: image = 'images/07.png'
120.3841 	EXP 	clock_2: autoDraw = True
120.3841 	EXP 	fixation_2: autoDraw = True
120.3841 	EXP 	text_2: autoDraw = True
121.3834 	EXP 	clock_2: autoDraw = False
122.3288 	EXP 	New trial (rep=0, index=5): {'picture': 'images/09.png', 'corrAns': 'space'}
122.3845 	EXP 	clock_2: autoDraw = False
122.3845 	EXP 	fixation_2: autoDraw = False
122.3845 	EXP 	text_2: autoDraw = False
122.3845 	EXP 	clock_2: image = 'images/09.png'
122.3845 	EXP 	clock_2: autoDraw = True
122.3845 	EXP 	fixation_2: autoDraw = True
122.3845 	EXP 	text_2: autoDraw = True
123.3902 	EXP 	clock_2: autoDraw = False
124.3287 	EXP 	New trial (rep=0, index=6): {'picture': 'images/10.png', 'corrAns': None}
124.3844 	EXP 	clock_2: autoDraw = False
124.3844 	EXP 	fixation_2: autoDraw = False
124.3844 	EXP 	text_2: autoDraw = False
124.3844 	EXP 	clock_2: image = 'images/10.png'
124.3844 	EXP 	clock_2: autoDraw = True
124.3844 	EXP 	fixation_2: autoDraw = True
124.3844 	EXP 	text_2: autoDraw = True
125.3903 	EXP 	clock_2: autoDraw = False
126.3286 	EXP 	New trial (rep=0, index=7): {'picture': 'images/11.png', 'corrAns': None}
126.3853 	EXP 	clock_2: autoDraw = False
126.3853 	EXP 	fixation_2: autoDraw = False
126.3853 	EXP 	text_2: autoDraw = False
126.3853 	EXP 	clock_2: image = 'images/11.png'
126.3853 	EXP 	clock_2: autoDraw = True
126.3853 	EXP 	fixation_2: autoDraw = True
126.3853 	EXP 	text_2: autoDraw = True
127.3901 	EXP 	clock_2: autoDraw = False
128.3285 	EXP 	New trial (rep=0, index=8): {'picture': 'images/12.png', 'corrAns': None}
128.3840 	EXP 	clock_2: autoDraw = False
128.3840 	EXP 	fixation_2: autoDraw = False
128.3840 	EXP 	text_2: autoDraw = False
128.3840 	EXP 	clock_2: image = 'images/12.png'
128.3840 	EXP 	clock_2: autoDraw = True
128.3840 	EXP 	fixation_2: autoDraw = True
128.3840 	EXP 	text_2: autoDraw = True
128.9548 	DATA 	Keypress: lctrl
128.9764 	DATA 	Keypress: lwindows
129.3958 	EXP 	clock_2: autoDraw = False
130.3276 	EXP 	New trial (rep=0, index=9): {'picture': 'images/13.png', 'corrAns': None}
130.3886 	EXP 	clock_2: autoDraw = False
130.3886 	EXP 	fixation_2: autoDraw = False
130.3886 	EXP 	text_2: autoDraw = False
130.3886 	EXP 	clock_2: image = 'images/13.png'
130.3886 	EXP 	clock_2: autoDraw = True
130.3886 	EXP 	fixation_2: autoDraw = True
130.3886 	EXP 	text_2: autoDraw = True
131.3897 	EXP 	clock_2: autoDraw = False
132.3275 	EXP 	New trial (rep=0, index=10): {'picture': 'images/15.png', 'corrAns': 'space'}
132.3819 	EXP 	clock_2: autoDraw = False
132.3819 	EXP 	fixation_2: autoDraw = False
132.3819 	EXP 	text_2: autoDraw = False
132.3819 	EXP 	clock_2: image = 'images/15.png'
132.3819 	EXP 	clock_2: autoDraw = True
132.3819 	EXP 	fixation_2: autoDraw = True
132.3819 	EXP 	text_2: autoDraw = True
133.3827 	EXP 	clock_2: autoDraw = False
134.3275 	EXP 	New trial (rep=0, index=11): {'picture': 'images/16.png', 'corrAns': None}
134.3820 	EXP 	clock_2: autoDraw = False
134.3820 	EXP 	fixation_2: autoDraw = False
134.3820 	EXP 	text_2: autoDraw = False
134.3820 	EXP 	clock_2: image = 'images/16.png'
134.3820 	EXP 	clock_2: autoDraw = True
134.3820 	EXP 	fixation_2: autoDraw = True
134.3820 	EXP 	text_2: autoDraw = True
135.3829 	EXP 	clock_2: autoDraw = False
136.3276 	EXP 	New trial (rep=0, index=12): {'picture': 'images/17.png', 'corrAns': None}
136.3823 	EXP 	clock_2: autoDraw = False
136.3823 	EXP 	fixation_2: autoDraw = False
136.3823 	EXP 	text_2: autoDraw = False
136.3823 	EXP 	clock_2: image = 'images/17.png'
136.3823 	EXP 	clock_2: autoDraw = True
136.3823 	EXP 	fixation_2: autoDraw = True
136.3823 	EXP 	text_2: autoDraw = True
137.3824 	EXP 	clock_2: autoDraw = False
138.3272 	EXP 	New trial (rep=0, index=13): {'picture': 'images/19.png', 'corrAns': 'space'}
138.3826 	EXP 	clock_2: autoDraw = False
138.3826 	EXP 	fixation_2: autoDraw = False
138.3826 	EXP 	text_2: autoDraw = False
138.3826 	EXP 	clock_2: image = 'images/19.png'
138.3826 	EXP 	clock_2: autoDraw = True
138.3826 	EXP 	fixation_2: autoDraw = True
138.3826 	EXP 	text_2: autoDraw = True
139.3938 	EXP 	clock_2: autoDraw = False
140.3274 	EXP 	New trial (rep=0, index=14): {'picture': 'images/20.png', 'corrAns': None}
140.3820 	EXP 	clock_2: autoDraw = False
140.3820 	EXP 	fixation_2: autoDraw = False
140.3820 	EXP 	text_2: autoDraw = False
140.3820 	EXP 	clock_2: image = 'images/20.png'
140.3820 	EXP 	clock_2: autoDraw = True
140.3820 	EXP 	fixation_2: autoDraw = True
140.3820 	EXP 	text_2: autoDraw = True
141.3824 	EXP 	clock_2: autoDraw = False
142.3271 	EXP 	New trial (rep=0, index=15): {'picture': 'images/21.png', 'corrAns': None}
142.3819 	EXP 	clock_2: autoDraw = False
142.3819 	EXP 	fixation_2: autoDraw = False
142.3819 	EXP 	text_2: autoDraw = False
142.3819 	EXP 	clock_2: image = 'images/21.png'
142.3819 	EXP 	clock_2: autoDraw = True
142.3819 	EXP 	fixation_2: autoDraw = True
142.3819 	EXP 	text_2: autoDraw = True
143.3824 	EXP 	clock_2: autoDraw = False
144.3275 	EXP 	New trial (rep=0, index=16): {'picture': 'images/23.png', 'corrAns': None}
144.3841 	EXP 	clock_2: autoDraw = False
144.3841 	EXP 	fixation_2: autoDraw = False
144.3841 	EXP 	text_2: autoDraw = False
144.3841 	EXP 	clock_2: image = 'images/23.png'
144.3841 	EXP 	clock_2: autoDraw = True
144.3841 	EXP 	fixation_2: autoDraw = True
144.3841 	EXP 	text_2: autoDraw = True
145.3901 	EXP 	clock_2: autoDraw = False
146.3274 	EXP 	New trial (rep=0, index=17): {'picture': 'images/25.png', 'corrAns': 'space'}
146.3825 	EXP 	clock_2: autoDraw = False
146.3825 	EXP 	fixation_2: autoDraw = False
146.3825 	EXP 	text_2: autoDraw = False
146.3825 	EXP 	clock_2: image = 'images/25.png'
146.3825 	EXP 	clock_2: autoDraw = True
146.3825 	EXP 	fixation_2: autoDraw = True
146.3825 	EXP 	text_2: autoDraw = True
147.4009 	EXP 	clock_2: autoDraw = False
148.3275 	EXP 	New trial (rep=0, index=18): {'picture': 'images/26.png', 'corrAns': None}
148.3839 	EXP 	clock_2: autoDraw = False
148.3839 	EXP 	fixation_2: autoDraw = False
148.3839 	EXP 	text_2: autoDraw = False
148.3839 	EXP 	clock_2: image = 'images/26.png'
148.3839 	EXP 	clock_2: autoDraw = True
148.3839 	EXP 	fixation_2: autoDraw = True
148.3839 	EXP 	text_2: autoDraw = True
149.3893 	EXP 	clock_2: autoDraw = False
150.3271 	EXP 	New trial (rep=0, index=19): {'picture': 'images/27.png', 'corrAns': None}
150.3819 	EXP 	clock_2: autoDraw = False
150.3819 	EXP 	fixation_2: autoDraw = False
150.3819 	EXP 	text_2: autoDraw = False
150.3819 	EXP 	clock_2: image = 'images/27.png'
150.3819 	EXP 	clock_2: autoDraw = True
150.3819 	EXP 	fixation_2: autoDraw = True
150.3819 	EXP 	text_2: autoDraw = True
151.3822 	EXP 	clock_2: autoDraw = False
152.3276 	EXP 	New trial (rep=0, index=20): {'picture': 'images/29.png', 'corrAns': 'space'}
152.3931 	EXP 	clock_2: autoDraw = False
152.3931 	EXP 	fixation_2: autoDraw = False
152.3931 	EXP 	text_2: autoDraw = False
152.3931 	EXP 	clock_2: image = 'images/29.png'
152.3931 	EXP 	clock_2: autoDraw = True
152.3931 	EXP 	fixation_2: autoDraw = True
152.3931 	EXP 	text_2: autoDraw = True
153.3962 	EXP 	clock_2: autoDraw = False
154.3272 	EXP 	New trial (rep=0, index=21): {'picture': 'images/30.png', 'corrAns': None}
154.3863 	EXP 	clock_2: autoDraw = False
154.3863 	EXP 	fixation_2: autoDraw = False
154.3863 	EXP 	text_2: autoDraw = False
154.3863 	EXP 	clock_2: image = 'images/30.png'
154.3863 	EXP 	clock_2: autoDraw = True
154.3863 	EXP 	fixation_2: autoDraw = True
154.3863 	EXP 	text_2: autoDraw = True
155.3939 	EXP 	clock_2: autoDraw = False
156.3269 	EXP 	New trial (rep=0, index=22): {'picture': 'images/32.png', 'corrAns': 'space'}
156.3828 	EXP 	clock_2: autoDraw = False
156.3828 	EXP 	fixation_2: autoDraw = False
156.3828 	EXP 	text_2: autoDraw = False
156.3828 	EXP 	clock_2: image = 'images/32.png'
156.3828 	EXP 	clock_2: autoDraw = True
156.3828 	EXP 	fixation_2: autoDraw = True
156.3828 	EXP 	text_2: autoDraw = True
157.3820 	EXP 	clock_2: autoDraw = False
158.3273 	EXP 	New trial (rep=0, index=23): {'picture': 'images/33.png', 'corrAns': None}
158.3859 	EXP 	clock_2: autoDraw = False
158.3859 	EXP 	fixation_2: autoDraw = False
158.3859 	EXP 	text_2: autoDraw = False
158.3859 	EXP 	clock_2: image = 'images/33.png'
158.3859 	EXP 	clock_2: autoDraw = True
158.3859 	EXP 	fixation_2: autoDraw = True
158.3859 	EXP 	text_2: autoDraw = True
159.3890 	EXP 	clock_2: autoDraw = False
160.3269 	EXP 	New trial (rep=0, index=24): {'picture': 'images/34.png', 'corrAns': None}
160.3812 	EXP 	clock_2: autoDraw = False
160.3812 	EXP 	fixation_2: autoDraw = False
160.3812 	EXP 	text_2: autoDraw = False
160.3812 	EXP 	clock_2: image = 'images/34.png'
160.3812 	EXP 	clock_2: autoDraw = True
160.3812 	EXP 	fixation_2: autoDraw = True
160.3812 	EXP 	text_2: autoDraw = True
161.3820 	EXP 	clock_2: autoDraw = False
162.3271 	EXP 	New trial (rep=0, index=25): {'picture': 'images/36.png', 'corrAns': 'space'}
162.3932 	EXP 	clock_2: autoDraw = False
162.3932 	EXP 	fixation_2: autoDraw = False
162.3932 	EXP 	text_2: autoDraw = False
162.3932 	EXP 	clock_2: image = 'images/36.png'
162.3932 	EXP 	clock_2: autoDraw = True
162.3932 	EXP 	fixation_2: autoDraw = True
162.3932 	EXP 	text_2: autoDraw = True
163.3961 	EXP 	clock_2: autoDraw = False
164.3267 	EXP 	New trial (rep=0, index=26): {'picture': 'images/37.png', 'corrAns': None}
164.3810 	EXP 	clock_2: autoDraw = False
164.3810 	EXP 	fixation_2: autoDraw = False
164.3810 	EXP 	text_2: autoDraw = False
164.3810 	EXP 	clock_2: image = 'images/37.png'
164.3810 	EXP 	clock_2: autoDraw = True
164.3810 	EXP 	fixation_2: autoDraw = True
164.3810 	EXP 	text_2: autoDraw = True
165.3819 	EXP 	clock_2: autoDraw = False
166.3267 	EXP 	New trial (rep=0, index=27): {'picture': 'images/38.png', 'corrAns': None}
166.3826 	EXP 	clock_2: autoDraw = False
166.3826 	EXP 	fixation_2: autoDraw = False
166.3826 	EXP 	text_2: autoDraw = False
166.3826 	EXP 	clock_2: image = 'images/38.png'
166.3826 	EXP 	clock_2: autoDraw = True
166.3826 	EXP 	fixation_2: autoDraw = True
166.3826 	EXP 	text_2: autoDraw = True
167.3821 	EXP 	clock_2: autoDraw = False
168.3267 	EXP 	New trial (rep=0, index=28): {'picture': 'images/40.png', 'corrAns': 'space'}
168.3812 	EXP 	clock_2: autoDraw = False
168.3812 	EXP 	fixation_2: autoDraw = False
168.3812 	EXP 	text_2: autoDraw = False
168.3812 	EXP 	clock_2: image = 'images/40.png'
168.3812 	EXP 	clock_2: autoDraw = True
168.3812 	EXP 	fixation_2: autoDraw = True
168.3812 	EXP 	text_2: autoDraw = True
169.3817 	EXP 	clock_2: autoDraw = False
170.3277 	EXP 	New trial (rep=0, index=29): {'picture': 'images/41.png', 'corrAns': None}
170.3857 	EXP 	clock_2: autoDraw = False
170.3857 	EXP 	fixation_2: autoDraw = False
170.3857 	EXP 	text_2: autoDraw = False
170.3857 	EXP 	clock_2: image = 'images/41.png'
170.3857 	EXP 	clock_2: autoDraw = True
170.3857 	EXP 	fixation_2: autoDraw = True
170.3857 	EXP 	text_2: autoDraw = True
171.3893 	EXP 	clock_2: autoDraw = False
172.3354 	EXP 	New trial (rep=0, index=30): {'picture': 'images/42.png', 'corrAns': None}
172.4158 	EXP 	clock_2: autoDraw = False
172.4158 	EXP 	fixation_2: autoDraw = False
172.4158 	EXP 	text_2: autoDraw = False
172.4158 	EXP 	clock_2: image = 'images/42.png'
172.4158 	EXP 	clock_2: autoDraw = True
172.4158 	EXP 	fixation_2: autoDraw = True
172.4158 	EXP 	text_2: autoDraw = True
173.4166 	EXP 	clock_2: autoDraw = False
174.3266 	EXP 	New trial (rep=0, index=31): {'picture': 'images/44.png', 'corrAns': 'space'}
174.3838 	EXP 	clock_2: autoDraw = False
174.3838 	EXP 	fixation_2: autoDraw = False
174.3838 	EXP 	text_2: autoDraw = False
174.3838 	EXP 	clock_2: image = 'images/44.png'
174.3838 	EXP 	clock_2: autoDraw = True
174.3838 	EXP 	fixation_2: autoDraw = True
174.3838 	EXP 	text_2: autoDraw = True
175.3885 	EXP 	clock_2: autoDraw = False
176.3267 	EXP 	New trial (rep=0, index=32): {'picture': 'images/45.png', 'corrAns': None}
176.3811 	EXP 	clock_2: autoDraw = False
176.3811 	EXP 	fixation_2: autoDraw = False
176.3811 	EXP 	text_2: autoDraw = False
176.3811 	EXP 	clock_2: image = 'images/45.png'
176.3811 	EXP 	clock_2: autoDraw = True
176.3811 	EXP 	fixation_2: autoDraw = True
176.3811 	EXP 	text_2: autoDraw = True
177.3991 	EXP 	clock_2: autoDraw = False
178.3267 	EXP 	New trial (rep=0, index=33): {'picture': 'images/46.png', 'corrAns': None}
178.3814 	EXP 	clock_2: autoDraw = False
178.3814 	EXP 	fixation_2: autoDraw = False
178.3814 	EXP 	text_2: autoDraw = False
178.3814 	EXP 	clock_2: image = 'images/46.png'
178.3814 	EXP 	clock_2: autoDraw = True
178.3814 	EXP 	fixation_2: autoDraw = True
178.3814 	EXP 	text_2: autoDraw = True
179.3818 	EXP 	clock_2: autoDraw = False
180.3267 	EXP 	New trial (rep=0, index=34): {'picture': 'images/48.png', 'corrAns': 'space'}
180.3820 	EXP 	clock_2: autoDraw = False
180.3820 	EXP 	fixation_2: autoDraw = False
180.3820 	EXP 	text_2: autoDraw = False
180.3820 	EXP 	clock_2: image = 'images/48.png'
180.3820 	EXP 	clock_2: autoDraw = True
180.3820 	EXP 	fixation_2: autoDraw = True
180.3820 	EXP 	text_2: autoDraw = True
181.3821 	EXP 	clock_2: autoDraw = False
182.3290 	EXP 	New trial (rep=0, index=35): {'picture': 'images/49.png', 'corrAns': None}
182.3879 	EXP 	clock_2: autoDraw = False
182.3879 	EXP 	fixation_2: autoDraw = False
182.3879 	EXP 	text_2: autoDraw = False
182.3879 	EXP 	clock_2: image = 'images/49.png'
182.3879 	EXP 	clock_2: autoDraw = True
182.3879 	EXP 	fixation_2: autoDraw = True
182.3879 	EXP 	text_2: autoDraw = True
183.3884 	EXP 	clock_2: autoDraw = False
184.3263 	EXP 	New trial (rep=0, index=36): {'picture': 'images/50.png', 'corrAns': None}
184.3817 	EXP 	clock_2: autoDraw = False
184.3817 	EXP 	fixation_2: autoDraw = False
184.3817 	EXP 	text_2: autoDraw = False
184.3817 	EXP 	clock_2: image = 'images/50.png'
184.3817 	EXP 	clock_2: autoDraw = True
184.3817 	EXP 	fixation_2: autoDraw = True
184.3817 	EXP 	text_2: autoDraw = True
185.3946 	EXP 	clock_2: autoDraw = False
186.3263 	EXP 	New trial (rep=0, index=37): {'picture': 'images/51.png', 'corrAns': None}
186.3814 	EXP 	clock_2: autoDraw = False
186.3814 	EXP 	fixation_2: autoDraw = False
186.3814 	EXP 	text_2: autoDraw = False
186.3814 	EXP 	clock_2: image = 'images/51.png'
186.3814 	EXP 	clock_2: autoDraw = True
186.3814 	EXP 	fixation_2: autoDraw = True
186.3814 	EXP 	text_2: autoDraw = True
187.3819 	EXP 	clock_2: autoDraw = False
188.3335 	EXP 	New trial (rep=0, index=38): {'picture': 'images/52.png', 'corrAns': None}
188.3907 	EXP 	clock_2: autoDraw = False
188.3907 	EXP 	fixation_2: autoDraw = False
188.3907 	EXP 	text_2: autoDraw = False
188.3907 	EXP 	clock_2: image = 'images/52.png'
188.3907 	EXP 	clock_2: autoDraw = True
188.3907 	EXP 	fixation_2: autoDraw = True
188.3907 	EXP 	text_2: autoDraw = True
189.4117 	EXP 	clock_2: autoDraw = False
190.3260 	EXP 	New trial (rep=0, index=39): {'picture': 'images/54.png', 'corrAns': 'space'}
190.3805 	EXP 	clock_2: autoDraw = False
190.3805 	EXP 	fixation_2: autoDraw = False
190.3805 	EXP 	text_2: autoDraw = False
190.3805 	EXP 	clock_2: image = 'images/54.png'
190.3805 	EXP 	clock_2: autoDraw = True
190.3805 	EXP 	fixation_2: autoDraw = True
190.3805 	EXP 	text_2: autoDraw = True
191.3818 	EXP 	clock_2: autoDraw = False
192.3263 	EXP 	New trial (rep=0, index=40): {'picture': 'images/55.png', 'corrAns': None}
192.3820 	EXP 	clock_2: autoDraw = False
192.3820 	EXP 	fixation_2: autoDraw = False
192.3820 	EXP 	text_2: autoDraw = False
192.3820 	EXP 	clock_2: image = 'images/55.png'
192.3820 	EXP 	clock_2: autoDraw = True
192.3820 	EXP 	fixation_2: autoDraw = True
192.3820 	EXP 	text_2: autoDraw = True
193.3883 	EXP 	clock_2: autoDraw = False
194.3267 	EXP 	New trial (rep=0, index=41): {'picture': 'images/57.png', 'corrAns': 'space'}
194.3871 	EXP 	clock_2: autoDraw = False
194.3871 	EXP 	fixation_2: autoDraw = False
194.3871 	EXP 	text_2: autoDraw = False
194.3871 	EXP 	clock_2: image = 'images/57.png'
194.3871 	EXP 	clock_2: autoDraw = True
194.3871 	EXP 	fixation_2: autoDraw = True
194.3871 	EXP 	text_2: autoDraw = True
195.3885 	EXP 	clock_2: autoDraw = False
196.3269 	EXP 	New trial (rep=0, index=42): {'picture': 'images/58.png', 'corrAns': None}
196.3828 	EXP 	clock_2: autoDraw = False
196.3828 	EXP 	fixation_2: autoDraw = False
196.3828 	EXP 	text_2: autoDraw = False
196.3828 	EXP 	clock_2: image = 'images/58.png'
196.3828 	EXP 	clock_2: autoDraw = True
196.3828 	EXP 	fixation_2: autoDraw = True
196.3828 	EXP 	text_2: autoDraw = True
197.3885 	EXP 	clock_2: autoDraw = False
198.3270 	EXP 	New trial (rep=0, index=43): {'picture': 'images/59.png', 'corrAns': None}
198.3854 	EXP 	clock_2: autoDraw = False
198.3854 	EXP 	fixation_2: autoDraw = False
198.3854 	EXP 	text_2: autoDraw = False
198.3854 	EXP 	clock_2: image = 'images/59.png'
198.3854 	EXP 	clock_2: autoDraw = True
198.3854 	EXP 	fixation_2: autoDraw = True
198.3854 	EXP 	text_2: autoDraw = True
199.3885 	EXP 	clock_2: autoDraw = False
200.3266 	EXP 	New trial (rep=0, index=44): {'picture': 'images/60.png', 'corrAns': None}
200.3817 	EXP 	clock_2: autoDraw = False
200.3817 	EXP 	fixation_2: autoDraw = False
200.3817 	EXP 	text_2: autoDraw = False
200.3817 	EXP 	clock_2: image = 'images/60.png'
200.3817 	EXP 	clock_2: autoDraw = True
200.3817 	EXP 	fixation_2: autoDraw = True
200.3817 	EXP 	text_2: autoDraw = True
201.3814 	EXP 	clock_2: autoDraw = False
202.3327 	EXP 	clock_2: autoDraw = False
202.3327 	EXP 	fixation_2: autoDraw = False
202.3327 	EXP 	text_2: autoDraw = False
202.3327 	EXP 	duration: autoDraw = True
202.3327 	EXP 	text_4: autoDraw = True
204.9749 	DATA 	Keypress: 2
205.0792 	DATA 	Keypress: space
205.1768 	DATA 	Keypress: m
205.3298 	DATA 	Keypress: i
205.4058 	DATA 	Keypress: n
205.5513 	DATA 	Keypress: u
205.8635 	DATA 	Keypress: t
206.0032 	DATA 	Keypress: e
206.1700 	DATA 	Keypress: s
207.2137 	DATA 	Keypress: up
207.2151 	EXP 	duration: autoDraw = False
207.2151 	EXP 	text_4: autoDraw = False
207.2151 	EXP 	skips: autoDraw = True
207.2151 	EXP 	text_5: autoDraw = True
209.9136 	DATA 	Keypress: 1
210.0931 	DATA 	Keypress: 0
210.5097 	DATA 	Keypress: lshift
210.9341 	DATA 	Keypress: up
210.9484 	EXP 	skips: autoDraw = False
210.9484 	EXP 	text_5: autoDraw = False
210.9484 	EXP 	slider: markerPos = None
210.9484 	EXP 	slider: markerPos = None
210.9484 	EXP 	slider: autoDraw = True
210.9484 	EXP 	text_3: autoDraw = True
212.4738 	DATA 	Mouse: Left button down, pos=(771,275)
212.4805 	EXP 	slider: markerPos = 3.9250000000000003
212.4873 	EXP 	slider: markerPos = 3.9250000000000003
212.4944 	EXP 	slider: markerPos = 3.9250000000000003
212.5013 	EXP 	slider: markerPos = 3.9250000000000003
212.5082 	EXP 	slider: markerPos = 3.9250000000000003
212.5151 	EXP 	slider: markerPos = 3.9250000000000003
212.5220 	EXP 	slider: markerPos = 3.9250000000000003
212.5292 	EXP 	slider: markerPos = 3.9250000000000003
212.5361 	EXP 	slider: markerPos = 3.9250000000000003
212.5430 	EXP 	slider: markerPos = 3.9250000000000003
212.5499 	EXP 	slider: markerPos = 3.9250000000000003
212.5568 	EXP 	slider: markerPos = 3.9250000000000003
212.5638 	EXP 	slider: markerPos = 3.9250000000000003
212.5709 	EXP 	slider: markerPos = 3.9250000000000003
212.5781 	EXP 	slider: markerPos = 3.9250000000000003
212.5850 	EXP 	slider: markerPos = 3.9250000000000003
212.5920 	EXP 	slider: markerPos = 3.9250000000000003
212.5990 	EXP 	slider: markerPos = 3.9250000000000003
212.6058 	EXP 	slider: markerPos = 3.9250000000000003
212.6125 	EXP 	slider: markerPos = 3.9250000000000003
212.6192 	EXP 	slider: markerPos = 3.9250000000000003
212.6260 	EXP 	slider: markerPos = 3.9250000000000003
212.6329 	EXP 	slider: markerPos = 3.9250000000000003
212.6398 	EXP 	slider: markerPos = 3.9250000000000003
212.6468 	EXP 	slider: markerPos = 3.9250000000000003
212.6535 	EXP 	slider: markerPos = 3.9250000000000003
212.6602 	EXP 	slider: markerPos = 3.9250000000000003
212.6672 	EXP 	slider: markerPos = 3.9250000000000003
212.6739 	EXP 	slider: markerPos = 3.9250000000000003
212.6805 	EXP 	slider: markerPos = 3.9250000000000003
212.6875 	EXP 	slider: markerPos = 3.9250000000000003
212.6942 	EXP 	slider: markerPos = 3.9250000000000003
212.7012 	EXP 	slider: markerPos = 3.9250000000000003
212.7079 	EXP 	slider: markerPos = 3.9250000000000003
212.7151 	EXP 	slider: markerPos = 3.9250000000000003
212.7222 	EXP 	slider: markerPos = 3.9250000000000003
212.7294 	EXP 	slider: markerPos = 3.9250000000000003
212.7361 	EXP 	slider: markerPos = 3.9250000000000003
212.7427 	EXP 	slider: markerPos = 3.9250000000000003
212.7496 	EXP 	slider: markerPos = 3.9250000000000003
212.7564 	EXP 	slider: markerPos = 3.9250000000000003
212.7635 	EXP 	slider: markerPos = 3.9250000000000003
212.7704 	EXP 	slider: markerPos = 3.9250000000000003
212.7773 	EXP 	slider: markerPos = 3.9250000000000003
212.7842 	EXP 	slider: markerPos = 3.9250000000000003
212.7918 	EXP 	slider: markerPos = 3.9250000000000003
212.7991 	EXP 	slider: markerPos = 3.9250000000000003
212.8063 	EXP 	slider: markerPos = 3.95
212.8140 	EXP 	slider: markerPos = 3.975
212.8211 	EXP 	slider: markerPos = 4.0
212.8284 	EXP 	slider: markerPos = 4.041666666666666
212.8352 	EXP 	slider: markerPos = 4.083333333333333
212.8422 	EXP 	slider: markerPos = 4.133333333333333
212.8490 	EXP 	slider: markerPos = 4.183333333333334
212.8595 	EXP 	slider: markerPos = 4.241666666666666
212.8672 	EXP 	slider: markerPos = 4.291666666666666
212.8751 	EXP 	slider: markerPos = 4.341666666666667
212.8823 	EXP 	slider: markerPos = 4.375
212.8894 	EXP 	slider: markerPos = 4.4
212.8962 	EXP 	slider: markerPos = 4.441666666666666
212.9034 	EXP 	slider: markerPos = 4.491666666666667
212.9102 	EXP 	slider: markerPos = 4.516666666666667
212.9173 	EXP 	slider: markerPos = 4.558333333333334
212.9242 	EXP 	slider: markerPos = 4.583333333333333
212.9312 	EXP 	slider: markerPos = 4.616666666666667
212.9382 	EXP 	slider: markerPos = 4.65
212.9452 	EXP 	slider: markerPos = 4.683333333333334
212.9526 	EXP 	slider: markerPos = 4.708333333333334
212.9595 	EXP 	slider: markerPos = 4.733333333333333
212.9665 	EXP 	slider: markerPos = 4.75
212.9735 	EXP 	slider: markerPos = 4.775
212.9804 	EXP 	slider: markerPos = 4.791666666666666
212.9873 	EXP 	slider: markerPos = 4.8
212.9941 	EXP 	slider: markerPos = 4.808333333333334
213.0012 	EXP 	slider: markerPos = 4.808333333333334
213.0082 	EXP 	slider: markerPos = 4.816666666666666
213.0150 	EXP 	slider: markerPos = 4.816666666666666
213.0219 	EXP 	slider: markerPos = 4.816666666666666
213.0293 	EXP 	slider: markerPos = 4.816666666666666
213.0369 	EXP 	slider: markerPos = 4.808333333333334
213.0440 	EXP 	slider: markerPos = 4.8
213.0549 	EXP 	slider: markerPos = 4.783333333333333
213.0622 	EXP 	slider: markerPos = 4.775
213.0702 	EXP 	slider: markerPos = 4.741666666666667
213.0774 	EXP 	slider: markerPos = 4.708333333333334
213.0846 	EXP 	slider: markerPos = 4.65
213.0930 	EXP 	slider: markerPos = 4.566666666666666
213.1033 	EXP 	slider: markerPos = 4.275
213.1104 	EXP 	slider: markerPos = 4.016666666666667
213.1178 	EXP 	slider: markerPos = 3.7333333333333334
213.1252 	EXP 	slider: markerPos = 3.408333333333333
213.1321 	EXP 	slider: markerPos = 3.041666666666667
213.1394 	EXP 	slider: markerPos = 2.675
213.1464 	EXP 	slider: markerPos = 2.275
213.1532 	EXP 	slider: markerPos = 1.9250000000000003
213.1602 	EXP 	slider: markerPos = 1.6333333333333333
213.1675 	EXP 	slider: markerPos = 1.3916666666666666
213.1743 	EXP 	slider: markerPos = 1.041666666666667
213.1817 	EXP 	slider: markerPos = 0.8249999999999996
213.1888 	EXP 	slider: markerPos = 0.725
213.1959 	EXP 	slider: markerPos = 0.6166666666666664
213.2030 	EXP 	slider: markerPos = 0.5333333333333337
213.2102 	EXP 	slider: markerPos = 0.47499999999999987
213.2174 	EXP 	slider: markerPos = 0.441666666666667
213.2281 	EXP 	slider: markerPos = 0.4083333333333331
213.2353 	EXP 	slider: markerPos = 0.3750000000000002
213.2425 	EXP 	slider: markerPos = 0.36666666666666625
213.2500 	EXP 	slider: markerPos = 0.3583333333333333
213.2571 	EXP 	slider: markerPos = 0.3500000000000003
213.2643 	EXP 	slider: markerPos = 0.3500000000000003
213.2714 	EXP 	slider: markerPos = 0.34166666666666634
213.2789 	EXP 	slider: markerPos = 0.33333333333333337
213.2859 	EXP 	slider: markerPos = 0.33333333333333337
213.2929 	EXP 	slider: markerPos = 0.33333333333333337
213.2999 	EXP 	slider: markerPos = 0.33333333333333337
213.3069 	EXP 	slider: markerPos = 0.33333333333333337
213.3139 	EXP 	slider: markerPos = 0.33333333333333337
213.3208 	EXP 	slider: markerPos = 0.33333333333333337
213.3277 	EXP 	slider: markerPos = 0.33333333333333337
213.3347 	EXP 	slider: markerPos = 0.33333333333333337
213.3417 	EXP 	slider: markerPos = 0.33333333333333337
213.3489 	EXP 	slider: markerPos = 0.33333333333333337
213.3559 	EXP 	slider: markerPos = 0.33333333333333337
213.3630 	EXP 	slider: markerPos = 0.33333333333333337
213.3701 	EXP 	slider: markerPos = 0.33333333333333337
213.3772 	EXP 	slider: markerPos = 0.33333333333333337
213.3877 	EXP 	slider: markerPos = 0.33333333333333337
213.3948 	EXP 	slider: markerPos = 0.33333333333333337
213.4024 	EXP 	slider: markerPos = 0.33333333333333337
213.4101 	EXP 	slider: markerPos = 0.33333333333333337
213.4170 	EXP 	slider: markerPos = 0.33333333333333337
213.4240 	EXP 	slider: markerPos = 0.33333333333333337
213.4311 	EXP 	slider: markerPos = 0.33333333333333337
213.4383 	EXP 	slider: markerPos = 0.33333333333333337
213.4454 	EXP 	slider: markerPos = 0.33333333333333337
213.4525 	EXP 	slider: markerPos = 0.33333333333333337
213.4595 	EXP 	slider: markerPos = 0.33333333333333337
213.4667 	EXP 	slider: markerPos = 0.33333333333333337
213.4738 	EXP 	slider: markerPos = 0.33333333333333337
213.4807 	EXP 	slider: markerPos = 0.33333333333333337
213.4878 	EXP 	slider: markerPos = 0.33333333333333337
213.4951 	EXP 	slider: markerPos = 0.33333333333333337
213.5024 	EXP 	slider: markerPos = 0.34166666666666634
213.5128 	EXP 	slider: markerPos = 0.3750000000000002
213.5198 	EXP 	slider: markerPos = 0.4083333333333331
213.5279 	EXP 	slider: markerPos = 0.4666666666666669
213.5346 	EXP 	slider: markerPos = 0.5833333333333335
213.5420 	EXP 	slider: markerPos = 0.708333333333333
213.5494 	EXP 	slider: markerPos = 1.0499999999999998
213.5566 	EXP 	slider: markerPos = 1.25
213.5638 	EXP 	slider: markerPos = 1.45
213.5711 	EXP 	slider: markerPos = 1.6500000000000001
213.5784 	EXP 	slider: markerPos = 1.8833333333333333
213.5858 	EXP 	slider: markerPos = 2.1166666666666663
213.5960 	EXP 	slider: markerPos = 2.3
213.6034 	EXP 	slider: markerPos = 2.5333333333333337
213.6106 	EXP 	slider: markerPos = 2.8083333333333336
213.6188 	EXP 	slider: markerPos = 3.191666666666667
213.6258 	EXP 	slider: markerPos = 3.333333333333334
213.6328 	EXP 	slider: markerPos = 3.4416666666666664
213.6401 	EXP 	slider: markerPos = 3.525
213.6470 	EXP 	slider: markerPos = 3.6166666666666667
213.6541 	EXP 	slider: markerPos = 3.6833333333333336
213.6611 	EXP 	slider: markerPos = 3.7333333333333334
213.6684 	EXP 	slider: markerPos = 3.7583333333333333
213.6755 	EXP 	slider: markerPos = 3.7916666666666665
213.6830 	EXP 	slider: markerPos = 3.816666666666667
213.6936 	EXP 	slider: markerPos = 3.825
213.7006 	EXP 	slider: markerPos = 3.841666666666667
213.7078 	EXP 	slider: markerPos = 3.8499999999999996
213.7156 	EXP 	slider: markerPos = 3.8499999999999996
213.7227 	EXP 	slider: markerPos = 3.8499999999999996
213.7300 	EXP 	slider: markerPos = 3.8583333333333334
213.7372 	EXP 	slider: markerPos = 3.8583333333333334
213.7443 	EXP 	slider: markerPos = 3.8666666666666667
213.7517 	EXP 	slider: markerPos = 3.875
213.7589 	EXP 	slider: markerPos = 3.8833333333333333
213.7664 	EXP 	slider: markerPos = 3.8916666666666666
213.7767 	EXP 	slider: markerPos = 3.8999999999999995
213.7837 	EXP 	slider: markerPos = 3.9166666666666665
213.7912 	EXP 	slider: markerPos = 3.9333333333333336
213.7990 	EXP 	slider: markerPos = 3.9416666666666664
213.8061 	EXP 	slider: markerPos = 3.9583333333333335
213.8136 	EXP 	slider: markerPos = 3.9916666666666663
213.8205 	EXP 	slider: markerPos = 4.016666666666667
213.8276 	EXP 	slider: markerPos = 4.041666666666666
213.8346 	EXP 	slider: markerPos = 4.058333333333334
213.8420 	EXP 	slider: markerPos = 4.058333333333334
213.8532 	EXP 	slider: markerPos = 4.1
213.8606 	EXP 	slider: markerPos = 4.125
213.8702 	EXP 	slider: markerPos = 4.15
213.8810 	EXP 	slider: markerPos = 4.183333333333334
213.8887 	EXP 	slider: markerPos = 4.241666666666666
213.8962 	EXP 	slider: markerPos = 4.266666666666667
213.9040 	EXP 	slider: markerPos = 4.300000000000001
213.9158 	EXP 	slider: markerPos = 4.316666666666666
213.9232 	EXP 	slider: markerPos = 4.333333333333333
213.9308 	EXP 	slider: markerPos = 4.341666666666667
213.9384 	EXP 	slider: markerPos = 4.341666666666667
213.9460 	EXP 	slider: markerPos = 4.35
213.9575 	EXP 	slider: markerPos = 4.35
213.9648 	EXP 	slider: markerPos = 4.35
213.9723 	EXP 	slider: markerPos = 4.35
213.9798 	EXP 	slider: markerPos = 4.35
213.9878 	EXP 	slider: markerPos = 4.35
213.9990 	EXP 	slider: markerPos = 4.35
214.0061 	EXP 	slider: markerPos = 4.341666666666667
214.0121 	DATA 	Mouse:  Left button up, pos=(821,174)
214.0141 	EXP 	slider: markerPos = 4.341666666666667
214.0215 	EXP 	slider: markerPos = 4.341666666666667
214.0314 	EXP 	slider: autoDraw = False
214.0314 	EXP 	text_3: autoDraw = False
214.0314 	EXP 	suggestions: autoDraw = True
214.0314 	EXP 	text_6: autoDraw = True
215.7810 	DATA 	Keypress: lshift
215.9339 	DATA 	Keypress: y
216.0721 	DATA 	Keypress: e
216.2594 	DATA 	Keypress: s
217.0579 	DATA 	Keypress: comma
217.2386 	DATA 	Keypress: space
218.1764 	DATA 	Keypress: lshift
219.3922 	DATA 	Keypress: lshift
219.4676 	DATA 	Keypress: m
219.7248 	DATA 	Keypress: y
219.9191 	DATA 	Keypress: space
220.0308 	DATA 	Keypress: b
220.1342 	DATA 	Keypress: u
220.2877 	DATA 	Keypress: t
220.6212 	DATA 	Keypress: t
221.5579 	DATA 	Keypress: space
221.8565 	DATA 	Keypress: backspace
221.9816 	DATA 	Keypress: backspace
222.0995 	DATA 	Keypress: backspace
222.2249 	DATA 	Keypress: backspace
222.3636 	DATA 	Keypress: backspace
222.4954 	DATA 	Keypress: backspace
223.3286 	DATA 	Keypress: backspace
223.4749 	DATA 	Keypress: backspace
223.8012 	DATA 	Keypress: lshift
224.3570 	DATA 	Keypress: b
224.5514 	DATA 	Keypress: u
224.6764 	DATA 	Keypress: t
224.8355 	DATA 	Keypress: space
225.0024 	DATA 	Keypress: lshift
225.1205 	DATA 	Keypress: i
225.2732 	DATA 	Keypress: space
225.6689 	DATA 	Keypress: h
225.7804 	DATA 	Keypress: a
225.9813 	DATA 	Keypress: t
226.1422 	DATA 	Keypress: e
226.3914 	DATA 	Keypress: space
226.4539 	DATA 	Keypress: t
226.6554 	DATA 	Keypress: h
226.8082 	DATA 	Keypress: e
226.9539 	DATA 	Keypress: space
227.0440 	DATA 	Keypress: semicolon
227.1974 	DATA 	Keypress: e
227.3499 	DATA 	Keypress: n
227.7318 	DATA 	Keypress: backspace
227.8293 	DATA 	Keypress: backspace
227.9326 	DATA 	Keypress: backspace
228.3362 	DATA 	Keypress: l
228.4609 	DATA 	Keypress: e
228.6203 	DATA 	Keypress: n
228.7667 	DATA 	Keypress: g
229.0231 	DATA 	Keypress: t
229.1834 	DATA 	Keypress: h
229.4961 	DATA 	Keypress: return
230.1340 	DATA 	Keypress: up
230.1447 	EXP 	suggestions: autoDraw = False
230.1447 	EXP 	text_6: autoDraw = False
230.1447 	EXP 	thank_you: autoDraw = True
231.3136 	DATA 	Keypress: up
233.1450 	EXP 	thank_you: autoDraw = False
233.1450 	EXP 	thank_you: autoDraw = False
233.1452 	EXP 	clock: status = STOPPED
233.2156 	EXP 	window1: mouseVisible = True
